C51 COMPILER V9.60.7.0   SEG                                                               05/31/2024 14:13:01 PAGE 1   


C51 COMPILER V9.60.7.0, COMPILATION OF MODULE SEG
OBJECT MODULE PLACED IN .\Objects\seg.obj
COMPILER INVOKED BY: D:\Keil5\C51\BIN\C51.EXE seg.c OPTIMIZE(8,SPEED) BROWSE DEBUG OBJECTEXTEND PRINT(.\Listings\seg.lst
                    -) OBJECT(.\Objects\seg.obj)

line level    source

   1          #include <STC15F2K60S2.H>
   2          
   3          unsigned char code SMG[]={
   4          0xc0, //0
   5          0xf9, //1
   6          0xa4, //2
   7          0xb0, //3
   8          0x99, //4
   9          0x92, //5
  10          0x82, //6
  11          0xf8, //7
  12          0x80, //8
  13          0x90, //9
  14          0xff,
  15          0xbf,
  16          0xc6, //C
  17          0x86, //E
  18          0x8c, //P
  19          };
  20          unsigned char code wei[8]={0x01,0x02,0x04,0x08,0x10,0x20,0x40,0x80};
  21          
  22          void Seg_Display(unsigned char i,j,k)
  23          {
  24   1              P0=0xff;
  25   1              P2=P2&0x1f|0xe0;
  26   1              P2=P2&0x1f;
  27   1              
  28   1              P0=wei[i];
  29   1              P2=P2&0x1f|0xc0;
  30   1              P2=P2&0x1f;
  31   1              
  32   1              P0=SMG[j];
  33   1              if(k)
  34   1                      P0&=0x7f;
  35   1              P2=P2&0x1f|0xe0;
  36   1              P2=P2&0x1f;
  37   1              
  38   1      }


MODULE INFORMATION:   STATIC OVERLAYABLE
   CODE SIZE        =     65    ----
   CONSTANT SIZE    =     23    ----
   XDATA SIZE       =   ----    ----
   PDATA SIZE       =   ----    ----
   DATA SIZE        =   ----    ----
   IDATA SIZE       =   ----    ----
   BIT SIZE         =   ----    ----
END OF MODULE INFORMATION.


C51 COMPILATION COMPLETE.  0 WARNING(S),  0 ERROR(S)
