C51 COMPILER V9.60.7.0   MAIN                                                              03/05/2024 21:59:43 PAGE 1   


C51 COMPILER V9.60.7.0, COMPILATION OF MODULE MAIN
OBJECT MODULE PLACED IN .\Objects\main.obj
COMPILER INVOKED BY: D:\Keil5\C51\BIN\C51.EXE main.c OPTIMIZE(8,SPEED) BROWSE DEBUG OBJECTEXTEND PRINT(.\Listings\main.l
                    -st) OBJECT(.\Objects\main.obj)

line level    source

   1          #include <STC15F2K60S2.H>
   2          #include "iic.h"
   3          #include "onewire.h"
   4          #include "ds1302.h"
   5          #include "key.h"
   6          #include "seg.h"
   7          #include "led.h"
   8          typedef unsigned char u8;
   9          typedef unsigned int u16;
  10          
  11          u8 kval,kdown,kold,kslow;
  12          u8 seg[8]={10,10,10,10,10,10,10,10};
  13          u8 pot[8]={0,0,0,0,0,0,0,0};
  14          u8 led[8]={0,0,0,0,0,0,0,0};
  15          u8 pos,segslow;
  16          u8 mode;
  17          u8 time[3]={0x10,0x00,0x00};
  18          float t;
  19          u8 tempt=23;
  20          bit cmode=0;
  21          u8 leddelay;
  22          u8 relayflag;
  23          bit l1flag=0;
  24          u16 l1delay;
  25          void Key_Pro()
  26          {
  27   1              if(kslow) return ;
  28   1              kslow=1;
  29   1              kval=Key_Read();
  30   1              kdown=kval&(kold^kval);
  31   1              kold=kval;
  32   1              switch(kdown)
  33   1              {
  34   2                      case 12:
  35   2                              if(++mode==3) mode=0;
  36   2                              break;
  37   2                      case 13:
  38   2                              cmode^=1;
  39   2                              break;
  40   2                      case 9:
  41   2                              if(cmode==0&&mode==2)
  42   2                              {
  43   3                                      if(++tempt>=100) tempt=99;
  44   3                              }
  45   2                              if(kval==9&&mode==1&&cmode==1)
  46   2                              {
  47   3                                      mode=4;
  48   3                              }
  49   2                              break;
  50   2                      case 8:
  51   2                              if(cmode==0&&mode==2)
  52   2                              {
  53   3                                      if(--tempt==9) tempt=10;
  54   3                              }
C51 COMPILER V9.60.7.0   MAIN                                                              03/05/2024 21:59:43 PAGE 2   

  55   2                              break;
  56   2              }
  57   1              
  58   1      }
  59          void Seg_Pro()
  60          {
  61   1              if(segslow) return ;
  62   1              segslow=1;
  63   1              t=rd_t();
  64   1              Read_Rtc(time);
  65   1              if(mode==4&&kval!=9)
  66   1                              mode=1;
  67   1              switch(mode)
  68   1              {
  69   2                      case 0:
  70   2                              seg[0]=12;
  71   2                              seg[1]=mode+1;
  72   2                              seg[3]=10;
  73   2                              seg[4]=10;
  74   2                              seg[5]=(u8)t/10;
  75   2                              seg[6]=(u8)t%10;
  76   2                              seg[7]=(u16)(t*10)%10;
  77   2                              pot[6]=1;
  78   2                              break;
  79   2                      case 1:
  80   2                              seg[0]=12;
  81   2                              seg[1]=mode+1;
  82   2                              seg[3]=time[0]/16;
  83   2                              seg[4]=time[0]%16;
  84   2                              seg[5]=11;
  85   2                              seg[6]=time[1]/16;
  86   2                              seg[7]=time[1]%16;
  87   2                              pot[6]=0;
  88   2                              break;
  89   2                      case 2:
  90   2                              seg[0]=12;
  91   2                              seg[1]=mode+1;
  92   2                              seg[3]=10;
  93   2                              seg[4]=10;
  94   2                              seg[5]=10;
  95   2                              seg[6]=tempt/10;
  96   2                              seg[7]=tempt%10;
  97   2                              pot[6]=0;
  98   2                              break;
  99   2                      case 4:
 100   2                              seg[0]=12;
 101   2                              seg[1]=2;
 102   2                              seg[3]=time[1]/16;
 103   2                              seg[4]=time[1]%16;
 104   2                              seg[5]=11;
 105   2                              seg[6]=time[2]/16;
 106   2                              seg[7]=time[2]%16;
 107   2                              pot[6]=0;
 108   2                              break;
 109   2              }
 110   1      }
 111          
 112          void Led_Pro()
 113          {
 114   1              if(t>(float)tempt)
 115   1                      relayflag=1;
 116   1              else
C51 COMPILER V9.60.7.0   MAIN                                                              03/05/2024 21:59:43 PAGE 3   

 117   1              {
 118   2                      led[2]=0;
 119   2                      relayflag=0;
 120   2                      leddelay=0;
 121   2              }
 122   1              if(time[1]==0x00&&time[2]==0x00)
 123   1                      l1flag=1;
 124   1              led[1]=(cmode==0);
 125   1              
 126   1      }
 127          void Timer0_Init(void)          //1毫秒@12.000MHz
 128          {
 129   1              AUXR &= 0x7F;                   //定时器时钟12T模式
 130   1              TMOD &= 0xF0;                   //设置定时器模式
 131   1              TL0 = 0x18;                             //设置定时初始值
 132   1              TH0 = 0xFC;                             //设置定时初始值
 133   1              TF0 = 0;                                //清除TF0标志
 134   1              TR0 = 1;                                //定时器0开始计时
 135   1              ET0=1;
 136   1              EA=1;
 137   1      }
 138          
 139          void Timer0_Service() interrupt 1
 140          {
 141   1              if(++kslow==10) kslow=0;
 142   1              if(++segslow==500) segslow=0;
 143   1              if(++pos==8) pos=0;
 144   1              Seg_Display(pos,seg[pos],pot[pos]);
 145   1              Led_Display(pos,led[pos]);
 146   1              Relay(relayflag);
 147   1              Beep(0);
 148   1              if(relayflag) 
 149   1              {
 150   2                      if(++leddelay==100)
 151   2                      {
 152   3                              led[2]=~led[2];
 153   3                              leddelay=0;
 154   3                      }
 155   2              }
 156   1              if(l1flag)
 157   1              {
 158   2                      led[0]=1;
 159   2                      if(relayflag==0)
 160   2                              Relay(l1flag);
 161   2                      if(++l1delay==5000)
 162   2                      {
 163   3                              led[0]=0;
 164   3                              l1flag=0;
 165   3                              l1delay=0;
 166   3                      }
 167   2              }
 168   1      }
 169          void sysinit()
 170          {
 171   1              P0=0xff;
 172   1              P2=P2&0x1f|0x80;
 173   1              P2=P2&0x1f;
 174   1              
 175   1              P0=0x00;
 176   1              P2=P2&0x1f|0xa0;
 177   1              P2=P2&0x1f;
 178   1      }
C51 COMPILER V9.60.7.0   MAIN                                                              03/05/2024 21:59:43 PAGE 4   

 179          void Delay750ms()               //@11.0592MHz
 180          {
 181   1              unsigned char i, j, k;
 182   1      
 183   1              i = 32;
 184   1              j = 133;
 185   1              k = 87;
 186   1              do
 187   1              {
 188   2                      do
 189   2                      {
 190   3                              while (--k);
 191   3                      } while (--j);
 192   2              } while (--i);
 193   1      }
 194          
 195          int main()
 196          {
 197   1              sysinit();
 198   1              rd_t();
 199   1              Delay750ms();
 200   1              Timer0_Init();
 201   1              Set_Rtc(time);
 202   1              while(1)
 203   1              {
 204   2                      Led_Pro();
 205   2                      Key_Pro();
 206   2                      Seg_Pro();
 207   2                      
 208   2                      
 209   2              }
 210   1      }


MODULE INFORMATION:   STATIC OVERLAYABLE
   CODE SIZE        =    711    ----
   CONSTANT SIZE    =   ----    ----
   XDATA SIZE       =   ----    ----
   PDATA SIZE       =   ----    ----
   DATA SIZE        =     43    ----
   IDATA SIZE       =   ----    ----
   BIT SIZE         =      2    ----
END OF MODULE INFORMATION.


C51 COMPILATION COMPLETE.  0 WARNING(S),  0 ERROR(S)
