C51 COMPILER V9.60.7.0   MAIN                                                              02/22/2024 15:32:52 PAGE 1   


C51 COMPILER V9.60.7.0, COMPILATION OF MODULE MAIN
OBJECT MODULE PLACED IN .\Objects\main.obj
COMPILER INVOKED BY: D:\Keil5\C51\BIN\C51.EXE main.c OPTIMIZE(8,SPEED) BROWSE DEBUG OBJECTEXTEND PRINT(.\Listings\main.l
                    -st) OBJECT(.\Objects\main.obj)

line level    source

   1          #include <STC15F2K60S2.H>
   2          #include "iic.h"
   3          
   4          typedef unsigned char u8;
   5          typedef unsigned int u16;
   6          u8 code SMG[]= {0xc0, 0xf9, 0xa4, 0xb0, 0x99, 0x92, 0x82, 0xf8, 0x80, 0x90, 0xbf};
   7          sbit S4= P3^3;
   8          u8 flag=0;
   9          void Delay(u16 xms)             //@12.000MHz
  10          {
  11   1              while(xms--)
  12   1              {
  13   2                      unsigned char i, j;
  14   2      
  15   2                      i = 12;
  16   2                      j = 169;
  17   2                      do
  18   2                      {
  19   3                              while (--j);
  20   3                      } while (--i);
  21   2              }
  22   1      }
  23          
  24          void InitHC138(u8 n)
  25          {
  26   1              switch(n)
  27   1              {
  28   2                      case 0: P2=(P2&0x1F)|0x00; break;
  29   2                      case 4: P2=(P2&0x1F)|0x80; break;
  30   2                      case 5: P2=(P2&0x1F)|0xA0; break;
  31   2                      case 6: P2=(P2&0x1F)|0xC0; break;
  32   2                      case 7: P2=(P2&0x1F)|0xE0; break;
  33   2              }
  34   1      }
  35          void ShowSMG(u8 val,u8 pos)
  36          {
  37   1              InitHC138(6);
  38   1              P0=0x01<<pos;
  39   1              InitHC138(7);
  40   1              P0=val;
  41   1              Delay(2);
  42   1              P0=0xFF;
  43   1      }
  44          u8 temp;
  45          void Display()
  46          {
  47   1              switch(flag)
  48   1              {
  49   2                      case 0 :
  50   2                              temp=Ad_Read(0x01);
  51   2                              ShowSMG(SMG[10],0);
  52   2                              ShowSMG(SMG[1],1);
  53   2                              ShowSMG(SMG[10],2);
  54   2                              ShowSMG(SMG[temp/100],5);
C51 COMPILER V9.60.7.0   MAIN                                                              02/22/2024 15:32:52 PAGE 2   

  55   2                              ShowSMG(SMG[temp/10%10],6);
  56   2                              ShowSMG(SMG[temp%10],7);
  57   2                              break;
  58   2                      case  1 :
  59   2                              temp=Ad_Read(0x03);
  60   2                              ShowSMG(SMG[10],0);
  61   2                              ShowSMG(SMG[3],1);
  62   2                              ShowSMG(SMG[10],2);
  63   2                              ShowSMG(SMG[temp/100],5);
  64   2                              ShowSMG(SMG[temp/10%10],6);
  65   2                              ShowSMG(SMG[temp%10],7);
  66   2                              break;
  67   2      
  68   2              }
  69   1      }
  70          void DelaySMG(u16 t)
  71          {
  72   1              while(t--);
  73   1      }
  74          void ScanKey()
  75          {
  76   1              if(S4==0)
  77   1              {
  78   2                      DelaySMG(100);
  79   2                      if(S4==0)
  80   2                      {
  81   3                              if(flag==0)
  82   3                              {
  83   4                                      while(S4==0)
  84   4                                      {
  85   5                                              Display();
  86   5                                      }
  87   4                                      flag=1;
  88   4                              }
  89   3                              else if(flag==1)
  90   3                              {
  91   4                                      while(S4==0)
  92   4                                      {
  93   5                                              Display();
  94   5                                      }
  95   4                                      flag=0;
  96   4                              }
  97   3                      }
  98   2              }
  99   1      }
 100          void main()
 101          {
 102   1              InitHC138(4);
 103   1              P0=0xFF;
 104   1              while(1)
 105   1              {
 106   2                      ScanKey();
 107   2                      Display();
 108   2              }
 109   1      }


MODULE INFORMATION:   STATIC OVERLAYABLE
   CODE SIZE        =    305    ----
   CONSTANT SIZE    =     11    ----
   XDATA SIZE       =   ----    ----
   PDATA SIZE       =   ----    ----
C51 COMPILER V9.60.7.0   MAIN                                                              02/22/2024 15:32:52 PAGE 3   

   DATA SIZE        =      2       2
   IDATA SIZE       =   ----    ----
   BIT SIZE         =   ----    ----
END OF MODULE INFORMATION.


C51 COMPILATION COMPLETE.  0 WARNING(S),  0 ERROR(S)
