C51 COMPILER V9.60.7.0   SEG                                                               05/30/2024 22:23:00 PAGE 1   


C51 COMPILER V9.60.7.0, COMPILATION OF MODULE SEG
OBJECT MODULE PLACED IN .\Objects\seg.obj
COMPILER INVOKED BY: D:\Keil5\C51\BIN\C51.EXE seg.c OPTIMIZE(8,SPEED) BROWSE DEBUG OBJECTEXTEND PRINT(.\Listings\seg.lst
                    -) OBJECT(.\Objects\seg.obj)

line level    source

   1          #include <STC15F2K60S2.H>
   2          unsigned char code SMG[]={
   3          0xc0, //0
   4          0xf9, //1
   5          0xa4, //2
   6          0xb0, //3
   7          0x99, //4
   8          0x92, //5
   9          0x82, //6
  10          0xf8, //7
  11          0x80, //8
  12          0x90, //9
  13          0xff,
  14          0xbf,
  15          0xc7, //L
  16          0xc6, //C
  17          0x8e, //F
  18          0x89, //H
  19          0xfe,
  20          0xf7,
  21          0x8c, //P
  22          };
  23          unsigned char code wei[8]={0x01,0x02,0x04,0x08,0x10,0x20,0x40,0x80};
  24          
  25          void Seg_Display(unsigned char i,j,k)
  26          {
  27   1              P0=0xff;
  28   1              P2=P2&0x1f|0xe0;
  29   1              P2=P2&0x1f;
  30   1              
  31   1              P0=wei[i];
  32   1              P2=P2&0x1f|0xc0;
  33   1              P2=P2&0x1f;
  34   1              
  35   1              P0=SMG[j];
  36   1              if(k)
  37   1                      P0&=0x7f;
  38   1              P2=P2&0x1f|0xe0;
  39   1              P2=P2&0x1f;
  40   1      }


MODULE INFORMATION:   STATIC OVERLAYABLE
   CODE SIZE        =     65    ----
   CONSTANT SIZE    =     27    ----
   XDATA SIZE       =   ----    ----
   PDATA SIZE       =   ----    ----
   DATA SIZE        =   ----    ----
   IDATA SIZE       =   ----    ----
   BIT SIZE         =   ----    ----
END OF MODULE INFORMATION.


C51 COMPILATION COMPLETE.  0 WARNING(S),  0 ERROR(S)
