C51 COMPILER V9.60.7.0   MAIN                                                              04/05/2024 21:37:42 PAGE 1   


C51 COMPILER V9.60.7.0, COMPILATION OF MODULE MAIN
OBJECT MODULE PLACED IN .\Objects\main.obj
COMPILER INVOKED BY: D:\Keil5\C51\BIN\C51.EXE main.c OPTIMIZE(8,SPEED) BROWSE DEBUG OBJECTEXTEND PRINT(.\Listings\main.l
                    -st) OBJECT(.\Objects\main.obj)

line level    source

   1          #include <STC15F2K60S2.H>
   2          #include "ds1302.h"
   3          #include "iic.h"
   4          #include "key.h"
   5          #include "seg.h"
   6          #include "led.h"
   7          #include <stdio.h>
   8          
   9          typedef unsigned char u8;
  10          typedef unsigned int u16;
  11          
  12          u8 kval,kslow,kdown,kold;
  13          u8 segslow,pos;
  14          u8 seg[8]={10,10,10,10,10,10,10,10};
  15          u8 pot[8]={0,0,0,0,0,0,0,0};
  16          u8 led[8]={0,0,0,0,0,0,0,0};
  17          u8 time[3]={0x23,0x09,0x59};
  18          u8 mode;
  19          u8 arr[4];
  20          u8 arr_pos;
  21          u8 code key_map[19]={0,0,0,0,0,0,1,0,8,5,2,0,9,6,3,0,10,7,4};
  22          u8 start_t[2];
  23          u8 hsave,msave;
  24          u8 dat=0;
  25          u16 save;
  26          u8 high,low;
  27          bit flag=0;
  28          bit saveflag=0;
  29          void Key_Pro()
  30          {
  31   1              if(kslow) return ;
  32   1              kslow=1;
  33   1              kval=Key_Read();
  34   1              kdown=kval&(kval^kold);
  35   1              kold=kval;
  36   1              
  37   1              switch(kdown)
  38   1              {
  39   2                      case 4:
  40   2                              if(++mode==3) 
  41   2                              {
  42   3                                      mode=0,arr[0]=10,arr[1]=10,arr[2]=10,arr[3]=10,arr_pos=0,save=0,flag=0,saveflag=0;
  43   3                              }
  44   2                              break;
  45   2                      case 5:
  46   2                              if(mode==1)
  47   2                              {arr[0]=10,arr[1]=10,arr[2]=10,arr[3]=10,arr_pos=0,save=0,flag=0;}
  48   2                              break;
  49   2              }
  50   1              if(key_map[kdown]&&mode==1)
  51   1              {
  52   2                      if(!flag)
  53   2                      {
  54   3                              start_t[0]=time[0];
C51 COMPILER V9.60.7.0   MAIN                                                              04/05/2024 21:37:42 PAGE 2   

  55   3                              start_t[1]=time[1];
  56   3                              flag=1;
  57   3                      }
  58   2                      if(arr_pos<4)
  59   2                              arr[arr_pos++]=key_map[kdown]-1;
  60   2              }
  61   1      }
  62          void Save_data()
  63          {
  64   1              
  65   1      }
  66          void Seg_Pro()
  67          {
  68   1              char i;
  69   1              u16 temp=0;
  70   1              if(segslow) return ;
  71   1              segslow=1;
  72   1              Read_Rtc(time);
  73   1              if(mode==2)
  74   1              {
  75   2                      hsave=(start_t[0]/16)*10+start_t[0]%16;
  76   2                      msave=(start_t[1]/16)*10+start_t[1]%16;
  77   2                              Write(0,hsave);
  78   2                              Write(1,msave);
  79   2                              high=save/256;
  80   2                              low=save%256;
  81   2                              Write(2,high);
  82   2                              Write(3,low);
  83   2              }
  84   1              switch(mode)
  85   1              {
  86   2                      case 0:
  87   2                              seg[0]=time[0]/16;
  88   2                              seg[1]=time[0]%16;
  89   2                              seg[2]=11;
  90   2                              seg[3]=time[1]/16;
  91   2                              seg[4]=time[1]%16;
  92   2                              seg[5]=11;
  93   2                              seg[6]=time[2]/16;
  94   2                              seg[7]=time[2]%16;
  95   2                              break;
  96   2                      case 1:
  97   2                              seg[0]=12;
  98   2                              seg[1]=10;
  99   2                              seg[2]=10;
 100   2                              seg[3]=10;
 101   2                              for(i=0;i<arr_pos;i++)
 102   2                                      temp=temp*10+arr[i];
 103   2                              seg[4]=arr_pos<4?10:temp/1000;
 104   2                              seg[5]=arr_pos<3?10:temp/100%10;
 105   2                              seg[6]=arr_pos<2?10:temp/10%10;
 106   2                              seg[7]=arr_pos<1?10:temp%10;
 107   2                              save=temp;
 108   2                              break;
 109   2                      case 2:
 110   2                              seg[0]=13;
 111   2                              seg[1]=10;
 112   2                              seg[2]=10;
 113   2                              seg[3]=start_t[0]/16;
 114   2                              seg[4]=start_t[0]%16;
 115   2                              seg[5]=11;
 116   2                              seg[6]=start_t[1]/16;
C51 COMPILER V9.60.7.0   MAIN                                                              04/05/2024 21:37:42 PAGE 3   

 117   2                              seg[7]=start_t[1]%16;
 118   2                              break;
 119   2              }
 120   1              
 121   1      }
 122          
 123          void Led_Pro()
 124          {
 125   1              led[0]=(mode==0);
 126   1              led[1]=(mode==1);
 127   1              led[2]=(mode==2);
 128   1      }
 129          void Timer0_Init(void)          //1毫秒@12.000MHz
 130          {
 131   1              AUXR &= 0x7F;                   //定时器时钟12T模式
 132   1              TMOD &= 0xF0;                   //设置定时器模式
 133   1              TL0 = 0x18;                             //设置定时初始值
 134   1              TH0 = 0xFC;                             //设置定时初始值
 135   1              TF0 = 0;                                //清除TF0标志
 136   1              TR0 = 1;                                //定时器0开始计时
 137   1              ET0=1;
 138   1              EA=1;
 139   1      }
 140          
 141          void Timer0_Service() interrupt 1
 142          {
 143   1              if(++kslow==10) kslow=0;
 144   1              if(++segslow==500) return ;
 145   1              if(++pos==8) pos=0;
 146   1              Seg_Display(pos,seg[pos],pot[pos]);
 147   1              Led_Display(pos,led[pos]);
 148   1      }
 149          
 150          void sysinit()
 151          {
 152   1              P0=0xff;
 153   1              P2=P2&0x1f|0x80;
 154   1              P0=0x00;
 155   1              P2=P2&0x1f|0xa0;
 156   1              P2=P2&0x1f;
 157   1      }
 158          void main()
 159          {
 160   1              sysinit();
 161   1              Set_Rtc(time);
 162   1              start_t[0]=Read(0)/10*16+Read(0)%10;
 163   1              start_t[1]=Read(1)/10*16+Read(1)%10;
 164   1              Timer0_Init();
 165   1              while(1)
 166   1              {
 167   2                      Key_Pro();
 168   2                      Seg_Pro();
 169   2                      Led_Pro();
 170   2                      
 171   2              }
 172   1      }


MODULE INFORMATION:   STATIC OVERLAYABLE
   CODE SIZE        =    820    ----
   CONSTANT SIZE    =     19    ----
   XDATA SIZE       =   ----    ----
C51 COMPILER V9.60.7.0   MAIN                                                              04/05/2024 21:37:42 PAGE 4   

   PDATA SIZE       =   ----    ----
   DATA SIZE        =     48       2
   IDATA SIZE       =   ----    ----
   BIT SIZE         =      2    ----
END OF MODULE INFORMATION.


C51 COMPILATION COMPLETE.  0 WARNING(S),  0 ERROR(S)
