C51 COMPILER V9.60.7.0   SEG                                                               03/07/2024 20:11:47 PAGE 1   


C51 COMPILER V9.60.7.0, COMPILATION OF MODULE SEG
OBJECT MODULE PLACED IN .\Objects\seg.obj
COMPILER INVOKED BY: D:\Keil5\C51\BIN\C51.EXE seg.c OPTIMIZE(8,SPEED) BROWSE DEBUG OBJECTEXTEND PRINT(.\Listings\seg.lst
                    -) OBJECT(.\Objects\seg.obj)

line level    source

   1          #include <STC15F2K60S2.H>
   2          
   3          unsigned char code SMG[]={0xc0,0xf9,0xa4,0xb0,0x99,0x92,0x82,0xf8,0x80,0x90,0xff,0xbf,0x88,0x8c,0x86};
   4          unsigned char code wei[8]={0x01,0x02,0x04,0x08,0x10,0x20,0x40,0x80};
   5          
   6          void Seg_Display(unsigned char i,j,k)
   7          {
   8   1              P0=0xff;
   9   1              P2=P2&0x1f|0xe0;
  10   1              P2=P2&0x1f;
  11   1              
  12   1              P0=wei[i];
  13   1              P2=P2&0x1f|0xc0;
  14   1              P2=P2&0x1f;
  15   1              
  16   1              P0=SMG[j];
  17   1              if(k)
  18   1                      P0&=0x7f;
  19   1              P2=P2&0x1f|0xe0;
  20   1              P2=P2&0x1f;
  21   1      }


MODULE INFORMATION:   STATIC OVERLAYABLE
   CODE SIZE        =     65    ----
   CONSTANT SIZE    =     23    ----
   XDATA SIZE       =   ----    ----
   PDATA SIZE       =   ----    ----
   DATA SIZE        =   ----    ----
   IDATA SIZE       =   ----    ----
   BIT SIZE         =   ----    ----
END OF MODULE INFORMATION.


C51 COMPILATION COMPLETE.  0 WARNING(S),  0 ERROR(S)
