C51 COMPILER V9.60.7.0   MAIN                                                              02/25/2024 11:02:58 PAGE 1   


C51 COMPILER V9.60.7.0, COMPILATION OF MODULE MAIN
OBJECT MODULE PLACED IN .\Objects\main.obj
COMPILER INVOKED BY: D:\Keil5\C51\BIN\C51.EXE main.c OPTIMIZE(8,SPEED) BROWSE DEBUG OBJECTEXTEND PRINT(.\Listings\main.l
                    -st) OBJECT(.\Objects\main.obj)

line level    source

   1          #include <STC15F2K60S2.H>
   2          #include "iic.h"
   3          
   4          typedef unsigned char u8;
*** ERROR C127 IN LINE 4 OF main.c: 'u8': invalid storage class
   5          typedef unsigned int u16;
*** ERROR C127 IN LINE 5 OF main.c: 'u16': invalid storage class
   6          
   7          /*void InitHC138(u8 n)
   8          {
   9                  switch(n)
  10                  {
  11                          
  12                  }
  13          }*/
  14          
  15          void main()
  16          {
*** ERROR C132 IN LINE 16 OF main.c: 'main': not in formal parameter list
*** ERROR C141 IN LINE 16 OF main.c: syntax error near '{', expected ';'
  17                  while(1)
  18                  {
  19                  
  20                  }
  21          }

C51 COMPILATION COMPLETE.  0 WARNING(S),  4 ERROR(S)
