C51 COMPILER V9.60.7.0   MAIN                                                              04/06/2024 00:39:57 PAGE 1   


C51 COMPILER V9.60.7.0, COMPILATION OF MODULE MAIN
OBJECT MODULE PLACED IN .\Objects\main.obj
COMPILER INVOKED BY: D:\Keil5\C51\BIN\C51.EXE main.c OPTIMIZE(8,SPEED) BROWSE DEBUG OBJECTEXTEND PRINT(.\Listings\main.l
                    -st) OBJECT(.\Objects\main.obj)

line level    source

   1          #include <STC15F2K60S2.H>
   2          #include "ultrasound.h"
   3          #include "key.h"
   4          #include "seg.h"
   5          #include "led.h"
   6          #include "uart.h"
   7          
   8          typedef unsigned char u8;
   9          typedef unsigned int u16;
  10          u8 kval,kslow,kold,kdown;
  11          u8 segslow,pos;
  12          u8 seg[8]={10,10,10,10,10,10,10,10};
  13          u8 pot[8]={0,0,0,0,0,0,0,0};
  14          u8 led[8]={0,0,0,0,0,0,0,0};
  15          u8 mode;
  16          u16 dis,pdis=30;
  17          u8 uslow;
  18          u8 recv[10];
  19          u8 recvindex;
  20          u8 usend[8];
  21          u8 str[20]="Distance:";
  22          bit flag=0;
  23          u8 delay;
  24          //123
  25          void myitoa()
  26          {
  27   1              if(dis>=100)
  28   1              {
  29   2                      str[9]=dis/100+'0';
  30   2                      str[10]=dis/10%10+'0';
  31   2                      str[11]=dis%10+'0';
  32   2                      str[12]='c';
  33   2                      str[13]='m';
  34   2                      str[14]='\0';
  35   2              }
  36   1              else if(dis>=10&&dis<=99)
  37   1              {
  38   2                      str[9]=dis/10+'0';
  39   2                      str[10]=dis%10+'0';
  40   2                      str[11]='c';
  41   2                      str[12]='m';
  42   2                      str[13]='\0';
  43   2              }
  44   1              else
  45   1              {
  46   2                      str[9]=dis+'0';
  47   2                      str[10]='c';
  48   2                      str[11]='m';
  49   2                      str[12]='\0';
  50   2              }
  51   1      }
  52          void Key_Pro()
  53          {
  54   1              if(kslow) return;
C51 COMPILER V9.60.7.0   MAIN                                                              04/06/2024 00:39:57 PAGE 2   

  55   1              kslow=1;
  56   1              kval=Key_Read();
  57   1              kdown=kval&(kval^kold);
  58   1              kold=kval;
  59   1              switch(kdown)
  60   1              {
  61   2                      case 4:
  62   2                              if(++mode==2) mode=0;
  63   2                              break;
  64   2                      case 8:
  65   2                              if(mode==0) pdis=dis;
  66   2                              break;
  67   2                      case 12:
  68   2                              if(mode==1)
  69   2                              {
  70   3                                      pdis+=10;
  71   3                                      if(pdis>999)
  72   3                                              pdis=999;
  73   3                              }
  74   2                              break;
  75   2                      case 16:
  76   2                              if(mode==1)
  77   2                              {
  78   3                                      if(pdis<=10)
  79   3                                              pdis=0;
  80   3                                      else
  81   3                                              pdis-=10;
  82   3                                      
  83   3                              }
  84   2                              break;
  85   2                      case 9:
  86   2                              myitoa();
  87   2                              SendString(str);
  88   2                              break;
  89   2                              
  90   2              }
  91   1      }
  92          void Seg_Pro()
  93          {
  94   1              if(segslow) return;
  95   1              segslow=1;
  96   1              dis=Ut_Wave_Data();
  97   1              switch(mode)
  98   1              {
  99   2                      case 0:
 100   2                              seg[0]=11;
 101   2                              seg[1]=1;
 102   2                              seg[5]=dis/100==0?10:dis/100;
 103   2                              seg[6]=dis/100==0&&dis/10%10==0?10:dis/10%10;
 104   2                              seg[7]=dis%10;
 105   2                              break;
 106   2                      case 1:
 107   2                              seg[0]=11;
 108   2                              seg[1]=2;
 109   2                              seg[5]=pdis/100==0?10:pdis/100;
 110   2                              seg[6]=pdis/100==0&&pdis/10%10==0?10:pdis/10%10;
 111   2                              seg[7]=pdis%10;
 112   2                              break;
 113   2              }
 114   1      }
 115          void Led_Pro()
 116          {
C51 COMPILER V9.60.7.0   MAIN                                                              04/06/2024 00:39:57 PAGE 3   

 117   1              led[0]=(mode==0);
 118   1              led[1]=(mode==1);
 119   1              if(dis>pdis)
 120   1                      flag^=1;
 121   1              else
 122   1              {
 123   2                      flag^=1;
 124   2                      led[2]=0;
 125   2                      delay=0;
 126   2              }
 127   1              //led[0]=1;
 128   1      }
 129          void Uart_Pro()
 130          {
 131   1              if(uslow) return ;
 132   1              uslow=1;
 133   1      }
 134          void Timer0_Init(void)          //1毫秒@12.000MHz
 135          {
 136   1              AUXR &= 0x7F;                   //定时器时钟12T模式
 137   1              TMOD &= 0xF0;                   //设置定时器模式
 138   1              TL0 = 0x18;                             //设置定时初始值
 139   1              TH0 = 0xFC;                             //设置定时初始值
 140   1              TF0 = 0;                                //清除TF0标志
 141   1              TR0 = 1;                                //定时器0开始计时
 142   1              ET0=1;
 143   1              EA=1;
 144   1      }
 145          
 146          void Timer1_Service() interrupt 1
 147          {
 148   1              if(++kslow==10) kslow=0;
 149   1              if(++segslow==500) segslow=0;
 150   1              if(++pos==8) pos=0;
 151   1              if(++uslow==200) uslow=0;
 152   1              if(flag)
 153   1              {
 154   2                      if(++delay==200)
 155   2                      {
 156   3                              led[2]=~led[2];
 157   3                              delay=0;
 158   3                      }
 159   2              }
 160   1              Seg_Display(pos,seg[pos],pot[pos]);
 161   1              Led(pos,led[pos]);
 162   1      }
 163          void Uart_Server() interrupt 4
 164          {
 165   1              if(RI==1)
 166   1              {
 167   2                      RI=0;
 168   2              }
 169   1              
 170   1      }
 171          void sysinit()
 172          {
 173   1              P0=0xff;
 174   1              P2=P2&0x1f|0x80;
 175   1              P2=P2&0x1f;
 176   1              
 177   1              P0=0x00;
 178   1              P2=P2&0x1f|0xa0;
C51 COMPILER V9.60.7.0   MAIN                                                              04/06/2024 00:39:57 PAGE 4   

 179   1              P2=P2&0x1f;
 180   1      }
 181          void main()
 182          {
 183   1              sysinit();
 184   1              
 185   1              Uart_Init();
 186   1              Timer0_Init();
 187   1              while(1)
 188   1              {
 189   2                      Key_Pro();
 190   2                      Seg_Pro();
 191   2                      Led_Pro();
 192   2                      Uart_Pro();
 193   2              }
 194   1      }


MODULE INFORMATION:   STATIC OVERLAYABLE
   CODE SIZE        =    827    ----
   CONSTANT SIZE    =   ----    ----
   XDATA SIZE       =   ----    ----
   PDATA SIZE       =   ----    ----
   DATA SIZE        =     76    ----
   IDATA SIZE       =   ----    ----
   BIT SIZE         =      1    ----
END OF MODULE INFORMATION.


C51 COMPILATION COMPLETE.  0 WARNING(S),  0 ERROR(S)
