C51 COMPILER V9.60.7.0   UART                                                              04/06/2024 00:39:58 PAGE 1   


C51 COMPILER V9.60.7.0, COMPILATION OF MODULE UART
OBJECT MODULE PLACED IN .\Objects\uart.obj
COMPILER INVOKED BY: D:\Keil5\C51\BIN\C51.EXE uart.c OPTIMIZE(8,SPEED) BROWSE DEBUG OBJECTEXTEND PRINT(.\Listings\uart.l
                    -st) OBJECT(.\Objects\uart.obj)

line level    source

   1          #include <STC15F2K60S2.H>
   2          
   3          void Uart_Init(void)            //9600bps@12.000MHz
   4          {
   5   1              SCON = 0x50;            //8位数据,可变波特率
   6   1              AUXR |= 0x01;           //串口1选择定时器2为波特率发生器
   7   1              AUXR |= 0x04;           //定时器时钟1T模式
   8   1              T2L = 0xC7;                     //设置定时初始值
   9   1              T2H = 0xFE;                     //设置定时初始值
  10   1              AUXR |= 0x10;           //定时器2开始计时
  11   1              ES=1;
  12   1              EA=1;
  13   1      }
  14          
  15          void SendByte(unsigned char dat)
  16          {
  17   1              SBUF=dat;
  18   1              while(TI==0);
  19   1              TI=0;
  20   1      }
  21          
  22          void SendString(unsigned char *str)
  23          {
  24   1              while(*str!='\0')
  25   1                      SendByte(*str++);
  26   1      }
  27          


MODULE INFORMATION:   STATIC OVERLAYABLE
   CODE SIZE        =     68    ----
   CONSTANT SIZE    =   ----    ----
   XDATA SIZE       =   ----    ----
   PDATA SIZE       =   ----    ----
   DATA SIZE        =   ----       3
   IDATA SIZE       =   ----    ----
   BIT SIZE         =   ----    ----
END OF MODULE INFORMATION.


C51 COMPILATION COMPLETE.  0 WARNING(S),  0 ERROR(S)
