C51 COMPILER V9.60.7.0   KEY                                                               02/26/2024 15:52:26 PAGE 1   


C51 COMPILER V9.60.7.0, COMPILATION OF MODULE KEY
OBJECT MODULE PLACED IN .\Objects\Key.obj
COMPILER INVOKED BY: D:\Keil5\C51\BIN\C51.EXE Key.c OPTIMIZE(8,SPEED) BROWSE DEBUG OBJECTEXTEND PRINT(.\Listings\Key.lst
                    -) OBJECT(.\Objects\Key.obj)

line level    source

   1          #include <Key.h>
   2          /*
   3          unsigned char Key_Read()
   4          {
   5                  unsigned char temp = 0;
   6                  P44 = 0;P42 = 1;P35 = 1;P34 = 1;
   7                  if(P33 == 0) temp = 4;
   8                  if(P32 == 0) temp = 5;
   9                  if(P31 == 0) temp = 6;
  10                  if(P30 == 0) temp = 7;
  11                  P44 = 1;P42 = 0;P35 = 1;P34 = 1;
  12                  if(P33 == 0) temp = 8;
  13                  if(P32 == 0) temp = 9;
  14                  if(P31 == 0) temp = 10;
  15                  if(P30 == 0) temp = 11;
  16                  P44 = 1;P42 = 1;P35 = 0;P34 = 1;
  17                  if(P33 == 0) temp = 12;
  18                  if(P32 == 0) temp = 13;
  19                  if(P31 == 0) temp = 14;
  20                  if(P30 == 0) temp = 15;
  21                  P44 = 1;P42 = 1;P35 = 1;P34 = 0;
  22                  if(P33 == 0) temp = 16;
  23                  if(P32 == 0) temp = 17;
  24                  if(P31 == 0) temp = 18;
  25                  if(P30 == 0) temp = 19;
  26                  return temp;
  27          }
  28          */
  29          
  30          unsigned char Key_Read()
  31          {
  32   1              unsigned char temp = 0;
  33   1              if(P33 == 0) temp = 4;
  34   1              if(P32 == 0) temp = 5;
  35   1              if(P31 == 0) temp = 6;
  36   1              if(P30 == 0) temp = 7;
  37   1              return temp;
  38   1      }


MODULE INFORMATION:   STATIC OVERLAYABLE
   CODE SIZE        =     23    ----
   CONSTANT SIZE    =   ----    ----
   XDATA SIZE       =   ----    ----
   PDATA SIZE       =   ----    ----
   DATA SIZE        =   ----    ----
   IDATA SIZE       =   ----    ----
   BIT SIZE         =   ----    ----
END OF MODULE INFORMATION.


C51 COMPILATION COMPLETE.  0 WARNING(S),  0 ERROR(S)
