C51 COMPILER V9.60.7.0   LED                                                               02/26/2024 15:52:26 PAGE 1   


C51 COMPILER V9.60.7.0, COMPILATION OF MODULE LED
OBJECT MODULE PLACED IN .\Objects\Led.obj
COMPILER INVOKED BY: D:\Keil5\C51\BIN\C51.EXE Led.c OPTIMIZE(8,SPEED) BROWSE DEBUG OBJECTEXTEND PRINT(.\Listings\Led.lst
                    -) OBJECT(.\Objects\Led.obj)

line level    source

   1          #include <Led.h>
   2          
   3          void Led_Disp(unsigned char addr,enable)
   4          {
   5   1              static unsigned char temp = 0x00;
   6   1              static unsigned char temp_old = 0xff;
   7   1              if(enable)
   8   1                      temp |= 0x01 << addr;
   9   1              else
  10   1                      temp &= ~(0x01 << addr);
  11   1              if(temp != temp_old)
  12   1              {
  13   2                      P0 = ~temp;
  14   2                      P2 = P2 & 0x1f | 0x80;
  15   2                      P2 &= 0x1f;
  16   2                      temp_old = temp;
  17   2              }
  18   1      }
  19          /*
  20          void Beep(unsigned char flag)
  21          {
  22                  static unsigned char temp = 0x00;
  23                  static unsigned char temp_old = 0xff;
  24                  if(flag)
  25                          temp |= 0x40;
  26                  else
  27                          temp &= ~0x40;
  28                  if(temp != temp_old)
  29                  {
  30                          P0 = temp;
  31                          P2 = P2 & 0x1f | 0xa0;
  32                          P2 &= 0x1f;
  33                          temp_old = temp;                
  34                  }
  35          }
  36          
  37          void Relay(unsigned char flag)
  38          {
  39                  static unsigned char temp = 0x00;
  40                  static unsigned char temp_old = 0xff;
  41                  if(flag)
  42                          temp |= 0x10;
  43                  else
  44                          temp &= ~0x10;
  45                  if(temp != temp_old)
  46                  {
  47                          P0 = temp;
  48                          P2 = P2 & 0x1f | 0xa0;
  49                          P2 &= 0x1f;
  50                          temp_old = temp;                
  51                  }       
  52          }*/


C51 COMPILER V9.60.7.0   LED                                                               02/26/2024 15:52:26 PAGE 2   

MODULE INFORMATION:   STATIC OVERLAYABLE
   CODE SIZE        =     59    ----
   CONSTANT SIZE    =   ----    ----
   XDATA SIZE       =   ----    ----
   PDATA SIZE       =   ----    ----
   DATA SIZE        =      2    ----
   IDATA SIZE       =   ----    ----
   BIT SIZE         =   ----    ----
END OF MODULE INFORMATION.


C51 COMPILATION COMPLETE.  0 WARNING(S),  0 ERROR(S)
