C51 COMPILER V9.60.7.0   LED                                                               03/01/2024 18:43:22 PAGE 1   


C51 COMPILER V9.60.7.0, COMPILATION OF MODULE LED
OBJECT MODULE PLACED IN .\Objects\led.obj
COMPILER INVOKED BY: D:\Keil5\C51\BIN\C51.EXE led.c OPTIMIZE(8,SPEED) BROWSE DEBUG OBJECTEXTEND PRINT(.\Listings\led.lst
                    -) OBJECT(.\Objects\led.obj)

line level    source

   1          #include <STC15F2K60S2.H>
   2          
   3          void Led_Display(unsigned char i,ena)
   4          {
   5   1          static unsigned char j=0x00;
   6   1          static unsigned char k=0xff;
   7   1      
   8   1          if(ena)
   9   1              j|=(0x01<<i);
  10   1          else
  11   1              j&=~(0x01<<i);
  12   1          if(j!=k)
  13   1          {
  14   2              P0=~j;
  15   2              P2=P2&0x1f|0x80;
  16   2              P2=P2&0x1f;
  17   2              k=j;
  18   2          }
  19   1      }


MODULE INFORMATION:   STATIC OVERLAYABLE
   CODE SIZE        =     59    ----
   CONSTANT SIZE    =   ----    ----
   XDATA SIZE       =   ----    ----
   PDATA SIZE       =   ----    ----
   DATA SIZE        =      2    ----
   IDATA SIZE       =   ----    ----
   BIT SIZE         =   ----    ----
END OF MODULE INFORMATION.


C51 COMPILATION COMPLETE.  0 WARNING(S),  0 ERROR(S)
