C51 COMPILER V9.60.7.0   MAIN                                                              03/01/2024 20:23:35 PAGE 1   


C51 COMPILER V9.60.7.0, COMPILATION OF MODULE MAIN
OBJECT MODULE PLACED IN .\Objects\main.obj
COMPILER INVOKED BY: D:\Keil5\C51\BIN\C51.EXE main.c OPTIMIZE(8,SPEED) BROWSE DEBUG OBJECTEXTEND PRINT(.\Listings\main.l
                    -st) OBJECT(.\Objects\main.obj)

line level    source

   1          #include <STC15F2K60S2.H>
   2          #include "iic.h"
   3          #include "key.h"
   4          #include "seg.h"
   5          #include "led.h"
   6          typedef unsigned char u8;
   7          typedef unsigned int u16;
   8          
   9          u8 kval,kold,kdown,kslow;
  10          u8 segslow,pos;
  11          u8 seg[8]={10,10,10,10,10,10,10,10};
  12          u8 pot[8]={0,0,0,0,0,0,0,0};
  13          u8 led[8]={0,0,0,0,0,0,0,0};
  14          u16 fre,fdelay;
  15          u8 mode;
  16          bit segmode=0;
  17          bit ledmode=0;
  18          bit vmode=0;
  19          float v=2.0;
  20          void Key_Pro()
  21          {
  22   1          if(kslow) return ;
  23   1          kslow=1;
  24   1          kval=Key_Read();
  25   1          kdown=kval&(kold^kval);
  26   1          kold=kval;
  27   1          switch(kdown)
  28   1          {
  29   2              case 4:
  30   2                  if(++mode==2) mode=0;
  31   2                  break;
  32   2                      case 5:
  33   2                              vmode^=1;
  34   2                              break;
  35   2                      case 6:
  36   2                              ledmode^=1;
  37   2                              break;
  38   2              case 7:
  39   2                  segmode^=1;
  40   2                  break;
  41   2          }
  42   1      }
  43          void Seg_Pro()
  44          {
  45   1          u8 i=0;
  46   1          u16 tempf;
  47   1          if(segslow) return ;
  48   1          segslow=1;
  49   1              if(vmode)
  50   1                      v=Ad_Read(0x03)/51.0;
  51   1              else
  52   1                      v=2.0;
  53   1              Da_Write(51*v);
  54   1          if(segmode)
C51 COMPILER V9.60.7.0   MAIN                                                              03/01/2024 20:23:35 PAGE 2   

  55   1          {
  56   2                      seg[7]=10;
  57   2                      seg[6]=10;
  58   2                      seg[5]=10;
  59   2                      seg[4]=10;
  60   2                      seg[3]=10;
  61   2                      seg[0]=10;
  62   2                      pot[5]=0;
  63   2          }
  64   1              else
  65   1              {
  66   2                      switch (mode)
  67   2                      {
  68   3                              case 0 :
  69   3                                      tempf=fre;
  70   3                                      seg[0]=12;
  71   3                                      pot[5]=0;
  72   3                                      for(i=7;i>=3;i--)
  73   3                                      {
  74   4                                              if(tempf)
  75   4                                                      seg[i]=tempf%10;
  76   4                                              else
  77   4                                                      seg[i]=10;
  78   4                                              tempf/=10;
  79   4                                      }
  80   3                                      break;
  81   3                              case 1:
  82   3                                      seg[0]=13;
  83   3                                      seg[3]=10;
  84   3                                      seg[4]=10;
  85   3                                      seg[5]=(u8)v;
  86   3                                      seg[6]=(u8)(v*10)%10;
  87   3                                      seg[7]=(u16)(v*100)%10;
  88   3                                      pot[5]=1;
  89   3                                      break;
  90   3                      }
  91   2              }
  92   1      }
  93          void Led_Pro()
  94          {
  95   1              if(ledmode)
  96   1              {
  97   2                      led[0]=0;
  98   2                      led[1]=0;
  99   2                      led[2]=0;
 100   2                      led[3]=0;
 101   2                      led[4]=0;
 102   2              }
 103   1              else
 104   1              {
 105   2                      led[0]=(mode==1);
 106   2                      led[1]=(mode==0);
 107   2                      led[2]=(v>=1.5&&v<2.5)||(v>=3.5);
 108   2                      led[3]=(fre>=1000&&fre<5000)||(fre>=10000);
 109   2              }
 110   1      }
 111          void Timer0_Init(void)          //1毫秒@12.000MHz
 112          {
 113   1              AUXR &= 0x7F;                   //定时器时钟12T模式
 114   1          TMOD |= 0x05;
 115   1              TL0 = 0;                                //设置定时初始值
 116   1              TH0 = 0;                                //设置定时初始值
C51 COMPILER V9.60.7.0   MAIN                                                              03/01/2024 20:23:35 PAGE 3   

 117   1              TF0 = 0;                                //清除TF0标志
 118   1              TR0 = 1;                                //定时器0开始计时
 119   1          ET0=1;
 120   1      }
 121          
 122          void Timer1_Init(void)          //1毫秒@12.000MHz
 123          {
 124   1              AUXR |= 0x40;                   //定时器时钟1T模式
 125   1              TMOD &= 0x0F;                   //设置定时器模式
 126   1              TL1 = 0x20;                             //设置定时初始值
 127   1              TH1 = 0xD1;                             //设置定时初始值
 128   1              TF1 = 0;                                //清除TF1标志
 129   1              TR1 = 1;                                //定时器1开始计时
 130   1          ET1=1;
 131   1          EA=1;
 132   1      }
 133          
 134          void Timer_Service() interrupt 3
 135          {
 136   1          if(++kslow==10) kslow=0;
 137   1          if(++segslow==500) segslow=0;
 138   1          if(++pos==8) pos=0;
 139   1          Seg_Display(pos,seg[pos],pot[pos]);
 140   1          Led_Display(pos,led[pos]);
 141   1          if(++fdelay==1000)
 142   1          {
 143   2              TR0=0;
 144   2              fdelay=0;
 145   2              fre=TH0<<8|TL0;
 146   2              TH0=TL0=0;//别忘了清零
 147   2              TR0=1;
 148   2          }
 149   1      }
 150          void sysinit()
 151          {
 152   1          P0=0xff;
 153   1          P2=P2&0x1f|0x80;
 154   1          P2=P2&0x1f;
 155   1      
 156   1          P0=0x00;
 157   1          P2=P2&0x1f|0xa0;
 158   1          P2=P2&0x1f;
 159   1      }
 160          void main()
 161          {
 162   1          sysinit();
 163   1              Ad_Read(0x03);
 164   1          Timer1_Init();
 165   1          Timer0_Init();
 166   1          while(1)
 167   1          {
 168   2              Key_Pro();
 169   2              Seg_Pro();
 170   2              Led_Pro();
 171   2          }
 172   1      }


MODULE INFORMATION:   STATIC OVERLAYABLE
   CODE SIZE        =    748    ----
   CONSTANT SIZE    =   ----    ----
   XDATA SIZE       =   ----    ----
C51 COMPILER V9.60.7.0   MAIN                                                              03/01/2024 20:23:35 PAGE 4   

   PDATA SIZE       =   ----    ----
   DATA SIZE        =     39       1
   IDATA SIZE       =   ----    ----
   BIT SIZE         =      3    ----
END OF MODULE INFORMATION.


C51 COMPILATION COMPLETE.  0 WARNING(S),  0 ERROR(S)
