C51 COMPILER V9.54   MAIN                                                                  12/01/2023 11:53:20 PAGE 1   


C51 COMPILER V9.54, COMPILATION OF MODULE MAIN
OBJECT MODULE PLACED IN .\Objects\main.obj
COMPILER INVOKED BY: D:\Keli5\C51\BIN\C51.EXE main.c OPTIMIZE(8,SPEED) BROWSE DEBUG OBJECTEXTEND PRINT(.\Listings\main.l
                    -st) OBJECT(.\Objects\main.obj)

line level    source

   1          #include <STC15F2K60S2.H>
   2          #include <INTRINS.H>
   3          
   4          typedef unsigned char u8;
   5          typedef unsigned int u16;
   6          
   7          sbit HC138_A=P2^5;
   8          sbit HC138_B=P2^6;
   9          sbit HC138_C=P2^7;
  10          u8 code SMG[]={0xc0,0xf9,0xa4,0xb0,0x99,0x92,0x82,0xf8,0x80,0x90,0xbf};
  11          void InitHC138(u8 n)
  12          {
  13   1              switch(n)
  14   1              {
  15   2                      case 0: HC138_C=0;HC138_B=0;HC138_A=0;break;
  16   2                      case 1: HC138_C=0;HC138_B=0;HC138_A=1;break;
  17   2                      case 2: HC138_C=0;HC138_B=1;HC138_A=0;break;
  18   2                      case 3: HC138_C=0;HC138_B=1;HC138_A=1;break;
  19   2                      case 4: P2=(P2&0x1f)|0x80;break;
  20   2                      //P2=(P2&0x1f)|0x80;
  21   2                      case 5: P2=(P2&0x1f)|0xa0;break;
  22   2                      case 6: P2=(P2&0x1f)|0xc0;break;
  23   2                      case 7: P2=(P2&0x1f)|0xe0;break;
  24   2              }
  25   1      }
  26          void ShowSMG_Bit(u8 dat,u8 pos)
  27          {
  28   1              InitHC138(6);
  29   1              P0=0x01<<pos;
  30   1              InitHC138(7);
  31   1              P0=dat;
  32   1      }
  33          void Delay(u16 xms)             //@11.0592MHz
  34          {
  35   1              unsigned char i, j;
  36   1              while(xms--)
  37   1              {
  38   2                      _nop_();
  39   2                      i = 2;
  40   2                      j = 199;
  41   2                      do
  42   2                      {
  43   3                              while (--j);
  44   3                      } while (--i);
  45   2              }
  46   1      }
  47          void SMG_Static()
  48          {
  49   1              u8 i,j;
  50   1              for(i=0;i<8;i++)
  51   1              {
  52   2                      for(j=0;j<=10;j++)
  53   2                      {
  54   3                              ShowSMG_Bit(SMG[j],i);
C51 COMPILER V9.54   MAIN                                                                  12/01/2023 11:53:20 PAGE 2   

  55   3                              Delay(1000);
  56   3                      }
  57   2              }
  58   1              for(i=0;i<=10;i++)
  59   1              {
  60   2                      InitHC138(6);
  61   2                      P0=0xFF;
  62   2                      InitHC138(7);
  63   2                      P0=SMG[i];
  64   2                      Delay(1000);
  65   2              }
  66   1      }
  67          void main()
  68          {
  69   1              
  70   1              while(1)
  71   1              {
  72   2                      SMG_Static();
  73   2              }
  74   1      }


MODULE INFORMATION:   STATIC OVERLAYABLE
   CODE SIZE        =    221    ----
   CONSTANT SIZE    =     11    ----
   XDATA SIZE       =   ----    ----
   PDATA SIZE       =   ----    ----
   DATA SIZE        =   ----    ----
   IDATA SIZE       =   ----    ----
   BIT SIZE         =   ----    ----
END OF MODULE INFORMATION.


C51 COMPILATION COMPLETE.  0 WARNING(S),  0 ERROR(S)
