C51 COMPILER V9.60.7.0   MAIN                                                              02/22/2024 16:16:06 PAGE 1   


C51 COMPILER V9.60.7.0, COMPILATION OF MODULE MAIN
OBJECT MODULE PLACED IN .\Objects\main.obj
COMPILER INVOKED BY: D:\Keil5\C51\BIN\C51.EXE main.c OPTIMIZE(8,SPEED) BROWSE DEBUG OBJECTEXTEND PRINT(.\Listings\main.l
                    -st) OBJECT(.\Objects\main.obj)

line level    source

   1          #include <STC15F2K60S2.H>
   2          #include  "iic.h"
   3          
   4          typedef unsigned char u8;
   5          typedef unsigned int u16;
   6          void Delay(u16 xms)             //@12.000MHz
   7          {
   8   1              while(xms--)
   9   1              {
  10   2                      unsigned char i, j;
  11   2      
  12   2                      i = 12;
  13   2                      j = 169;
  14   2                      do
  15   2                      {
  16   3                              while (--j);
  17   3                      } while (--i);
  18   2              }
  19   1      }
  20          u8 code SMG[]={0xc0,0xf9,0xa4,0xb0,0x99,0x92,0x82,0xf8,0x80,0x90};
  21          void InitHC138(u8 n)
  22          {
  23   1              switch(n)
  24   1              {
  25   2                      case 0 : P2=(P2&0x1F)|0x00; break;
  26   2                      case 4 : P2=(P2&0x1F)|0x80; break;
  27   2                      case 5 : P2=(P2&0x1F)|0xA0; break;
  28   2                      case 6 : P2=(P2&0x1F)|0xC0; break;
  29   2                      case 7 : P2=(P2&0x1F)|0xE0; break;
  30   2              }
  31   1      }
  32          void ShowSMG(u8 val,u8 pos)
  33          {
  34   1              InitHC138(6);
  35   1              P0=0x01<<pos;
  36   1              InitHC138(7);
  37   1              P0=val;
  38   1              Delay(2);
  39   1              P0=0xFF;
  40   1      }
  41          float v;
  42          u16 temp;
  43          void DAC()
  44          {
  45   1              
  46   1              v=Ad_Read(0x03)/51.0;
  47   1              temp = v*100;
  48   1              ShowSMG(SMG[temp/100]&0x7f,5);
  49   1              ShowSMG(SMG[temp/10%10],6);
  50   1              ShowSMG(SMG[temp%10],7);
  51   1              
  52   1      }
  53          void main()
  54          {
C51 COMPILER V9.60.7.0   MAIN                                                              02/22/2024 16:16:06 PAGE 2   

  55   1              InitHC138(4);
  56   1              P0=0xFF;
  57   1              while(1)
  58   1              {
  59   2                      DAC();
  60   2              }
  61   1      }


MODULE INFORMATION:   STATIC OVERLAYABLE
   CODE SIZE        =    282    ----
   CONSTANT SIZE    =     10    ----
   XDATA SIZE       =   ----    ----
   PDATA SIZE       =   ----    ----
   DATA SIZE        =      6       2
   IDATA SIZE       =   ----    ----
   BIT SIZE         =   ----    ----
END OF MODULE INFORMATION.


C51 COMPILATION COMPLETE.  0 WARNING(S),  0 ERROR(S)
