C51 COMPILER V9.60.7.0   MAIN                                                              04/05/2024 21:13:07 PAGE 1   


C51 COMPILER V9.60.7.0, COMPILATION OF MODULE MAIN
OBJECT MODULE PLACED IN .\Objects\main.obj
COMPILER INVOKED BY: D:\Keil5\C51\BIN\C51.EXE main.c OPTIMIZE(8,SPEED) BROWSE DEBUG OBJECTEXTEND PRINT(.\Listings\main.l
                    -st) OBJECT(.\Objects\main.obj)

line level    source

   1          #include <STC15F2K60S2.H>
   2          #include "iic.h"
   3          #include "key.h"
   4          #include "seg.h"
   5          #include "led.h"
   6          #include <stdio.h>
   7          
   8          typedef unsigned char u8;
   9          typedef unsigned int u16;
  10          
  11          u8 kval,kslow,kdown,kold;
  12          u8 segslow,pos;
  13          u8 seg[8]={10,10,10,10,10,10,10,10};
  14          u8 pot[8]={0,0,0,0,0,0,0,0};
  15          u8 led[8]={0,0,0,0,0,0,0,0};
  16          u8 time[3]={0x00,0x00,0x00};
  17          u8 mode;
  18          u8 arr[4];
  19          u8 arr_pos;
  20          u8 code key_map[19]={0,0,0,0,0,0,1,0,8,5,2,0,9,6,3,0,10,7,4};
  21          u8 start_t[2];
  22          u8 date[2];
  23          u8 high;
  24          u8 low;
  25          u16 num;
  26          u8 x,y;
  27          void Seg_Pro()
  28          {
  29   1      
  30   1              if(segslow) return ;
  31   1              segslow=1;
  32   1              seg[4]=num/1000;
  33   1              seg[5]=num/100%10;
  34   1              seg[6]=num/10%10;
  35   1              seg[7]=num%10;
  36   1              
  37   1      }
  38          void Led_Pro()
  39          {
  40   1              
  41   1      }
  42          void Timer0_Init(void)          //1毫秒@12.000MHz
  43          {
  44   1              AUXR &= 0x7F;                   //定时器时钟12T模式
  45   1              TMOD &= 0xF0;                   //设置定时器模式
  46   1              TL0 = 0x18;                             //设置定时初始值
  47   1              TH0 = 0xFC;                             //设置定时初始值
  48   1              TF0 = 0;                                //清除TF0标志
  49   1              TR0 = 1;                                //定时器0开始计时
  50   1              ET0=1;
  51   1              EA=1;
  52   1      }
  53          
  54          void Timer0_Service() interrupt 1
C51 COMPILER V9.60.7.0   MAIN                                                              04/05/2024 21:13:07 PAGE 2   

  55          {
  56   1              if(++kslow==10) kslow=0;
  57   1              if(++segslow==500) return ;
  58   1              if(++pos==8) pos=0;
  59   1              Seg_Display(pos,seg[pos],pot[pos]);
  60   1              Led_Display(pos,led[pos]);
  61   1      }
  62          
  63          void sysinit()
  64          {
  65   1              P0=0xff;
  66   1              P2=P2&0x1f|0x80;
  67   1              P0=0x00;
  68   1              P2=P2&0x1f|0xa0;
  69   1              P2=P2&0x1f;
  70   1      }
  71          void Delay10ms()                //@12.000MHz
  72          {
  73   1              unsigned char i, j;
  74   1      
  75   1              i = 117;
  76   1              j = 184;
  77   1              do
  78   1              {
  79   2                      while (--j);
  80   2              } while (--i);
  81   1      }
  82          
  83          void main()
  84          {
  85   1              
  86   1              high=6666/256;
  87   1              low=6666%256;
  88   1              Write_EEPROM(&high,0,1);
  89   1              //Delay10ms();
  90   1              Write_EEPROM(&low,1,1);
  91   1              
  92   1              Read_EEPROM(&x,0,1);
  93   1              Read_EEPROM(&y,1,1);
  94   1              
  95   1              num=(x<<8)|y;
  96   1              sysinit();
  97   1              Timer0_Init();
  98   1              while(1)
  99   1              {
 100   2                      Seg_Pro();
 101   2                      Led_Pro();
 102   2              }
 103   1      }


MODULE INFORMATION:   STATIC OVERLAYABLE
   CODE SIZE        =    340    ----
   CONSTANT SIZE    =     19    ----
   XDATA SIZE       =   ----    ----
   PDATA SIZE       =   ----    ----
   DATA SIZE        =     49    ----
   IDATA SIZE       =   ----    ----
   BIT SIZE         =   ----    ----
END OF MODULE INFORMATION.


C51 COMPILATION COMPLETE.  0 WARNING(S),  0 ERROR(S)
