C51 COMPILER V9.60.7.0   MAIN                                                              05/31/2024 22:28:17 PAGE 1   


C51 COMPILER V9.60.7.0, COMPILATION OF MODULE MAIN
OBJECT MODULE PLACED IN .\Objects\main.obj
COMPILER INVOKED BY: D:\Keil5\C51\BIN\C51.EXE main.c OPTIMIZE(8,SPEED) BROWSE DEBUG OBJECTEXTEND PRINT(.\Listings\main.l
                    -st) OBJECT(.\Objects\main.obj)

line level    source

   1          #include <STC15F2K60S2.H>
   2          #include "onewire.h"
   3          #include "iic.h"
   4          #include "key.h"
   5          #include "led.h"
   6          #include "seg.h"
   7          #include "ultrasound.h"
   8          #include "uart.h"
   9          #include "stdio.h"
  10          #include "string.h"
  11          #include "stdlib.h"
  12          
  13          typedef unsigned char u8;
  14          typedef unsigned int u16;
  15          
  16          u8 kval,kdown,kslow,kold,kup;
  17          u8 pos;
  18          u16 segslow;
  19          u8 seg[8]={10,10,10,10,10,10,10,10};
  20          xdata u8 led[8]={0,0,0,0,0,0,0,0};
  21          xdata u8 pot[8]={0,0,0,0,0,0,0,0};
  22          char sstring[20];
  23          char rstring[10];
  24          u8 index=0;
  25          bit mode=0;
  26          u8 dmode=0,pmode=0;
  27          u8 dis;
  28          float t;
  29          u8 changecnt;
  30          char pt=30,pd=35;
  31          char segt=30,segd=35;
  32          bit daflag=1;
  33          u16 delay1s=0;
  34          bit key12flag=0,key13flag=0;
  35          u8 uartslow=0;
  36          void Key_Pro()
  37          {
  38   1              if(kslow) return ;
  39   1              kslow=1;
  40   1              kval=Key_Read();
  41   1              kdown=kval&(kval^kold);
  42   1              kup=~kval&(kval^kold);
  43   1              kold=kval;
  44   1              if(kdown==12)
  45   1              {
  46   2                      key12flag=1;
  47   2              }else if(kdown==13)
  48   1              {
  49   2                      key13flag=1;
  50   2              }
  51   1              if(kup)
  52   1              {
  53   2                      if(delay1s>=1000)
  54   2                      {
C51 COMPILER V9.60.7.0   MAIN                                                              05/31/2024 22:28:17 PAGE 2   

  55   3                              delay1s=0;
  56   3                              if(key12flag)
  57   3                              {
  58   4                                      key12flag=0;
  59   4                                      changecnt=0;
  60   4                              }
  61   3                              else if(key13flag)
  62   3                              {
  63   4                                      key13flag=0;
  64   4                                      daflag^=1;
  65   4                              }
  66   3                      }
  67   2                      else
  68   2                      {
  69   3                              switch(kup)
  70   3                              {
  71   4                                      case 13:
  72   4                                              if(mode==0)
  73   4                                                      mode=1,pmode=0;
  74   4                                              else
  75   4                                              {
  76   5                                                      mode=0,dmode=0;
  77   5                                                      if(pd!=segd||pt!=segt)
  78   5                                                      {
  79   6                                                              changecnt++;
  80   6                                                              EEPROM_Write(&changecnt,0,1);
  81   6                                                      }
  82   5                                                      pd=segd,pt=segt;
  83   5                                                      
  84   5                                              }
  85   4                                              break;
  86   4                                      case 12:
  87   4                                              key12flag=1;
  88   4                                              delay1s=0;
  89   4                                              if(mode==0)
  90   4                                              {
  91   5                                                      if(++dmode==3) dmode=0;
  92   5                                              }
  93   4                                              else
  94   4                                              {
  95   5                                                      if(++pmode==2) pmode=0;
  96   5                                              }
  97   4                                              break;
  98   4                                      case 16:
  99   4                                              if(mode==1)
 100   4                                              {
 101   5                                                      if(pmode==0)
 102   5                                                      {
 103   6                                                              segt-=2;
 104   6                                                              if(segt<0) segt=0;
 105   6                                                      }
 106   5                                                      else
 107   5                                                      {
 108   6                                                              segd-=5;
 109   6                                                              if(segd<0) segd=0;
 110   6                                                      }
 111   5                                              }
 112   4                                              break;
 113   4                                      case 17:
 114   4                                              if(mode==1)
 115   4                                              {
 116   5                                                      if(pmode==0)
C51 COMPILER V9.60.7.0   MAIN                                                              05/31/2024 22:28:17 PAGE 3   

 117   5                                                      {
 118   6                                                              segt+=2;
 119   6                                                              if(segt>99) segt=99;
 120   6                                                      }
 121   5                                                      else
 122   5                                                      {
 123   6                                                              segd+=5;
 124   6                                                              if(segd>99) segd=99;
 125   6                                                      }
 126   5                                              }
 127   4                                              break;
 128   4                              }
 129   3                      }
 130   2              }
 131   1      }
 132          
 133          void Seg_Pro()
 134          {
 135   1              u8 i;
 136   1              u16 j;
 137   1              if(segslow) return ;
 138   1              segslow=1;
 139   1              t=rd_t();
 140   1              dis=Wave_Data();
 141   1              if(daflag)
 142   1              {
 143   2                      if(dis<=pd)
 144   2                              DA_Write(2*51);
 145   2                      else
 146   2                              DA_Write(4*51);
 147   2              }
 148   1              else
 149   1                      DA_Write(20);
 150   1              if(mode==0)
 151   1              {
 152   2                      seg[1]=seg[2]=seg[3]=seg[4]=seg[5]=seg[6]=10;
 153   2                      pot[5]=0;
 154   2                      switch(dmode)
 155   2                      {
 156   3                              case 0:
 157   3                                      seg[0]=11;
 158   3                                      pot[5]=1;
 159   3                                      seg[4]=(u8)(t)/10;
 160   3                                      seg[5]=(u8)(t)%10;
 161   3                                      seg[6]=(u16)(t*10)%10;
 162   3                                      seg[7]=(u16)(t*100)%10;
 163   3                                      break;
 164   3                              case 1:
 165   3                                      seg[0]=12;
 166   3                                      seg[6]=dis/10;
 167   3                                      seg[7]=dis%10;
 168   3                                      break;
 169   3                              case 2:
 170   3                                      seg[0]=13;
 171   3                                      seg[7]=changecnt%10;
 172   3                                      j=changecnt/10;
 173   3                                      i=6;
 174   3                                      while(j!=0)
 175   3                                      {
 176   4                                              seg[i]=j%10;
 177   4                                              j/=10;
 178   4                                              i--;
C51 COMPILER V9.60.7.0   MAIN                                                              05/31/2024 22:28:17 PAGE 4   

 179   4                                      }
 180   3                                      break;
 181   3                      }
 182   2              }
 183   1              else
 184   1              {
 185   2                      seg[0]=14;
 186   2                      seg[1]=seg[2]=seg[4]=seg[5]=10;
 187   2                      pot[5]=0;
 188   2                      switch(pmode)
 189   2                      {
 190   3                              case 0:
 191   3                                      seg[3]=1;
 192   3                                      seg[6]=segt/10;
 193   3                                      seg[7]=segt%10;
 194   3                                      break;
 195   3                              case 1:
 196   3                                      seg[3]=2;
 197   3                                      seg[6]=segd/10;
 198   3                                      seg[7]=segd%10;
 199   3                                      break;
 200   3                      }
 201   2              }
 202   1      }
 203          
 204          void Led_Pro()
 205          {
 206   1              led[0]=t>pt;
 207   1              led[1]=dis<pd;
 208   1              led[2]=daflag;
 209   1      }
 210          
 211          void Uart_Proc()
 212          {
 213   1              if(uartslow) return ;
 214   1              uartslow=1;
 215   1              if(index>1)
 216   1              {
 217   2                      if(strcmp(rstring,"ST\r\n")==0)
 218   2                      {
 219   3                              sprintf(sstring,"$%2d,%.2f\r\n",(unsigned int)dis,t);
 220   3                              SendString(sstring);
 221   3                      }
 222   2                      else if(strcmp(rstring,"PARA\r\n")==0)
 223   2                      {
 224   3                              sprintf(sstring,"#%d,%d\r\n",(unsigned int)pd,(unsigned int)pt);
 225   3                              SendString(sstring);
 226   3                      }
 227   2                      else
 228   2                      {
 229   3                              sprintf(sstring,"%s","ERROR\r\n");
 230   3                              SendString(sstring);
 231   3                      }
 232   2                      index=0;
 233   2                      memset(rstring,0,10);
 234   2              }
 235   1      }
 236          void Timer0_Init(void)          //1毫秒@12.000MHz
 237          {
 238   1              AUXR &= 0x7F;                   //定时器时钟12T模式
 239   1              TMOD &= 0xF0;                   //设置定时器模式
 240   1              TL0 = 0x18;                             //设置定时初始值
C51 COMPILER V9.60.7.0   MAIN                                                              05/31/2024 22:28:17 PAGE 5   

 241   1              TH0 = 0xFC;                             //设置定时初始值
 242   1              TF0 = 0;                                //清除TF0标志
 243   1              TR0 = 1;                                //定时器0开始计时
 244   1              ET0=1;
 245   1              EA=1;
 246   1      }
 247          
 248          void Timer0_Service() interrupt 1
 249          {
 250   1              if(++kslow==10) kslow=0;
 251   1              if(++segslow==200) segslow=0;
 252   1              if(++pos==8) pos=0;
 253   1              if((key12flag&&kval==12)||(key13flag&&kval==13))
 254   1              {
 255   2                      ++delay1s;
 256   2              }
 257   1              if(++uartslow==100) uartslow=0;
 258   1              Seg_Display(pos,seg[pos],pot[pos]);
 259   1              Led_Display(pos,led[pos]);
 260   1      }
 261          
 262          void sysinit()
 263          {
 264   1              P0=0xff;
 265   1              P2=P2&0x1f|0x80;
 266   1              P0=0x00;
 267   1              P2=P2&0x1f|0xa0;
 268   1              P2=P2&0x1f;
 269   1      }
 270          void Uart1Server() interrupt 4
 271          {
 272   1              if(RI==1)
 273   1              {
 274   2                      rstring[index]=SBUF;
 275   2                      index++;
 276   2                      RI=0;
 277   2              }
 278   1      }
 279          void Delay750ms()               //@12.000MHz
 280          {
 281   1              unsigned char i, j, k;
 282   1              i = 35;
 283   1              j = 51;
 284   1              k = 182;
 285   1              do
 286   1              {
 287   2                      do
 288   2                      {
 289   3                              while (--k);
 290   3                      } while (--j);
 291   2              } while (--i);
 292   1      }
 293          
 294          void main()
 295          {
 296   1              rd_t();
 297   1              EEPROM_Read(&changecnt,0,1);
 298   1              Delay750ms();
 299   1              sysinit();
 300   1              UartInit();
 301   1              
 302   1              Timer0_Init();
C51 COMPILER V9.60.7.0   MAIN                                                              05/31/2024 22:28:17 PAGE 6   

 303   1              while(1)
 304   1              {
 305   2                      Key_Pro();
 306   2                      Seg_Pro();
 307   2                      Led_Pro();
 308   2                      Uart_Proc();
 309   2                      
 310   2              }
 311   1      }


MODULE INFORMATION:   STATIC OVERLAYABLE
   CODE SIZE        =   1196    ----
   CONSTANT SIZE    =     44    ----
   XDATA SIZE       =     16    ----
   PDATA SIZE       =   ----    ----
   DATA SIZE        =     62       2
   IDATA SIZE       =   ----    ----
   BIT SIZE         =      4    ----
END OF MODULE INFORMATION.


C51 COMPILATION COMPLETE.  0 WARNING(S),  0 ERROR(S)
