C51 COMPILER V9.60.7.0   SEG                                                               05/31/2024 22:28:17 PAGE 1   


C51 COMPILER V9.60.7.0, COMPILATION OF MODULE SEG
OBJECT MODULE PLACED IN .\Objects\seg.obj
COMPILER INVOKED BY: D:\Keil5\C51\BIN\C51.EXE seg.c OPTIMIZE(8,SPEED) BROWSE DEBUG OBJECTEXTEND PRINT(.\Listings\seg.lst
                    -) OBJECT(.\Objects\seg.obj)

line level    source

   1          #include <STC15F2K60S2.H>
   2          unsigned char code SMG[]={
   3          0xc0, //0
   4          0xf9, //1
   5          0xa4, //2
   6          0xb0, //3
   7          0x99, //4
   8          0x92, //5
   9          0x82, //6
  10          0xf8, //7
  11          0x80, //8
  12          0x90, //9
  13          0xff,
  14          0xc6, //C
  15          0xc7, //L
  16          0xc8, //N
  17          0x8c, //P
  18          };
  19          unsigned char code wei[8]={0x01,0x02,0x04,0x08,0x10,0x20,0x40,0x80};
  20          
  21          void Seg_Display(unsigned char i,j,k)
  22          {
  23   1              P0=0xff;
  24   1              P2=P2&0x1f|0xe0;
  25   1              P2=P2&0x1f;
  26   1              P0=wei[i];
  27   1              P2=P2&0x1f|0xc0;
  28   1              P2=P2&0x1f;
  29   1              P0=SMG[j];
  30   1              if(k)
  31   1                      P0&=0x7f;
  32   1              P2=P2&0x1f|0xe0;
  33   1              P2=P2&0x1f;
  34   1      }


MODULE INFORMATION:   STATIC OVERLAYABLE
   CODE SIZE        =     65    ----
   CONSTANT SIZE    =     23    ----
   XDATA SIZE       =   ----    ----
   PDATA SIZE       =   ----    ----
   DATA SIZE        =   ----    ----
   IDATA SIZE       =   ----    ----
   BIT SIZE         =   ----    ----
END OF MODULE INFORMATION.


C51 COMPILATION COMPLETE.  0 WARNING(S),  0 ERROR(S)
