C51 COMPILER V9.60.7.0   MAIN                                                              03/09/2024 15:54:29 PAGE 1   


C51 COMPILER V9.60.7.0, COMPILATION OF MODULE MAIN
OBJECT MODULE PLACED IN .\Objects\main.obj
COMPILER INVOKED BY: D:\Keil5\C51\BIN\C51.EXE main.c OPTIMIZE(8,SPEED) BROWSE DEBUG OBJECTEXTEND PRINT(.\Listings\main.l
                    -st) OBJECT(.\Objects\main.obj)

line level    source

   1          #include <STC15F2K60S2.H>
   2          #include "iic.h"
   3          #include "key.h"
   4          #include "seg.h"
   5          #include "led.h"
   6          #include "ultrasonic.h"
   7          typedef unsigned char u8;
   8          typedef unsigned int u16;
   9          
  10          u8 kval,kslow,kdown,kold;
  11          u8 segslow,pos;
  12          u8 seg[8]={10,10,10,10,10,10,10,10};
  13          u8 pot[8]={0,0,0,0,0,0,0,0};
  14          u8 led[8]={0,0,0,0,0,0,0,0};
  15          u8 dis;
  16          u8 mode;
  17          float v;
  18          float vh=4.5,vl=0.5;
  19          float tvh=4.5,tvl=0.5;
  20          bit disflag;
  21          bit tmode;
  22          u8 disdelay;
  23          void Key_Pro()
  24          {
  25   1              if(kslow) return;
  26   1              kslow=1;
  27   1              kval=Key_Read();
  28   1              kdown=kval&(kold^kval);
  29   1              kold=kval;
  30   1              switch(kdown)
  31   1              {
  32   2                      case 4:
  33   2                              if(++mode==3) mode=0;
  34   2                              break;
  35   2                      case 5:
  36   2                              if(mode==2) tmode^=1;
  37   2                              break;
  38   2                      case 6:
  39   2                              if(mode==2&&tmode==0)
  40   2                              {
  41   3                                      tvh+=0.5;
  42   3                                      if(tvh>5) tvh=0.5;
  43   3                              }
  44   2                              if(mode==2&&tmode==1)
  45   2                              {
  46   3                                      tvl+=0.5;
  47   3                                      if(tvl>5) tvl=0.5;
  48   3                                      if(tvl>=tvh) tvl=tvh;
  49   3                              }
  50   2                              break;
  51   2                      case 7:
  52   2                              if(mode==2&&tmode==0)
  53   2                              {
  54   3                                      tvh-=0.5;
C51 COMPILER V9.60.7.0   MAIN                                                              03/09/2024 15:54:29 PAGE 2   

  55   3                                      if(tvh<0.5) tvh=5.0;
  56   3                                      if(tvh<=tvl) tvh=tvl;
  57   3                              }
  58   2                              if(mode==2&&tmode==1)
  59   2                              {
  60   3                                      tvl-=0.5;
  61   3                                      if(tvl<0.5) tvl=5.0;
  62   3                              }
  63   2                              break;
  64   2                                      
  65   2              }
  66   1      }
  67          void Seg_Pro()
  68          {
  69   1              if(segslow) return ;
  70   1              segslow=1;
  71   1              v=Ad_Read(0x03)/51.0;
  72   1              if(mode!=2)
  73   1              {
  74   2                      vh=tvh;
  75   2                      vl=tvl;
  76   2              }
  77   1              if(v>vl&&v<vh)
  78   1              {
  79   2                      dis=Wave_Read();
  80   2                      disflag=1;
  81   2                      if(dis<=20)
  82   2                              Da_Write(51);
  83   2                      else if(dis>20&&dis<80)
  84   2                              Da_Write(51*(0.0667*(float)dis-0.3333));
  85   2                      else
  86   2                              Da_Write(51*5);
  87   2              }
  88   1              else
  89   1              {
  90   2                      disflag=0;
  91   2                      disdelay=0;
  92   2                      led[7]=0;
  93   2                      Da_Write(0);
  94   2              }
  95   1              switch(mode)
  96   1              {
  97   2                      case 0:
  98   2                              seg[0]=12;
  99   2                              seg[3]=10;
 100   2                              seg[4]=10;
 101   2                              seg[5]=(u8)v;
 102   2                              seg[6]=(u8)(v*10)%10;
 103   2                              seg[7]=(u16)(v*100)%10;
 104   2                              pot[5]=1;
 105   2                              pot[3]=0;
 106   2                              pot[6]=0;
 107   2                              break;
 108   2                      case 2:
 109   2                              seg[0]=13;
 110   2                              seg[3]=(u8)tvh;
 111   2                              seg[4]=(u8)(tvh*10)%10;
 112   2                              seg[5]=10;
 113   2                              pot[3]=1;
 114   2                              seg[6]=(u8)tvl;
 115   2                              seg[7]=(u8)(tvl*10)%10;
 116   2                              pot[6]=1;
C51 COMPILER V9.60.7.0   MAIN                                                              03/09/2024 15:54:29 PAGE 3   

 117   2                              pot[5]=0;
 118   2                              break;
 119   2                      case 1:
 120   2                              seg[0]=14;
 121   2                              seg[3]=10;
 122   2                              seg[4]=10;
 123   2                              if(disflag)
 124   2                              {
 125   3                                      seg[5]=dis/100==0?10:dis/100;
 126   3                                      seg[6]=dis/100==0&&dis/10%10==0?10:dis/10%10;
 127   3                                      seg[7]=dis%10;
 128   3                              }
 129   2                              else
 130   2                              {
 131   3                                      seg[5]=15;
 132   3                                      seg[6]=15;
 133   3                                      seg[7]=15;
 134   3                              }
 135   2                              pot[3]=0;
 136   2                              pot[6]=0;
 137   2                              pot[5]=0;
 138   2                              break;
 139   2              }
 140   1      }
 141          
 142          void Led_Pro()
 143          {
 144   1              led[0]=(mode==0);
 145   1              led[1]=(mode==1);
 146   1              led[2]=(mode==2);
 147   1      }
 148          void Timer0_Init(void)          //1毫秒@12.000MHz
 149          {
 150   1              AUXR &= 0x7F;                   //定时器时钟12T模式
 151   1              TMOD &= 0xF0;                   //设置定时器模式
 152   1              TL0 = 0x18;                             //设置定时初始值
 153   1              TH0 = 0xFC;                             //设置定时初始值
 154   1              TF0 = 0;                                //清除TF0标志
 155   1              TR0 = 1;                                //定时器0开始计时
 156   1              ET0=1;
 157   1              EA=1;
 158   1      }
 159          
 160          
 161          void Timer0_Servive() interrupt 1
 162          {
 163   1              if(++kslow==10) kslow=0;
 164   1              if(++segslow==500) segslow=0;
 165   1              if(++pos==8) pos=0;
 166   1              Seg_Display(pos,seg[pos],pot[pos]);
 167   1              Led_Display(pos,led[pos]);
 168   1              if(disflag)
 169   1              {
 170   2                      if(++disdelay==100)
 171   2                      {
 172   3                              led[7]=~led[7];
 173   3                              disdelay=0;
 174   3                      }
 175   2              }
 176   1      }
 177          void sysinit()
 178          {
C51 COMPILER V9.60.7.0   MAIN                                                              03/09/2024 15:54:29 PAGE 4   

 179   1              P0=0xff;
 180   1              P2=P2&0x1f|0x80;
 181   1              P2=P2&0x1f;
 182   1              
 183   1              P0=0x00;
 184   1              P2=P2&0x1f|0xa0;
 185   1              P2=P2&0x1f;
 186   1      }
 187          void main()
 188          {
 189   1              sysinit();
 190   1              Ad_Read(0x03);
 191   1              Timer0_Init();
 192   1              while(1)
 193   1              {
 194   2                      Key_Pro();
 195   2                      Seg_Pro();
 196   2                      Led_Pro();
 197   2                      
 198   2              }
 199   1      }


MODULE INFORMATION:   STATIC OVERLAYABLE
   CODE SIZE        =   1170    ----
   CONSTANT SIZE    =   ----    ----
   XDATA SIZE       =   ----    ----
   PDATA SIZE       =   ----    ----
   DATA SIZE        =     53    ----
   IDATA SIZE       =   ----    ----
   BIT SIZE         =      2    ----
END OF MODULE INFORMATION.


C51 COMPILATION COMPLETE.  0 WARNING(S),  0 ERROR(S)
