C51 COMPILER V9.60.7.0   ULTRASONIC                                                        03/09/2024 15:54:29 PAGE 1   


C51 COMPILER V9.60.7.0, COMPILATION OF MODULE ULTRASONIC
OBJECT MODULE PLACED IN .\Objects\ultrasonic.obj
COMPILER INVOKED BY: D:\Keil5\C51\BIN\C51.EXE ultrasonic.c OPTIMIZE(8,SPEED) BROWSE DEBUG OBJECTEXTEND PRINT(.\Listings\
                    -ultrasonic.lst) OBJECT(.\Objects\ultrasonic.obj)

line level    source

   1          #include <STC15F2K60S2.H>
   2          #include <INTRINS.H>
   3          sbit Rx=P1^1;
   4          sbit Tx=P1^0;
   5          
   6          void Delay12us()                //@12.000MHz
   7          {
   8   1              unsigned char i;
   9   1      
  10   1              _nop_();
  11   1              _nop_();
  12   1              i = 33;
  13   1              while (--i);
  14   1      }
  15          
  16          
  17          void Wave_Init()
  18          {
  19   1              unsigned char i;
  20   1              for(i=0;i<8;i++)
  21   1              {
  22   2                      Tx=1;
  23   2                      Delay12us();
  24   2                      Tx=0;
  25   2                      Delay12us();
  26   2              }
  27   1      }
  28          unsigned char Wave_Read()
  29          {
  30   1              unsigned int time;
  31   1              TMOD&=0x0f;
  32   1              TL1=TH1=0;
  33   1              Wave_Init();
  34   1              TR1=1;
  35   1              while((Rx==1)&&(TF1==0));
  36   1              TR1=0;
  37   1              if(TF1==0)
  38   1              {
  39   2                      time=TH1<<8|TL1;
  40   2                      return time*0.017;
  41   2              }
  42   1              else
  43   1              {
  44   2                      TF1=0;
  45   2                      return 0;
  46   2              }
  47   1              
  48   1      }


MODULE INFORMATION:   STATIC OVERLAYABLE
   CODE SIZE        =     81    ----
   CONSTANT SIZE    =   ----    ----
   XDATA SIZE       =   ----    ----
C51 COMPILER V9.60.7.0   ULTRASONIC                                                        03/09/2024 15:54:29 PAGE 2   

   PDATA SIZE       =   ----    ----
   DATA SIZE        =   ----    ----
   IDATA SIZE       =   ----    ----
   BIT SIZE         =   ----    ----
END OF MODULE INFORMATION.


C51 COMPILATION COMPLETE.  0 WARNING(S),  0 ERROR(S)
