C51 COMPILER V9.60.7.0   MAIN                                                              02/25/2024 12:54:46 PAGE 1   


C51 COMPILER V9.60.7.0, COMPILATION OF MODULE MAIN
OBJECT MODULE PLACED IN .\Objects\main.obj
COMPILER INVOKED BY: D:\Keil5\C51\BIN\C51.EXE main.c OPTIMIZE(8,SPEED) BROWSE DEBUG OBJECTEXTEND PRINT(.\Listings\main.l
                    -st) OBJECT(.\Objects\main.obj)

line level    source

   1          #include <STC15F2K60S2.H>
   2          #include "iic.h"
   3          #include <INTRINS.H>
   4          typedef unsigned char u8;
   5          typedef unsigned int u16;
   6          u8 code SMG[]={0xc0,0xf9,0xa4,0xb0,0x99,0x92,0x82,0xf8,0x80,0x90,0xbf};
   7          void Delay(u16 xms)             //@12.000MHz
   8          {
   9   1              unsigned char i, j;
  10   1              while(xms--)
  11   1              {
  12   2                      i = 12;
  13   2                      j = 169;
  14   2                      do
  15   2                      {
  16   3                              while (--j);
  17   3                      } while (--i);
  18   2              }
  19   1      }
  20          
  21          void InitHC138(u8 n)
  22          {
  23   1              switch(n)
  24   1              {
  25   2                      case 0 : P2=(P2&0x1F)|0x00; break;
  26   2                      case 4 : P2=(P2&0x1F)|0x80; break;
  27   2                      case 5 : P2=(P2&0x1F)|0xA0; break;
  28   2                      case 6 : P2=(P2&0x1F)|0xC0; break;
  29   2                      case 7 : P2=(P2&0x1F)|0xE0; break;
  30   2              }
  31   1      }
  32          void ShowSMG(u8 val,u8 pos)
  33          {
  34   1              InitHC138(6);
  35   1              P0=0x01<<pos;
  36   1              InitHC138(7);
  37   1              P0=val;
  38   1              Delay(1);
  39   1              P0=0xFF;
  40   1      }
  41          u16 temp=325;
  42          u8 high=0,low=0;
  43          u16 res;
  44          u8 temp1[2];
  45          
  46          void main()
  47          {
  48   1              high=temp>>8;
  49   1              low=temp&0xFF;
  50   1              Write_EEPROM(&high,0,1);
  51   1              Delay(100);
  52   1              Write_EEPROM(&low,1,1);
  53   1              Delay(100);
  54   1              Read_EEPROM(temp1,0,2);
C51 COMPILER V9.60.7.0   MAIN                                                              02/25/2024 12:54:46 PAGE 2   

  55   1              res= (temp1[0]<<8)|temp1[1];
  56   1              while(1)
  57   1              {
  58   2                      ShowSMG(SMG[res/100],0);
  59   2                      ShowSMG(SMG[res/10%10],1);
  60   2                      ShowSMG(SMG[res%10],2);
  61   2                      
  62   2              }
  63   1      }


MODULE INFORMATION:   STATIC OVERLAYABLE
   CODE SIZE        =    287    ----
   CONSTANT SIZE    =     11    ----
   XDATA SIZE       =   ----    ----
   PDATA SIZE       =   ----    ----
   DATA SIZE        =      8    ----
   IDATA SIZE       =   ----    ----
   BIT SIZE         =   ----    ----
END OF MODULE INFORMATION.


C51 COMPILATION COMPLETE.  0 WARNING(S),  0 ERROR(S)
