C51 COMPILER V9.60.7.0   KEY                                                               04/11/2024 21:25:24 PAGE 1   


C51 COMPILER V9.60.7.0, COMPILATION OF MODULE KEY
OBJECT MODULE PLACED IN .\Objects\key.obj
COMPILER INVOKED BY: D:\Keil5\C51\BIN\C51.EXE key.c OPTIMIZE(8,SPEED) BROWSE DEBUG OBJECTEXTEND PRINT(.\Listings\key.lst
                    -) OBJECT(.\Objects\key.obj)

line level    source

   1          #include <STC15F2K60S2.H>
   2          
   3          unsigned char Key_Read()
   4          {
   5   1          unsigned char temp=0;
   6   1          P44=0,P42=1,P35=1,P34=1;
   7   1          if(P33==0) temp=4;
   8   1          if(P32==0) temp=5;
   9   1          if(P31==0) temp=6;
  10   1          if(P30==0) temp=7;
  11   1      
  12   1          P44=1,P42=0,P35=1,P34=1;
  13   1          if(P33==0) temp=8;
  14   1          if(P32==0) temp=9;
  15   1          if(P33==0&&P32==0) temp=89;
  16   1          if(P31==0) temp=10;
  17   1          if(P30==0) temp=11;
  18   1      
  19   1          P44=1,P42=1,P35=0,P34=1;
  20   1          if(P33==0) temp=12;
  21   1          if(P32==0) temp=13;
  22   1          if(P31==0) temp=14;
  23   1          if(P30==0) temp=15;
  24   1      
  25   1          P44=1,P42=1,P35=1,P34=0;
  26   1          if(P33==0) temp=16;
  27   1          if(P32==0) temp=17;
  28   1          if(P31==0) temp=18;
  29   1          if(P30==0) temp=19;
  30   1      
  31   1          return temp;
  32   1      }


MODULE INFORMATION:   STATIC OVERLAYABLE
   CODE SIZE        =    123    ----
   CONSTANT SIZE    =   ----    ----
   XDATA SIZE       =   ----    ----
   PDATA SIZE       =   ----    ----
   DATA SIZE        =   ----    ----
   IDATA SIZE       =   ----    ----
   BIT SIZE         =   ----    ----
END OF MODULE INFORMATION.


C51 COMPILATION COMPLETE.  0 WARNING(S),  0 ERROR(S)
