C51 COMPILER V9.60.7.0   MAIN                                                              04/11/2024 21:25:24 PAGE 1   


C51 COMPILER V9.60.7.0, COMPILATION OF MODULE MAIN
OBJECT MODULE PLACED IN .\Objects\main.obj
COMPILER INVOKED BY: D:\Keil5\C51\BIN\C51.EXE main.c OPTIMIZE(8,SPEED) BROWSE DEBUG OBJECTEXTEND PRINT(.\Listings\main.l
                    -st) OBJECT(.\Objects\main.obj)

line level    source

   1          #include <STC15F2K60S2.H>
   2          #include "onewire.h"
   3          #include "iic.h"
   4          #include "key.h"
   5          #include "led.h"
   6          #include "seg.h"
   7          #include "ultrasound.h"
   8          
   9          typedef unsigned char u8;
  10          typedef unsigned int u16;
  11          
  12          u8 mode;
  13          u8 kval,kold,kdown,kslow;
  14          u8 segslow,pos;
  15          u8 seg[8]={10,10,10,10,10,10,10,10};
  16          u8 pot[8]={0,0,0,0,0,0,0,0};
  17          u8 led[8]={0,0,0,0,0,0,0,0};
  18          char changedis=0;
  19          u16 velocity=340;
  20          float dalow=1.0;
  21          float t;
  22          u16 dis;
  23          bit cm=0,tmode=0;
  24          u8 fmode;
  25          u8 tempdis=40,tempt=30;
  26          bit restart;
  27          u16 delay,leddelay;
  28          u16 writedis;
  29          bit writeflag=0;
  30          u8 ledflag=0;
  31          u16 writedelay;
  32          void Init()
  33          {
  34   1              mode=0;
  35   1              cm=0;
  36   1              tempdis=40;
  37   1              tempt=30;
  38   1              changedis=0;
  39   1              velocity=340;
  40   1              dalow=1.0;
  41   1      
  42   1      }
  43          void Key_Pro()
  44          {
  45   1              if(kslow) return;
  46   1              kslow=1;
  47   1              kval=Key_Read();
  48   1              kdown=kval&(kold^kval);
  49   1              kold=kval;
  50   1              if(!writeflag)
  51   1              {
  52   2                      switch(kdown)
  53   2                      {
  54   3                              case 4:
C51 COMPILER V9.60.7.0   MAIN                                                              04/11/2024 21:25:24 PAGE 2   

  55   3                                      if(++mode==3) mode=0;
  56   3                                      break;
  57   3                              case 5:
  58   3                                      if(mode==0) cm^=1;
  59   3                                      if(mode==1) tmode^=1;
  60   3                                      if(mode==2) 
  61   3                                      {
  62   4                                              if(++fmode==3) fmode=0;
  63   4                                      }
  64   3                                      break;
  65   3                              case 8:
  66   3                                      if(mode==0)
  67   3                                              writeflag=1;
  68   3                                      if(mode==1)
  69   3                                      {
  70   4                                              if(tmode==0)
  71   4                                              {
  72   5                                                      tempdis+=10;
  73   5                                                      if(tempdis>90) tempdis=90;
  74   5                                              }
  75   4                                              else
  76   4                                              {
  77   5                                                      if(++tempt>80) tempt=80;
  78   5                                              }
  79   4                                      }
  80   3                                      if(mode==2)
  81   3                                      {
  82   4                                              if(fmode==0)
  83   4                                              {
  84   5                                                      changedis+=5;
  85   5                                                      if(changedis>90) changedis=90;
  86   5                                              }
  87   4                                              else if(fmode==1)
  88   4                                              {
  89   5                                                      velocity+=10;
  90   5                                                      if(velocity>9990) velocity=9990;
  91   5                                              }
  92   4                                              else if(fmode==2)
  93   4                                              {
  94   5                                                      dalow+=0.1;
  95   5                                                      if(dalow>2.0) dalow=2.0;
  96   5                                              }
  97   4                                      }
  98   3                                      break;
  99   3                              case 9:
 100   3                                      if(mode==0)
 101   3                                      {
 102   4                                              /*if(writedis<=dalow)
 103   4                                                      DA_Write(dalow*51.0);
 104   4                                              else if(writedis>=90)
 105   4                                                      DA_Write(255);
 106   4                                              else
 107   4                                                      DA_Write(((5.0-dalow)/80.0)*writedis)*/
 108   4                                      }
 109   3                                      if(mode==1)
 110   3                                      {
 111   4                                              if(tmode==0)
 112   4                                              {
 113   5                                                      tempdis-=10;
 114   5                                                      if(tempdis<10) tempdis=10;
 115   5                                              }
 116   4                                              else
C51 COMPILER V9.60.7.0   MAIN                                                              04/11/2024 21:25:24 PAGE 3   

 117   4                                              {
 118   5                                                      if(--tempt==255) tempt=0;
 119   5                                              }
 120   4                                      }
 121   3                                      if(mode==2)
 122   3                                      {
 123   4                                              if(fmode==0)
 124   4                                              {
 125   5                                                      changedis-=5;
 126   5                                                      if(changedis<-90) changedis=-90;
 127   5                                              }
 128   4                                              else if(fmode==1)
 129   4                                              {
 130   5                                                      velocity-=10;
 131   5                                                      if(velocity<10) velocity=10;
 132   5                                              }
 133   4                                              else if(fmode==2)
 134   4                                              {
 135   5                                                      dalow-=0.1;
 136   5                                                      if(dalow<0.1) dalow=0.1;
 137   5                                              }
 138   4                                      }
 139   3                                      break;
 140   3                              case 89:
 141   3                                      delay=0;
 142   3                                      restart=1;
 143   3                                      break;
 144   3                      }
 145   2              }
 146   1              else
 147   1                      writedis=dis;
 148   1      }
 149          void Seg_Pro()
 150          {
 151   1              u8 i;
 152   1              u16 temp;
 153   1              float temp1;
 154   1              if(segslow) return ;
 155   1              segslow=1;
 156   1              t=Read_T();
 157   1              dis=Wave_Data(changedis,velocity);
 158   1              switch(mode)
 159   1              {
 160   2                      case 0:
 161   2                              seg[0]=(u8)t/10;
 162   2                              seg[1]=(u8)t%10;
 163   2                              pot[1]=1;
 164   2                              seg[2]=(u16)(t*10)%10;
 165   2                              seg[3]=11;
 166   2                              temp=dis;
 167   2                              pot[5]=0;
 168   2                              pot[6]=0;
 169   2                              if(!cm)
 170   2                              {
 171   3                                      
 172   3                                      for(i=7;i>=4;i--)
 173   3                                      {
 174   4                                              if(temp)
 175   4                                                      seg[i]=temp%10;
 176   4                                              else
 177   4                                                      seg[i]=10;
 178   4                                              temp/=10;
C51 COMPILER V9.60.7.0   MAIN                                                              04/11/2024 21:25:24 PAGE 4   

 179   4                                      }
 180   3                              }
 181   2                              else
 182   2                              {
 183   3                                      temp1=dis/100.0;
 184   3                                      seg[4]=10;
 185   3                                      seg[5]=(u8)temp1;
 186   3                                      pot[5]=1;
 187   3                                      seg[6]=(u8)(temp1*10)%10;
 188   3                                      seg[7]=(u16)(temp1*100)%10;
 189   3                              }
 190   2                              break;
 191   2                      case 1:
 192   2                              seg[0]=12;
 193   2                              seg[1]=tmode==0?1:2;
 194   2                              pot[1]=0;
 195   2                              pot[5]=0;
 196   2                              pot[6]=0;
 197   2                              for(i=2;i<=5;i++)
 198   2                                      seg[i]=10;
 199   2                              seg[6]=tmode==0?tempdis/10:tempt/10;
 200   2                              seg[7]=tmode==0?tempdis%10:tempt%10;
 201   2                              break;
 202   2                      case 2:
 203   2                              seg[0]=13;
 204   2                              pot[6]=0;
 205   2                              switch (fmode)
 206   2                              {
 207   3                                      case 0:
 208   3                                              seg[1]=1;
 209   3                                              if(changedis>=0)
 210   3                                              {
 211   4                                                      seg[4]=seg[5]=10;
 212   4                                                      seg[6]=changedis/10==0?10:changedis/10;
 213   4                                                      seg[7]=changedis%10;
 214   4                                              }
 215   3                                              else
 216   3                                              {
 217   4                                                      i=-changedis;
 218   4                                                      if(i<=9)
 219   4                                                      {
 220   5                                                              seg[4]=seg[5]=10;
 221   5                                                              seg[6]=11;
 222   5                                                              seg[7]=i;
 223   5                                                      }
 224   4                                                      else
 225   4                                                      {
 226   5                                                              seg[4]=10;
 227   5                                                              seg[5]=11;
 228   5                                                              seg[6]=i/10;
 229   5                                                              seg[7]=i%10;
 230   5                                                      }
 231   4                                              }
 232   3                                              break;
 233   3                                      case 1:
 234   3                                              seg[1]=2;
 235   3                                              temp=velocity;
 236   3                                              for(i=7;i>=4;i--)
 237   3                                              {
 238   4                                                      if(temp)
 239   4                                                              seg[i]=temp%10;
 240   4                                                      else
C51 COMPILER V9.60.7.0   MAIN                                                              04/11/2024 21:25:24 PAGE 5   

 241   4                                                              seg[i]=10;
 242   4                                                      temp/=10;
 243   4                                              }
 244   3                                              break;
 245   3                                      case 2:
 246   3                                              seg[1]=3;
 247   3                                              seg[4]=seg[5]=10;
 248   3                                              seg[6]=(u8)dalow;
 249   3                                              seg[7]=(u8)(dalow*10)%10;
 250   3                                              pot[6]=1;
 251   3                                              break;
 252   3                              }
 253   2                              break;
 254   2              }
 255   1      }
 256          void Led_Pro()
 257          {
 258   1              u8 i;
 259   1              u16 temp;
 260   1              if(mode==0)
 261   1              {
 262   2                      ledflag=0;
 263   2                      temp=dis;
 264   2                      if(temp<=255)
 265   2                      {
 266   3                              for(i=0;i<8;i++)
 267   3                              {
 268   4                                      led[i]=temp%2;
 269   4                                      temp/=2;
 270   4                              }
 271   3                      }
 272   2                      else
 273   2                      {
 274   3                              for(i=0;i<8;i++)
 275   3                                      led[i]=1;
 276   3                      }
 277   2              }
 278   1              else if(mode==1)
 279   1              {
 280   2                      for(i=0;i<7;i++)
 281   2                              led[i]=0;
 282   2                      led[7]=1;
 283   2                      leddelay=0;
 284   2              }
 285   1              else
 286   1              {
 287   2                      for(i=1;i<8;i++)
 288   2                              led[i]=0;
 289   2                      led[0]=ledflag;
 290   2                      
 291   2              }
 292   1      }
 293          
 294          void Timer0_Init(void)          //1毫秒@12.000MHz
 295          {
 296   1              AUXR &= 0x7F;                   //定时器时钟12T模式
 297   1              TMOD &= 0xF0;                   //设置定时器模式
 298   1              TL0 = 0x18;                             //设置定时初始值
 299   1              TH0 = 0xFC;                             //设置定时初始值
 300   1              TF0 = 0;                                //清除TF0标志
 301   1              TR0 = 1;                                //定时器0开始计时
 302   1              ET0=1;
C51 COMPILER V9.60.7.0   MAIN                                                              04/11/2024 21:25:24 PAGE 6   

 303   1              EA=1;
 304   1      }
 305          
 306          void Timer0_Service() interrupt 1
 307          {
 308   1              if(++kslow==10) kslow=0;
 309   1              if(++segslow==500) segslow=0;
 310   1              if(++pos==8) pos=0;
 311   1              Seg_Display(pos,seg[pos],pot[pos]);
 312   1              Led_Display(pos,led[pos]);
 313   1              if(writeflag)
 314   1              {
 315   2                      if(++writedelay==6000)
 316   2                      {
 317   3                              writeflag=0;
 318   3                              writedelay=0;
 319   3                      }
 320   2              }
 321   1              if(restart&&kval==89) 
 322   1              {
 323   2                      if(++delay==2000)
 324   2                      {
 325   3                              Init();
 326   3                              delay=0;
 327   3                              restart=0;
 328   3                      }
 329   2              }
 330   1              if(++leddelay==100) 
 331   1              {
 332   2                      ledflag^=1;
 333   2                      leddelay=0;
 334   2              }
 335   1              Relay((dis>=(tempdis-5)&&dis<=(tempdis+5))&&t<=tempt);
 336   1      }
 337          void Delay750ms()               //@12.000MHz
 338          {
 339   1              unsigned char i, j, k;
 340   1              i = 35;
 341   1              j = 51;
 342   1              k = 182;
 343   1              do
 344   1              {
 345   2                      do
 346   2                      {
 347   3                              while (--k);
 348   3                      } while (--j);
 349   2              } while (--i);
 350   1      }
 351          
 352          void sysinit()
 353          {
 354   1              P0=0xff;
 355   1          P2=P2&0x1f|0x80;
 356   1          P2=P2&0x1f;
 357   1      
 358   1              P0=0x00;
 359   1          P2=P2&0x1f|0xa0;
 360   1          P2=P2&0x1f;
 361   1      }
 362          void main()
 363          {
 364   1              sysinit();
C51 COMPILER V9.60.7.0   MAIN                                                              04/11/2024 21:25:24 PAGE 7   

 365   1              Read_T();
 366   1              Delay750ms();
 367   1              Timer0_Init();
 368   1              while(1)
 369   1              {
 370   2                      Key_Pro();
 371   2                      Seg_Pro();
 372   2                      Led_Pro();
 373   2              }
 374   1      }


MODULE INFORMATION:   STATIC OVERLAYABLE
   CODE SIZE        =   1567    ----
   CONSTANT SIZE    =   ----    ----
   XDATA SIZE       =   ----    ----
   PDATA SIZE       =   ----    ----
   DATA SIZE        =     56       7
   IDATA SIZE       =   ----    ----
   BIT SIZE         =      4    ----
END OF MODULE INFORMATION.


C51 COMPILATION COMPLETE.  0 WARNING(S),  0 ERROR(S)
