C51 COMPILER V9.60.7.0   MAIN                                                              02/25/2024 22:05:41 PAGE 1   


C51 COMPILER V9.60.7.0, COMPILATION OF MODULE MAIN
OBJECT MODULE PLACED IN .\Objects\main.obj
COMPILER INVOKED BY: D:\Keil5\C51\BIN\C51.EXE main.c OPTIMIZE(8,SPEED) BROWSE DEBUG OBJECTEXTEND PRINT(.\Listings\main.l
                    -st) OBJECT(.\Objects\main.obj)

line level    source

   1          #include <STC15F2K60S2.H>
   2          #include "iic.h"
   3          typedef unsigned char u8;
   4          typedef unsigned int u16;
   5          sbit S4= P3^3;
   6          sbit S5= P3^2;
   7          
   8          u8 code SMG[]={0xc0,0xf9,0xa4,0xb0,0x99,0x92,0x82,0xf8,0x80,0x90,0xbf};
   9          u8 RD1=0;
  10          u8 dat=0;
  11          void Delay(u16 xms)             //@12.000MHz
  12          {
  13   1              unsigned char i, j;
  14   1              while(xms--)
  15   1              {
  16   2                      i = 12;
  17   2                      j = 169;
  18   2                      do
  19   2                      {
  20   3                              while (--j);
  21   3                      } while (--i);
  22   2              }
  23   1      }
  24          
  25          void KeyDelay(u16 t)
  26          {
  27   1              while(t--);
  28   1      }
  29          void InitHC138(u8 n)
  30          {
  31   1              switch(n)
  32   1              {
  33   2                      case 0 : P2=(P2&0x1F)|0x00; break;
  34   2                      case 4 : P2=(P2&0x1F)|0x80; break;
  35   2                      case 5 : P2=(P2&0x1F)|0xA0; break;
  36   2                      case 6 : P2=(P2&0x1F)|0xC0; break;
  37   2                      case 7 : P2=(P2&0x1F)|0xE0; break;
  38   2              }
  39   1      }
  40          void ShowSMG(u8 val,u8 pos)
  41          {
  42   1              InitHC138(6);
  43   1              P0=0x01<<pos;
  44   1              InitHC138(7);
  45   1              P0=val;
  46   1              Delay(1);
  47   1              P0=0xFF;
  48   1      }
  49          unsigned char level()
  50          {
  51   1              if(RD1>200&&RD1<=255)
  52   1              {
  53   2                      InitHC138(4);
  54   2                      P0=0xFE;
C51 COMPILER V9.60.7.0   MAIN                                                              02/25/2024 22:05:41 PAGE 2   

  55   2                      InitHC138(0);
  56   2                      return 1;
  57   2              }
  58   1              else if(RD1>150&&RD1<=200)
  59   1              {
  60   2                      InitHC138(4);
  61   2                      P0=0xFC;
  62   2                      InitHC138(0);
  63   2                      return 2;
  64   2              }
  65   1              else if(RD1>100&&RD1<=150)
  66   1              {
  67   2                      InitHC138(4);
  68   2                      P0=0xF0;
  69   2                      InitHC138(0);
  70   2                      return 3;
  71   2              }
  72   1              else if(RD1>50&RD1<=100)
  73   1              {
  74   2                      InitHC138(4);
  75   2                      P0=0xC0;
  76   2                      InitHC138(0);
  77   2                      return 4;
  78   2              }
  79   1              else if(RD1>0&&RD1<=50)
  80   1              {
  81   2                      InitHC138(4);
  82   2                      P0=0x00;
  83   2                      InitHC138(0);
  84   2                      return 5;
  85   2              }
  86   1              return 0;
  87   1      }
  88          void Display()
  89          {
  90   1              ShowSMG(SMG[10],0);
  91   1              ShowSMG(SMG[level()],1);
  92   1              ShowSMG(SMG[10],2);
  93   1              
  94   1              ShowSMG(SMG[RD1/100],5);
  95   1              ShowSMG(SMG[RD1/10%10],6);
  96   1              ShowSMG(SMG[RD1%10],7);
  97   1      }
  98          void ScanKey()
  99          {
 100   1              if(S4==0)
 101   1              {
 102   2                      KeyDelay(100);
 103   2                      if(S4==0)
 104   2                      {
 105   3                              EEPROM_Write(&RD1,0,1);
 106   3                              while(S4==0)
 107   3                              {
 108   4                                      Display();
 109   4                              }       
 110   3                      }
 111   2              }
 112   1              if(S5==0)
 113   1              {
 114   2                      KeyDelay(100);
 115   2                      if(S5==0)
 116   2                      {
C51 COMPILER V9.60.7.0   MAIN                                                              02/25/2024 22:05:41 PAGE 3   

 117   3                              u8 temp;
 118   3                              EEPROM_Read(&temp,0,1);
 119   3                              while(S5==0)
 120   3                              {
 121   4                                      RD1=temp;
 122   4                                      Display();
 123   4                              }
 124   3                      }
 125   2              }
 126   1      }
 127          void main()
 128          {
 129   1              InitHC138(4);
 130   1              P0=0xFF;
 131   1              InitHC138(0);
 132   1              while(1)
 133   1              {
 134   2                      RD1=AD_Read(0x01);
 135   2                      Display();
 136   2                      ScanKey();
 137   2              }
 138   1      }


MODULE INFORMATION:   STATIC OVERLAYABLE
   CODE SIZE        =    485    ----
   CONSTANT SIZE    =     11    ----
   XDATA SIZE       =   ----    ----
   PDATA SIZE       =   ----    ----
   DATA SIZE        =      2       1
   IDATA SIZE       =   ----    ----
   BIT SIZE         =   ----    ----
END OF MODULE INFORMATION.


C51 COMPILATION COMPLETE.  0 WARNING(S),  0 ERROR(S)
