C51 COMPILER V9.60.7.0   LED                                                               05/30/2024 17:18:11 PAGE 1   


C51 COMPILER V9.60.7.0, COMPILATION OF MODULE LED
OBJECT MODULE PLACED IN .\Objects\led.obj
COMPILER INVOKED BY: D:\Keil5\C51\BIN\C51.EXE led.c OPTIMIZE(8,SPEED) BROWSE DEBUG OBJECTEXTEND PRINT(.\Listings\led.lst
                    -) OBJECT(.\Objects\led.obj)

line level    source

   1          #include <STC15F2K60S2.H>
   2          
   3          void Led_Display(unsigned char i,ena)
   4          {
   5   1              static unsigned char j=0x00;
   6   1              static unsigned char k=0xff;
   7   1              if(ena)
   8   1                      j|=(0x01<<i);
   9   1              else
  10   1                      j&=~(0x01<<i);
  11   1              if(j!=k)
  12   1              {
  13   2                      P0=~j;
  14   2                      P2=P2&0x1f|0x80;
  15   2                      P2=P2&0x1f;
  16   2                      k=j;
  17   2              }
  18   1      }
  19          
  20          void Beep(unsigned char ena)
  21          {
  22   1              static unsigned char a=0x00;
  23   1              static unsigned char b=0xff;
  24   1              if(ena)
  25   1                      a|=0x40;
  26   1              else
  27   1                      a&=~0x40;
  28   1              if(a!=b)
  29   1              {
  30   2                      P0=a;
  31   2                      P2=P2&0x1f|0xa0;
  32   2                      P2=P2&0x1f;
  33   2                      b=a;
  34   2              }
  35   1      }
  36          void Relay(unsigned char ena)
  37          {
  38   1              static unsigned char a=0x00;
  39   1              static unsigned char b=0xff;
  40   1              if(ena)
  41   1                      a|=0x10;
  42   1              else
  43   1                      a&=~0x10;
  44   1              if(a!=b)
  45   1              {
  46   2                      P0=a;
  47   2                      P2=P2&0x1f|0xa0;
  48   2                      P2=P2&0x1f;
  49   2                      b=a;
  50   2              }
  51   1      }


MODULE INFORMATION:   STATIC OVERLAYABLE
C51 COMPILER V9.60.7.0   LED                                                               05/30/2024 17:18:11 PAGE 2   

   CODE SIZE        =    129    ----
   CONSTANT SIZE    =   ----    ----
   XDATA SIZE       =   ----    ----
   PDATA SIZE       =   ----    ----
   DATA SIZE        =      6    ----
   IDATA SIZE       =   ----    ----
   BIT SIZE         =   ----    ----
END OF MODULE INFORMATION.


C51 COMPILATION COMPLETE.  0 WARNING(S),  0 ERROR(S)
