C51 COMPILER V9.60.7.0   MAIN                                                              05/28/2024 21:04:58 PAGE 1   


C51 COMPILER V9.60.7.0, COMPILATION OF MODULE MAIN
OBJECT MODULE PLACED IN .\Objects\main.obj
COMPILER INVOKED BY: D:\Keil5\C51\BIN\C51.EXE main.c OPTIMIZE(8,SPEED) BROWSE DEBUG OBJECTEXTEND PRINT(.\Listings\main.l
                    -st) OBJECT(.\Objects\main.obj)

line level    source

   1          #include <STC15F2K60S2.H>
   2          #include "led.h"
   3          #include "seg.h"
   4          #include "uart.h"
   5          #include "key.h"
   6          #include "ultrasound.h"
   7          #include "ds1302.h"
   8          #include "onewire.h"
   9          #include "iic.h"
  10          
  11          typedef unsigned char u8;
  12          typedef unsigned int u16;
  13          
  14          void Uart_Server() interrupt 4
  15          {
  16   1              if(RI==1)
  17   1              {
  18   2                      
  19   2                      RI=0;
  20   2              }
  21   1      }
  22          void main()
  23          {
  24   1              while(1)
  25   1              {
  26   2                      
  27   2              }
  28   1      }


MODULE INFORMATION:   STATIC OVERLAYABLE
   CODE SIZE        =      8    ----
   CONSTANT SIZE    =   ----    ----
   XDATA SIZE       =   ----    ----
   PDATA SIZE       =   ----    ----
   DATA SIZE        =   ----    ----
   IDATA SIZE       =   ----    ----
   BIT SIZE         =   ----    ----
END OF MODULE INFORMATION.


C51 COMPILATION COMPLETE.  0 WARNING(S),  0 ERROR(S)
