C51 COMPILER V9.60.7.0   MAIN                                                              02/18/2024 00:08:07 PAGE 1   


C51 COMPILER V9.60.7.0, COMPILATION OF MODULE MAIN
OBJECT MODULE PLACED IN .\Objects\main.obj
COMPILER INVOKED BY: D:\Keil5\C51\BIN\C51.EXE main.c OPTIMIZE(8,SPEED) BROWSE DEBUG OBJECTEXTEND PRINT(.\Listings\main.l
                    -st) OBJECT(.\Objects\main.obj)

line level    source

   1          #include <STC15F2K60S2.H>
   2          #include <INTRINS.H>
   3          
   4          typedef unsigned char u8;
   5          typedef unsigned int u16;
   6          
   7          sbit HC138_A=P2^5;
   8          sbit HC138_B=P2^6;
   9          sbit HC138_C=P2^7;
  10          
  11          void InitHC138(u8 n)
  12          {
  13   1              switch(n)
  14   1              {
  15   2                      case 0: HC138_C=0;HC138_B=0;HC138_A=0;break;
  16   2                      case 1: HC138_C=0;HC138_B=0;HC138_A=1;break;
  17   2                      case 2: HC138_C=0;HC138_B=1;HC138_A=0;break;
  18   2                      case 3: HC138_C=0;HC138_B=1;HC138_A=1;break;
  19   2                      case 4: HC138_C=1;HC138_B=0;HC138_A=0;break;
  20   2                      //P2=(P2&0x1f)|0x80;
  21   2                      case 5: HC138_C=1;HC138_B=0;HC138_A=1;break;
  22   2                      case 6: HC138_C=1;HC138_B=1;HC138_A=0;break;
  23   2                      case 7: HC138_C=1;HC138_B=1;HC138_A=1;break;
  24   2              }
  25   1      }
  26          void Delay(u16 xms)             //@11.0592MHz
  27          {
  28   1              unsigned char i, j;
  29   1              while(xms--)
  30   1              {
  31   2                      _nop_();
  32   2                      i = 2;
  33   2                      j = 199;
  34   2                      do
  35   2                      {
  36   3                              while (--j);
  37   3                      } while (--i);
  38   2              }
  39   1      }
  40          
  41          void InitSystem()
  42          {
  43   1              InitHC138(4);
  44   1              P0=0x00;
  45   1      }
  46          void OutPutP0(u8 channel,u8 dat)
  47          {
  48   1              InitHC138(channel);
  49   1              P0=dat;
  50   1      }
  51          void Running()
  52          {
  53   1              u8 i;
  54   1              InitHC138(4);
C51 COMPILER V9.60.7.0   MAIN                                                              02/18/2024 00:08:07 PAGE 2   

  55   1              for(i=1;i<=8;i++)
  56   1              {
  57   2                      P0=0xFF<<i;
  58   2                      Delay(1000);
  59   2              }
  60   1              InitHC138(5);
  61   1              P0=0x10; //ç”µç£ç»§ç”µå™¨å¼€å§‹å·¥ä½œï¼Œæ˜¯ä½Žç”µå¹³é©±åŠ¨ï¼Œä½†æ˜¯ç”±äºŽæœ‰è¾¾æž—é¡¿ç®¡åˆ™é‡‡ç”¨é«˜ç”µå
             -¹³
  62   1              //ç”µç£ç»§ç”µå™¨ä½äºŽP05 0001 0000
  63   1              Delay(4000);
  64   1              P0=0x00; //ç”µç£ç»§ç”µå™¨æ–­å¼€
  65   1              InitHC138(4);
  66   1              for(i=1;i<=8;i++)
  67   1              {
  68   2                      P0=~(0xFF<<i);
  69   2                      Delay(1000);
  70   2              }
  71   1              InitHC138(5);
  72   1              P0=0x40; //èœ‚é¸£å™¨ä½äºŽ 0100 0000
  73   1              Delay(2000);
  74   1              P0=0x00;//èœ‚é¸£å™¨æ–­å¼€
  75   1              Delay(1000);
  76   1      }
  77          void main()
  78          {
  79   1              InitSystem();
  80   1              while(1)
  81   1              {
  82   2                      Running();
  83   2              }
  84   1      }


MODULE INFORMATION:   STATIC OVERLAYABLE
   CODE SIZE        =    226    ----
   CONSTANT SIZE    =   ----    ----
   XDATA SIZE       =   ----    ----
   PDATA SIZE       =   ----    ----
   DATA SIZE        =   ----    ----
   IDATA SIZE       =   ----    ----
   BIT SIZE         =   ----    ----
END OF MODULE INFORMATION.


C51 COMPILATION COMPLETE.  0 WARNING(S),  0 ERROR(S)
