C51 COMPILER V9.60.7.0   MAIN                                                              04/06/2024 15:18:55 PAGE 1   


C51 COMPILER V9.60.7.0, COMPILATION OF MODULE MAIN
OBJECT MODULE PLACED IN .\Objects\main.obj
COMPILER INVOKED BY: D:\Keil5\C51\BIN\C51.EXE main.c OPTIMIZE(8,SPEED) BROWSE DEBUG OBJECTEXTEND PRINT(.\Listings\main.l
                    -st) OBJECT(.\Objects\main.obj)

line level    source

   1          #include <STC15F2K60S2.H>
   2          #include "ds1302.h"
   3          #include "onewire.h"
   4          #include "iic.h"
   5          #include "led.h"
   6          #include "key.h"
   7          #include "seg.h"
   8          #include "ultrasound.h"
   9          
  10          typedef unsigned char u8;
  11          typedef unsigned int u16;
  12          
  13          u8 kval,kdown,kslow,kold;
  14          u8 segslow,pos;
  15          u8 seg[8]={10,10,10,10,10,10,10,10};
  16          u8 pot[8]={0,0,0,0,0,0,0,0};
  17          u8 led[8]={0,0,0,0,0,0,0,0};
  18          u8 mode;
  19          u8 time[3]={0x23,0x59,0x55};
  20          float t,v;
  21          u16 dis;
  22          void Key_Pro()
  23          {
  24   1          if(kslow) return ;
  25   1          kslow=1;
  26   1          kval=Key_Read();
  27   1          kdown=kval&(kval^kold);
  28   1          kold=kval;
  29   1          switch(kdown)
  30   1          {
  31   2              case 4:
  32   2                  if(++mode==4) mode=0;
  33   2                  break;
  34   2          }
  35   1      }
  36          
  37          void Seg_Pro()
  38          {
  39   1          if(segslow) return ;
  40   1          segslow=1;
  41   1          Read_Rtc(time);
  42   1          t=Read_T();
  43   1          v=AD_Read(0x03)/51.0;
  44   1          dis=Wave_Data();
  45   1          switch(mode)
  46   1          {
  47   2              case 0:
  48   2                  seg[0]=1;
  49   2                  seg[2]=time[0]/16;
  50   2                  seg[3]=time[0]%16;
  51   2                  seg[4]=time[1]/16;
  52   2                  seg[5]=time[1]%16;
  53   2                  seg[6]=time[2]/16;
  54   2                  seg[7]=time[2]%16;
C51 COMPILER V9.60.7.0   MAIN                                                              04/06/2024 15:18:55 PAGE 2   

  55   2                  pot[6]=0;
  56   2                  break;
  57   2              case 1:
  58   2                  seg[0]=2;
  59   2                  seg[2]=10;
  60   2                  seg[3]=10;
  61   2                  seg[4]=10;
  62   2                  seg[5]=10;
  63   2                  seg[6]=(u8)t/10;
  64   2                  seg[7]=(u8)t%10;
  65   2                  pot[6]=0;
  66   2                  break;
  67   2              case 2:
  68   2                  seg[0]=3;
  69   2                  seg[2]=10;
  70   2                  seg[3]=10;
  71   2                  seg[4]=10;
  72   2                  seg[5]=10;
  73   2                  seg[6]=(u8)v;
  74   2                  seg[7]=(u8)(v*10)%10;
  75   2                  pot[6]=1;
  76   2                  break;
  77   2              case 3:
  78   2                  seg[0]=4;
  79   2                  seg[2]=10;
  80   2                  seg[3]=10;
  81   2                  seg[4]=10;
  82   2                  seg[5]=dis/100==0?10:dis/100;
  83   2                  seg[6]=dis/100==0&&dis/10%10==0?10:dis/10%10;
  84   2                  seg[7]=dis%10;
  85   2                  pot[6]=0;
  86   2                  break;
  87   2          }
  88   1      
  89   1      }
  90          
  91          void Led_Pro()
  92          {
  93   1      
  94   1      }
  95          void Timer0_Init(void)          //1毫秒@12.000MHz
  96          {
  97   1              AUXR &= 0x7F;                   //定时器时钟12T模式
  98   1              TMOD &= 0xF0;                   //设置定时器模式
  99   1              TL0 = 0x18;                             //设置定时初始值
 100   1              TH0 = 0xFC;                             //设置定时初始值
 101   1              TF0 = 0;                                //清除TF0标志
 102   1              TR0 = 1;                                //定时器0开始计时
 103   1          ET0=1;
 104   1          EA=1;
 105   1      }
 106          
 107          void Timer0_Service() interrupt 1
 108          {
 109   1          if(++kslow==10) kslow=0;
 110   1          if(++segslow==500) segslow=0;
 111   1          if(++pos==8) pos=0;
 112   1          Seg_Display(pos,seg[pos],pot[pos]);
 113   1      
 114   1      }
 115          void Delay750ms()               //@12.000MHz
 116          {
C51 COMPILER V9.60.7.0   MAIN                                                              04/06/2024 15:18:55 PAGE 3   

 117   1              unsigned char i, j, k;
 118   1      
 119   1              i = 35;
 120   1              j = 51;
 121   1              k = 182;
 122   1              do
 123   1              {
 124   2                      do
 125   2                      {
 126   3                              while (--k);
 127   3                      } while (--j);
 128   2              } while (--i);
 129   1      }
 130          void sysinit()
 131          {
 132   1          P0=0xff;
 133   1          P2=P2&0x1f|0x80;
 134   1          P2=P2&0x1f;
 135   1          P0=0x00;
 136   1          P2=P2&0x1f|0xa0;
 137   1          P2=P2&0x1f;
 138   1      }
 139          void main()
 140          {
 141   1          sysinit();
 142   1          Read_T();
 143   1          Delay750ms();
 144   1          AD_Read(0x03);
 145   1          Set_Rtc(time);
 146   1          Timer0_Init();
 147   1          while(1)
 148   1          {
 149   2              Key_Pro();
 150   2              Seg_Pro();
 151   2          }
 152   1      }


MODULE INFORMATION:   STATIC OVERLAYABLE
   CODE SIZE        =    598    ----
   CONSTANT SIZE    =   ----    ----
   XDATA SIZE       =   ----    ----
   PDATA SIZE       =   ----    ----
   DATA SIZE        =     44    ----
   IDATA SIZE       =   ----    ----
   BIT SIZE         =   ----    ----
END OF MODULE INFORMATION.


C51 COMPILATION COMPLETE.  0 WARNING(S),  0 ERROR(S)
