C51 COMPILER V9.60.7.0   MAIN                                                              02/28/2024 14:14:45 PAGE 1   


C51 COMPILER V9.60.7.0, COMPILATION OF MODULE MAIN
OBJECT MODULE PLACED IN .\Objects\main.obj
COMPILER INVOKED BY: D:\Keil5\C51\BIN\C51.EXE main.c OPTIMIZE(8,SPEED) BROWSE DEBUG OBJECTEXTEND PRINT(.\Listings\main.l
                    -st) OBJECT(.\Objects\main.obj)

line level    source

   1          #include <STC15F2K60S2.H>
   2          #include "iic.h"
   3          #include "key.h"
   4          #include "seg.h"
   5          #include "led.h"
   6          typedef unsigned char u8;
   7          typedef unsigned int u16;
   8          
   9          u8 kval,kdown,kup,kold,kslow;
  10          u8 segslow,pos;
  11          u8 seg[8]={10,10,10,10,10,10,10,10};
  12          u8 pot[8]={0,0,0,0,0,0,0,0};
  13          u8 led[8]={0,0,0,0,0,0,0,0};
  14          u8 mode=0;
  15          u8 count=0;
  16          u8 flag;
  17          u8 save;
  18          u8 wrong;
  19          u16 delay5s=0;
  20          float v,vtemp;
  21          float vp=3.0;
  22          bit led1=0;
  23          void Key_Pro()
  24          {
  25   1              if(kslow) return ;
  26   1              kslow=1;
  27   1              kval=Key_Read();
  28   1              kdown=kval&(kold^kval);
  29   1              kold=kval;
  30   1              switch(kdown)
  31   1              {
  32   2                      case 12:
  33   2                              if(++mode==3) mode=0;
  34   2                              if(mode==2)  
  35   2                              {
  36   3                                      save=vp*10;
  37   3                                      EEPROM_Write(&save,0,1);
  38   3                              }
  39   2                              break;
  40   2                      case 13:
  41   2                              if(mode==2) count=0,wrong=0;
  42   2                              else wrong++;
  43   2                              break;
  44   2                      case 16:
  45   2                              if(mode==1)
  46   2                              {
  47   3                                      wrong=0;
  48   3                                      vp+=0.5;
  49   3                                      if(vp>5.0)
  50   3                                              vp=0;
  51   3                              }
  52   2                              else wrong++;
  53   2                              break;
  54   2                      case 17:
C51 COMPILER V9.60.7.0   MAIN                                                              02/28/2024 14:14:45 PAGE 2   

  55   2                              if(mode==1)
  56   2                              {
  57   3                                      wrong=0;
  58   3                                      vp-=0.5;
  59   3                                      if(vp<0)
  60   3                                              vp=5.0;
  61   3                              }
  62   2                              else wrong++;
  63   2                              break;
  64   2              }
  65   1      }
  66          void vcount()
  67          {
  68   1              switch(flag)
  69   1              {
  70   2                      case 0 :
  71   2                              if(v>vp)
  72   2                                      flag=1;
  73   2                              break;
  74   2                      case 1:
  75   2                              if(v<vp) 
  76   2                              {
  77   3                                      count++;
  78   3                                      flag=0;
  79   3                              }
  80   2                              break;
  81   2              }
  82   1      }
  83          void Seg_Pro()
  84          {
  85   1              if(segslow) return ;
  86   1              segslow=1;
  87   1              v=Ad_Read(0x03)/51.0;
  88   1              switch(mode)
  89   1              {
  90   2                      case 0 :
  91   2                              seg[0]=12;
  92   2                              seg[5]=(u8)v%10;
  93   2                              seg[6]=(u8)(v*10)%10;
  94   2                              seg[7]=(u16)(v*100)%10;
  95   2                              pot[5]=1;
  96   2                              break;
  97   2                      case 1 :
  98   2                              seg[0]=13;
  99   2                              seg[5]=(u8)vp%10;
 100   2                              seg[6]=(u8)(vp*10)%10;
 101   2                              seg[7]=(u16)(vp*100)%10;
 102   2                              pot[5]=1;
 103   2                              break;
 104   2                      case 2 :
 105   2                              seg[0]=14;
 106   2                              if(count/100)
 107   2                                      seg[5]=count/10;
 108   2                              else
 109   2                                      seg[5]=10;
 110   2                              if(count/10%10)
 111   2                                      seg[6]=count/10%10;
 112   2                              else
 113   2                                      seg[6]=10;
 114   2                              seg[7]=count%10;
 115   2                              pot[5]=0;
 116   2                              break;
C51 COMPILER V9.60.7.0   MAIN                                                              02/28/2024 14:14:45 PAGE 3   

 117   2              }
 118   1      }
 119          void Led_Pro()
 120          {
 121   1              led[0]=led1;
 122   1              led[1]=count%2;
 123   1              led[3]=wrong>=3?1:0;
 124   1      }
 125          void Timer0_Init(void)          //1毫秒@12.000MHz
 126          {
 127   1              AUXR |= 0x80;                   //定时器时钟1T模式
 128   1              TMOD &= 0xF0;                   //设置定时器模式
 129   1              TL0 = 0x20;                             //设置定时初始值
 130   1              TH0 = 0xD1;                             //设置定时初始值
 131   1              TF0 = 0;                                //清除TF0标志
 132   1              TR0 = 1;                                //定时器0开始计时
 133   1              ET0=1;
 134   1              EA=1;
 135   1      }
 136          
 137          void Timer0_Service() interrupt 1
 138          {
 139   1              if(++kslow==10) kslow=0;
 140   1              if(++segslow==500) segslow=0;
 141   1              if(++pos==8) pos=0;
 142   1              Seg_Display(pos,seg[pos],pot[pos]);
 143   1              Led_Display(pos,led[pos]);
 144   1              if(v<vp)
 145   1              {
 146   2                      if(++delay5s==5000)
 147   2                      {
 148   3                              delay5s=0;
 149   3                              led1=1;
 150   3                      }
 151   2              }
 152   1              else
 153   1              {
 154   2                      delay5s=0;
 155   2                      led1=0;
 156   2              }
 157   1      }
 158          void sysinit()
 159          {
 160   1              P0=0xff;
 161   1              P2=P2&0x1f|0x80;
 162   1              P2=P2&0x1f;
 163   1              
 164   1              P0=0x00;
 165   1              P2=P2&0x1f|0xa0;
 166   1              P2=P2&0x1f;
 167   1      }
 168          void main()
 169          {
 170   1              Ad_Read(0x03);
 171   1              sysinit();
 172   1              EEPROM_Read(&save,0,1);
 173   1              vp=save/10.0;
 174   1              Timer0_Init();
 175   1              while(1)
 176   1              {
 177   2                      Key_Pro();
 178   2                      Seg_Pro();
C51 COMPILER V9.60.7.0   MAIN                                                              02/28/2024 14:14:45 PAGE 4   

 179   2                      Led_Pro();
 180   2                      vcount();
 181   2              }
 182   1      }


MODULE INFORMATION:   STATIC OVERLAYABLE
   CODE SIZE        =    904    ----
   CONSTANT SIZE    =   ----    ----
   XDATA SIZE       =   ----    ----
   PDATA SIZE       =   ----    ----
   DATA SIZE        =     50    ----
   IDATA SIZE       =   ----    ----
   BIT SIZE         =      1    ----
END OF MODULE INFORMATION.


C51 COMPILATION COMPLETE.  0 WARNING(S),  0 ERROR(S)
