C51 COMPILER V9.60.7.0   SEG                                                               02/26/2024 14:10:35 PAGE 1   


C51 COMPILER V9.60.7.0, COMPILATION OF MODULE SEG
OBJECT MODULE PLACED IN .\Objects\Seg.obj
COMPILER INVOKED BY: D:\Keil5\C51\BIN\C51.EXE Seg.c OPTIMIZE(8,SPEED) BROWSE DEBUG OBJECTEXTEND PRINT(.\Listings\Seg.lst
                    -) OBJECT(.\Objects\Seg.obj)

line level    source

   1          #include <STC15F2K60S2.H>
   2          unsigned char code segment[]={0xc0, //0
   3          0xf9, //1
   4          0xa4, //2
   5          0xb0, //3
   6          0x99, //4
   7          0x92, //5
   8          0x82, //6
   9          0xf8, //7
  10          0x80, //8
  11          0x90, //9
  12          0xff,//²»ϔʾ
  13          0xbf,   
  14          0x88, //A
  15          0x83, //b
  16          0xc6, //C
  17          0xa1, //d
  18          0x86, //E
  19          0x8e, //F
  20          0x8C  //P
  21          };
  22          code unsigned char wei[]={0x01,0x02,0x04,0x08,0x10,0x20,0x40,0x80};
  23          void Seg_Display(unsigned char i,j,k)
  24          {
  25   1              P0=0xFF;//消影
  26   1              P2=(P2&0x1F)|0xE0;
  27   1              P2&=0x1f;
  28   1              P0=wei[i];
  29   1              P2=P2&0x1f|0xc0;
  30   1              P2&=0x1f;
  31   1              P0=segment[j];
  32   1              if(k)
  33   1                      P0&=0x7f;
  34   1              P2=P2&0x1f|0xe0;
  35   1              P2&=0x1f;
  36   1      }


MODULE INFORMATION:   STATIC OVERLAYABLE
   CODE SIZE        =     65    ----
   CONSTANT SIZE    =     27    ----
   XDATA SIZE       =   ----    ----
   PDATA SIZE       =   ----    ----
   DATA SIZE        =   ----    ----
   IDATA SIZE       =   ----    ----
   BIT SIZE         =   ----    ----
END OF MODULE INFORMATION.


C51 COMPILATION COMPLETE.  0 WARNING(S),  0 ERROR(S)
