C51 COMPILER V9.60.7.0   MAIN                                                              04/07/2024 20:49:01 PAGE 1   


C51 COMPILER V9.60.7.0, COMPILATION OF MODULE MAIN
OBJECT MODULE PLACED IN .\Objects\main.obj
COMPILER INVOKED BY: D:\Keil5\C51\BIN\C51.EXE main.c OPTIMIZE(8,SPEED) BROWSE DEBUG OBJECTEXTEND PRINT(.\Listings\main.l
                    -st) OBJECT(.\Objects\main.obj)

line level    source

   1          #include <STC15F2K60S2.H>
   2          #include "seg.h"
   3          
   4          
   5          typedef unsigned char u8;
   6          typedef unsigned int u16;
   7          u8 segslow,pos;
   8          u8 seg[8]={10,10,10,10,10,10,10,10};
   9          u8 pot[8]={0,0,0,0,0,0,0,0};
  10          u16 delay,fre;
  11          u8 mode;
  12          void Seg_Pro()
  13          {
  14   1              unsigned char i=3;
  15   1              if(segslow) return;
  16   1              segslow=1;
  17   1              switch(mode)
  18   1              {
  19   2                      case 0 :
  20   2                              seg[3]=fre/10000;
  21   2                              seg[4]=fre/1000%10;
  22   2                              seg[5]=fre/100%10;
  23   2                              seg[6]=fre/10%10;
  24   2                              seg[7]=fre%10;
  25   2                              break;
  26   2              }
  27   1              
  28   1      }
  29          
  30          void Timer0_Init(void)          //1毫秒@12.000MHz
  31          {
  32   1              AUXR &= 0x7F;                   //定时器时钟12T模式
  33   1              TMOD |= 0x05;                   //设置定时器模式
  34   1              TL0 = 0;                                //设置定时初始值
  35   1              TH0 = 0;                                //设置定时初始值
  36   1              TF0 = 0;                                //清除TF0标志
  37   1              TR0 = 1;                                //定时器0开始计时
  38   1              ET0=1;
  39   1      }
  40          void Timer1_Init(void)          //1毫秒@12.000MHz
  41          {
  42   1              AUXR &= 0xBF;                   //定时器时钟12T模式
  43   1              TMOD &= 0x0F;                   //设置定时器模式
  44   1              TL1 = 0x18;                             //设置定时初始值
  45   1              TH1 = 0xFC;                             //设置定时初始值
  46   1              TF1 = 0;                                //清除TF1标志
  47   1              TR1 = 1;                                //定时器1开始计时
  48   1              ET1=1;
  49   1              EA=1;
  50   1      }
  51          
  52          void Timer1_Service() interrupt 3
  53          {
  54   1              if(++segslow==500) segslow=0;
C51 COMPILER V9.60.7.0   MAIN                                                              04/07/2024 20:49:01 PAGE 2   

  55   1              if(++pos==8) pos=0;
  56   1              if(++delay==1000)
  57   1              {
  58   2                      TR0=0;
  59   2                      delay=0;
  60   2                      fre=TH0<<8|TL0;
  61   2                      TH0=TL0=0;
  62   2                      TR0=1;
  63   2              }
  64   1              Seg_Display(pos,seg[pos],pot[pos]);
  65   1      }
  66          
  67          void main()
  68          {
  69   1              Timer1_Init();
  70   1              Timer0_Init();
  71   1              while(1)
  72   1              {
  73   2                      Seg_Pro();
  74   2              
  75   2              }
  76   1      }


MODULE INFORMATION:   STATIC OVERLAYABLE
   CODE SIZE        =    298    ----
   CONSTANT SIZE    =   ----    ----
   XDATA SIZE       =   ----    ----
   PDATA SIZE       =   ----    ----
   DATA SIZE        =     23       1
   IDATA SIZE       =   ----    ----
   BIT SIZE         =   ----    ----
END OF MODULE INFORMATION.


C51 COMPILATION COMPLETE.  0 WARNING(S),  0 ERROR(S)
