C51 COMPILER V9.60.7.0   MAIN                                                              03/14/2024 23:47:18 PAGE 1   


C51 COMPILER V9.60.7.0, COMPILATION OF MODULE MAIN
OBJECT MODULE PLACED IN .\Objects\main.obj
COMPILER INVOKED BY: D:\Keil5\C51\BIN\C51.EXE main.c OPTIMIZE(8,SPEED) BROWSE DEBUG OBJECTEXTEND PRINT(.\Listings\main.l
                    -st) OBJECT(.\Objects\main.obj)

line level    source

   1          #include <STC15F2K60S2.H>
   2          #include "iic.h"
   3          #include "key.h"
   4          #include "seg.h"
   5          #include "led.h"
   6          typedef unsigned char u8;
   7          typedef unsigned int u16;
   8          
   9          u8 kval,kslow,kdown,kold;
  10          u8 segslow,pos;
  11          u8 seg[8]={10,10,10,10,10,10,10,10};
  12          u8 pot[8]={0,0,0,0,0,0,0,0};
  13          u8 led[8]={0,0,0,0,0,0,0,0};
  14          
  15          void Key_Pro()
  16          {
  17   1              if(kslow) return ;
  18   1              kslow=1;
  19   1              kval=Key_Read();
  20   1              kdown=kval&(kval^kold);
  21   1              kold=kval;
  22   1      }
  23          
  24          void Seg_Pro()
  25          {
  26   1              if(segslow) return ;
  27   1              segslow=1;
  28   1      }
  29          
  30          void Led_Pro()
  31          {
  32   1      
  33   1      }
  34          void Timer0_Init(void)          //1毫秒@12.000MHz
  35          {
  36   1              AUXR &= 0x7F;                   //定时器时钟12T模式
  37   1              TMOD &= 0xF0;                   //设置定时器模式
  38   1              TL0 = 0x18;                             //设置定时初始值
  39   1              TH0 = 0xFC;                             //设置定时初始值
  40   1              TF0 = 0;                                //清除TF0标志
  41   1              TR0 = 1;                                //定时器0开始计时
  42   1              ET0 = 1;                                //使能定时器0中断
  43   1              EA=1;
  44   1      }
  45          
  46          void Timer0_Isr(void) interrupt 1
  47          {
  48   1              if(++kslow==10) kslow=0;
  49   1              if(++segslow==500) segslow=0;
  50   1              if(++pos==8) pos=0;
  51   1              Seg_Display(pos,seg[pos],pot[pos]);
  52   1              Led_Display(pos,led[pos]);
  53   1      }
  54          void sysinit()
C51 COMPILER V9.60.7.0   MAIN                                                              03/14/2024 23:47:18 PAGE 2   

  55          {
  56   1              P0=0xff;
  57   1              P2=P2&0x1f|0x80;
  58   1              P2&=0x1f;
  59   1              P0=0x00;
  60   1              P2=P2&0x1f|0xa0;
  61   1              P2&=0x1f;
  62   1      }
  63          void main()
  64          {
  65   1              sysinit();
  66   1              Timer0_Init();
  67   1              while(1)
  68   1              {
  69   2                      Key_Pro();
  70   2                      Seg_Pro();
  71   2                      Led_Pro();
  72   2              }
  73   1      }


MODULE INFORMATION:   STATIC OVERLAYABLE
   CODE SIZE        =    228    ----
   CONSTANT SIZE    =   ----    ----
   XDATA SIZE       =   ----    ----
   PDATA SIZE       =   ----    ----
   DATA SIZE        =     30    ----
   IDATA SIZE       =   ----    ----
   BIT SIZE         =   ----    ----
END OF MODULE INFORMATION.


C51 COMPILATION COMPLETE.  0 WARNING(S),  0 ERROR(S)
