C51 COMPILER V9.60.7.0   MAIN                                                              02/18/2024 22:25:01 PAGE 1   


C51 COMPILER V9.60.7.0, COMPILATION OF MODULE MAIN
OBJECT MODULE PLACED IN .\Objects\main.obj
COMPILER INVOKED BY: D:\Keil5\C51\BIN\C51.EXE main.c OPTIMIZE(8,SPEED) BROWSE DEBUG OBJECTEXTEND PRINT(.\Listings\main.l
                    -st) OBJECT(.\Objects\main.obj)

line level    source

   1          #include <STC15F2K60S2.H>
   2          #include <INTRINS.H>
   3          
   4          typedef unsigned char u8;
   5          typedef unsigned int u16;
   6          sbit L1=P0^0;
   7          sbit S7=P3^0;
   8          
   9          void Delay(u16 xms)             //@12.000MHz
  10          {
  11   1              while(xms--)
  12   1              {
  13   2                      unsigned char i, j;
  14   2      
  15   2                      i = 2;
  16   2                      j = 239;
  17   2                      do
  18   2                      {
  19   3                              while (--j);
  20   3                      } while (--i);
  21   2              }
  22   1      }
  23          
  24          void InitHC138(u8 n)
  25          {
  26   1              switch(n)
  27   1              {
  28   2                      case 4 : P2=(P2&0x1F)|0x80; break;
  29   2                      case 5 : P2=(P2&0x1F)|0xA0; break;
  30   2                      case 6 : P2=(P2&0x1F)|0xC0; break;
  31   2                      case 7 : P2=(P2&0x1F)|0xE0; break;
  32   2              }
  33   1      }
  34          u8 count=0;
  35          u8 pwm_duty=0;
  36          u8 stat = 0;
  37          
  38          void Timer0_Init(void)          //100微秒@12.000MHz
  39          {
  40   1              AUXR &= 0x7F;                   //定时器时钟12T模式
  41   1              TMOD &= 0xF0;                   //设置定时器模式
  42   1              TMOD |= 0x01;                   //设置定时器模式
  43   1              TL0 = 0xF6;                             //设置定时初始值
  44   1              TH0 = 0xFF;                             //设置定时初始值
  45   1      
  46   1              TF0 = 0;                                //清除TF0标志
  47   1              //TR0 = 1;                              //定时器0开始计时
  48   1              ET0 = 1;                                //使能定时器0中断
  49   1              EA = 1;
  50   1      }
  51          
  52          void Timer0_Isr(void) interrupt 1
  53          {
  54   1              TL0 = 0xF6;                             //设置定时初始值
C51 COMPILER V9.60.7.0   MAIN                                                              02/18/2024 22:25:01 PAGE 2   

  55   1              TH0 = 0xFF;                             //设置定时初始值
  56   1      
  57   1              count++;
  58   1              if(count<=pwm_duty)
  59   1              {
  60   2                      L1=0;
  61   2              }
  62   1              else if(count<=100)
  63   1              {
  64   2                      L1=1;
  65   2              }
  66   1              else if(count==100)
  67   1              {
  68   2                      L1=0;
  69   2                      count=0;
  70   2              }
  71   1      }
  72          void ScanKeys()
  73          {
  74   1              if(S7==0)
  75   1              {
  76   2                      Delay(10);
  77   2                      if(S7==0)
  78   2                      {
  79   3                              switch(stat)
  80   3                              {
  81   4                                      case 0:
  82   4                                              L1=0;
  83   4                                              TR0=1;
  84   4                                              pwm_duty=25;
  85   4                                              stat=1;
  86   4                                      break;
  87   4                                      
  88   4                                      case 1:
  89   4                                              pwm_duty=50;
  90   4                                              stat=2;
  91   4                                      break;
  92   4                                      
  93   4                                      case 2:
  94   4                                              pwm_duty=75;
  95   4                                              stat=3;
  96   4                                      break;
  97   4                                      
  98   4                                      case 3:
  99   4                                              pwm_duty=100;
 100   4                                              stat=4;
 101   4                                      break;
 102   4                                      case 4:
 103   4                                              L1=1;
 104   4                                              TR0=0;
 105   4                                              stat=0;
 106   4                                      break;
 107   4                              }
 108   3                              while(S7==0);
 109   3                      }
 110   2              }
 111   1      }
 112          void main()
 113          {
 114   1              
 115   1              InitHC138(4);
 116   1              L1=1;
C51 COMPILER V9.60.7.0   MAIN                                                              02/18/2024 22:25:01 PAGE 3   

 117   1              Timer0_Init();
 118   1              while(1)
 119   1              {
 120   2                      ScanKeys();
 121   2              }
 122   1      }


MODULE INFORMATION:   STATIC OVERLAYABLE
   CODE SIZE        =    240    ----
   CONSTANT SIZE    =   ----    ----
   XDATA SIZE       =   ----    ----
   PDATA SIZE       =   ----    ----
   DATA SIZE        =      3       2
   IDATA SIZE       =   ----    ----
   BIT SIZE         =   ----    ----
END OF MODULE INFORMATION.


C51 COMPILATION COMPLETE.  0 WARNING(S),  0 ERROR(S)
