C51 COMPILER V9.60.7.0   MAIN                                                              02/18/2024 23:27:00 PAGE 1   


C51 COMPILER V9.60.7.0, COMPILATION OF MODULE MAIN
OBJECT MODULE PLACED IN .\Objects\main.obj
COMPILER INVOKED BY: D:\Keil5\C51\BIN\C51.EXE main.c OPTIMIZE(8,SPEED) BROWSE DEBUG OBJECTEXTEND PRINT(.\Listings\main.l
                    -st) OBJECT(.\Objects\main.obj)

line level    source

   1          #include <STC15F2K60S2.H>
   2          #include <INTRINS.H>
   3          
   4          typedef unsigned char u8;
   5          typedef unsigned int u16;
   6          sbit L1= P0^0;
   7          u8 Tcount, dutyfactor, direct;
   8          void Delay1ms(u16 xms)          //@12.000MHz
   9          {
  10   1              while(xms--)
  11   1              {
  12   2                      unsigned char i, j;
  13   2      
  14   2                      i = 2;
  15   2                      j = 239;
  16   2                      do
  17   2                      {
  18   3                              while (--j);
  19   3                      } while (--i);
  20   2              }
  21   1      }
  22          
  23          
  24          void InitHC138(u8 n)
  25          {
  26   1              switch(n)
  27   1              {
  28   2                      case 4 : P2=(P2&0x1F)|0x80; break;
  29   2                      case 5 : P2=(P2&0x1F)|0xA0; break;
  30   2                      case 6 : P2=(P2&0x1F)|0xC0; break;
  31   2                      case 7 : P2=(P2&0x1F)|0xE0; break;
  32   2              }
  33   1      }
  34          void Timer0_Isr(void) interrupt 1
  35          {
  36   1              TL0 = 0x38;                             //设置定时初始值
  37   1              TH0 = 0xFF;                             //设置定时初始值
  38   1              Tcount++;
  39   1      }
  40          
  41          void Timer0_Init(void)          //200微秒@12.000MHz
  42          {
  43   1              AUXR &= 0x7F;                   //定时器时钟12T模式
  44   1              TMOD &= 0xF0;                   //设置定时器模式
  45   1              TMOD |= 0x01;                   //设置定时器模式
  46   1              TL0 = 0x38;                             //设置定时初始值
  47   1              TH0 = 0xFF;                             //设置定时初始值
  48   1              TF0 = 0;                                //清除TF0标志
  49   1              TR0 = 1;                                //定时器0开始计时
  50   1              ET0 = 1;                                //使能定时器0中断
  51   1              EA = 1;
  52   1      }
  53          
  54          void BreatheLED()
C51 COMPILER V9.60.7.0   MAIN                                                              02/18/2024 23:27:00 PAGE 2   

  55          {
  56   1              if(Tcount>=100)
  57   1              {
  58   2                      Tcount=0;
  59   2                      if(direct==0)
  60   2                      {
  61   3                              dutyfactor++;
  62   3                      }else if(direct==1)
  63   2                      {
  64   3                              dutyfactor--;
  65   3                      }
  66   2              }
  67   1              
  68   1              if(dutyfactor<=0)
  69   1              {
  70   2                      direct=0;
  71   2              }else if(dutyfactor>=100)
  72   1              {
  73   2                      direct=1;
  74   2              }
  75   1              if(Tcount < dutyfactor) {               //周期计数值<占空比
  76   2                      L1 = 0;                                 //当前PWM周期的当前计数周期内灯亮
  77   2              } else {
  78   2                      L1 = 1;                                 //当前PWM周期的当前计数周期内灯灭
  79   2              }
  80   1      
  81   1              
  82   1      }
  83          void main()
  84          {
  85   1              InitHC138(4);
  86   1              L1=1;
  87   1              Timer0_Init();
  88   1              while(1)
  89   1              {
  90   2                      BreatheLED();
  91   2              }
  92   1      }


MODULE INFORMATION:   STATIC OVERLAYABLE
   CODE SIZE        =    184    ----
   CONSTANT SIZE    =   ----    ----
   XDATA SIZE       =   ----    ----
   PDATA SIZE       =   ----    ----
   DATA SIZE        =      3       2
   IDATA SIZE       =   ----    ----
   BIT SIZE         =   ----    ----
END OF MODULE INFORMATION.


C51 COMPILATION COMPLETE.  0 WARNING(S),  0 ERROR(S)
