C51 COMPILER V9.60.7.0   KEY                                                               03/17/2024 21:37:22 PAGE 1   


C51 COMPILER V9.60.7.0, COMPILATION OF MODULE KEY
OBJECT MODULE PLACED IN .\Objects\key.obj
COMPILER INVOKED BY: D:\Keil5\C51\BIN\C51.EXE key.c OPTIMIZE(8,SPEED) BROWSE DEBUG OBJECTEXTEND PRINT(.\Listings\key.lst
                    -) OBJECT(.\Objects\key.obj)

line level    source

   1          #include <STC15F2K60S2.H>
   2          
   3          unsigned char Key_Read()
   4          {
   5   1              unsigned char temp=0;
   6   1              
   7   1      }
*** WARNING C173 IN LINE 7 OF key.c: missing return-expression
*** WARNING C290 IN LINE 7 OF key.c: missing return value


MODULE INFORMATION:   STATIC OVERLAYABLE
   CODE SIZE        =      4    ----
   CONSTANT SIZE    =   ----    ----
   XDATA SIZE       =   ----    ----
   PDATA SIZE       =   ----    ----
   DATA SIZE        =   ----       1
   IDATA SIZE       =   ----    ----
   BIT SIZE         =   ----    ----
END OF MODULE INFORMATION.


C51 COMPILATION COMPLETE.  2 WARNING(S),  0 ERROR(S)
