C51 COMPILER V9.60.7.0   MAIN                                                              02/25/2024 14:58:08 PAGE 1   


C51 COMPILER V9.60.7.0, COMPILATION OF MODULE MAIN
OBJECT MODULE PLACED IN .\Objects\main.obj
COMPILER INVOKED BY: D:\Keil5\C51\BIN\C51.EXE main.c OPTIMIZE(8,SPEED) BROWSE DEBUG OBJECTEXTEND PRINT(.\Listings\main.l
                    -st) OBJECT(.\Objects\main.obj)

line level    source

   1          #include <STC15F2K60S2.H>
   2          
   3          #include "ultrasonic.h"
   4          
   5          typedef unsigned char u8;
   6          typedef unsigned int u16;
   7          sbit TX = P1^0;
   8          sbit RX = P1^1;
   9          u8 code SMG[]={0xc0,0xf9,0xa4,0xb0,0x99,0x92,0x82,0xf8,0x80,0x90,0xbf};
  10          
  11          void Delay(u16 xms)             //@12.000MHz
  12          {
  13   1              while(xms--)
  14   1              {
  15   2                      unsigned char i, j;
  16   2      
  17   2                      i = 12;
  18   2                      j = 169;
  19   2                      do
  20   2                      {
  21   3                              while (--j);
  22   3                      } while (--i);
  23   2              }
  24   1      }
  25          void Delay1(u16 t)
  26          {
  27   1              while(t--);
  28   1      }
  29          void InitHC138(u8 n)
  30          {
  31   1              switch(n)
  32   1              {
  33   2                      case 0 :P2=(P2&0x1F)|0x00; break;
  34   2                      case 4 :P2=(P2&0x1F)|0x80; break;
  35   2                      case 5 :P2=(P2&0x1F)|0xA0; break;
  36   2                      case 6 :P2=(P2&0x1F)|0xC0; break;
  37   2                      case 7 :P2=(P2&0x1F)|0xE0; break;
  38   2              }
  39   1      }
  40          
  41          void ShowSMG(u8 val,u8 pos)
  42          {
  43   1              InitHC138(6);
  44   1              P0=0x01<<pos;
  45   1              InitHC138(7);
  46   1              P0=val;
  47   1              Delay(2);
  48   1              P0=0xFF;
  49   1      }
  50          u16 distance = 0;
  51          void Display()
  52          {
  53   1              ShowSMG(SMG[distance/100],0);
  54   1              ShowSMG(SMG[distance/10%10],1);
C51 COMPILER V9.60.7.0   MAIN                                                              02/25/2024 14:58:08 PAGE 2   

  55   1              ShowSMG(SMG[distance%10],2);
  56   1      }
  57          void DelayDisplay(u8 t)         //@12.000MHz
  58          {
  59   1              while(t--)
  60   1              {
  61   2                      Display();
  62   2              }
  63   1      }
  64          
  65          void main()
  66          {
  67   1              while(1)
  68   1              {
  69   2                      distance = Wave_Read();
  70   2                      DelayDisplay(15);       
  71   2              }
  72   1      }


MODULE INFORMATION:   STATIC OVERLAYABLE
   CODE SIZE        =    256    ----
   CONSTANT SIZE    =     11    ----
   XDATA SIZE       =   ----    ----
   PDATA SIZE       =   ----    ----
   DATA SIZE        =      2       2
   IDATA SIZE       =   ----    ----
   BIT SIZE         =   ----    ----
END OF MODULE INFORMATION.


C51 COMPILATION COMPLETE.  0 WARNING(S),  0 ERROR(S)
