C51 COMPILER V9.60.7.0   ULTRASONIC                                                        02/25/2024 14:45:34 PAGE 1   


C51 COMPILER V9.60.7.0, COMPILATION OF MODULE ULTRASONIC
OBJECT MODULE PLACED IN .\Objects\ultrasonic.obj
COMPILER INVOKED BY: D:\Keil5\C51\BIN\C51.EXE ultrasonic.c OPTIMIZE(8,SPEED) BROWSE DEBUG OBJECTEXTEND PRINT(.\Listings\
                    -ultrasonic.lst) OBJECT(.\Objects\ultrasonic.obj)

line level    source

   1          #include <STC15F2K60S2.H>
   2          #include <INTRINS.H>
   3          sbit TX = P1^0;
   4          sbit RX = P1^1;
   5          
   6          void Delay12us()                //@12.000MHz
   7          {
   8   1              unsigned char i;
   9   1      
  10   1              _nop_();
  11   1              _nop_();
  12   1              i = 33;
  13   1              while (--i);
  14   1      }
  15          
  16          void Wave_Send()
  17          {
  18   1              unsigned char i;
  19   1              for(i=0;i<8;i++)
  20   1              {
  21   2                      TX=1;
  22   2                      Delay12us();
  23   2                      TX=0;
  24   2                      Delay12us();
  25   2              }
  26   1      }
  27          
  28          unsigned int Wave_Read()
  29          {
  30   1              unsigned int time;
  31   1              TMOD&=0x0F;
  32   1              TH1=TL1=0;
  33   1              Wave_Send();
  34   1              TR1=1;
  35   1              while((RX==1)&&(TF1==0));//=1未收到数据，TF=0没有溢出
  36   1              TR1=0;
  37   1              if(TF1==0)
  38   1              {
  39   2                      time=TH1<<8|TL1;
  40   2                      return (time*0.017);
  41   2              }
  42   1              else
  43   1              {
  44   2                      TF1=0;
  45   2                      return 0;
  46   2              }
  47   1              
  48   1      }


MODULE INFORMATION:   STATIC OVERLAYABLE
   CODE SIZE        =     82    ----
   CONSTANT SIZE    =   ----    ----
   XDATA SIZE       =   ----    ----
C51 COMPILER V9.60.7.0   ULTRASONIC                                                        02/25/2024 14:45:34 PAGE 2   

   PDATA SIZE       =   ----    ----
   DATA SIZE        =   ----    ----
   IDATA SIZE       =   ----    ----
   BIT SIZE         =   ----    ----
END OF MODULE INFORMATION.


C51 COMPILATION COMPLETE.  0 WARNING(S),  0 ERROR(S)
