C51 COMPILER V9.60.7.0   MAIN                                                              04/08/2024 23:26:22 PAGE 1   


C51 COMPILER V9.60.7.0, COMPILATION OF MODULE MAIN
OBJECT MODULE PLACED IN .\Objects\main.obj
COMPILER INVOKED BY: D:\Keil5\C51\BIN\C51.EXE main.c OPTIMIZE(8,SPEED) BROWSE DEBUG OBJECTEXTEND PRINT(.\Listings\main.l
                    -st) OBJECT(.\Objects\main.obj)

line level    source

   1          #include <STC15F2K60S2.H>
   2          #include "iic.h"
   3          #include "led.h"
   4          #include "key.h"
   5          #include "seg.h"
   6          #include "uart.h"
   7          #include <STRING.H>
   8          #include <STDIO.H>
   9          #include <STDLIB.H>
  10          typedef unsigned char u8;
  11          typedef unsigned int u16;
  12          
  13          u8 kslow,kval,kold,kdown;
  14          u8 segslow,pos;
  15          u8 uslow;
  16          u8 seg[8]={10,10,10,10,10,10,10,10};
  17          u8 pot[8]={0,0,0,0,0,0,0,0};
  18          u8 led[8]={0,0,0,0,0,0,0,0};
  19          u8 mode;
  20          u8 recv[8];
  21          u8 recvindex;
  22          u8 send[14];
  23          float v;
  24          u8 tempv=65;
  25          u16 delay;
  26          bit flag=0;
  27          void Key_Pro()
  28          {
  29   1              if(kslow) return ;
  30   1              kslow=1;
  31   1              kval=Key_Read();
  32   1              kdown=kval&(kval^kold);
  33   1              kold=kval;
  34   1              switch(kdown)
  35   1              {
  36   2                      case 12:
  37   2                              if(++mode==2) mode=0;
  38   2                              break;
  39   2                      case 16:
  40   2                              if(mode==1)
  41   2                              {
  42   3                                      tempv+=5;
  43   3                                      if(tempv>90)
  44   3                                              tempv=90;
  45   3                              }
  46   2                              break;
  47   2                      case 17:
  48   2                              if(mode==1)
  49   2                              {
  50   3                                      tempv-=5;
  51   3                                      if(tempv>200)
  52   3                                              tempv=0;
  53   3                              }
  54   2                              break;
C51 COMPILER V9.60.7.0   MAIN                                                              04/08/2024 23:26:22 PAGE 2   

  55   2              }
  56   1      }
  57          
  58          void Seg_Pro()
  59          {
  60   1              if(segslow) return ;
  61   1              segslow=1;
  62   1              v=AD_Read(0x43)/51.0;
  63   1              v=18.0*v;
  64   1              switch(mode)
  65   1              {
  66   2                      case 0:
  67   2                              seg[0]=11;
  68   2                              seg[1]=1;
  69   2                              seg[5]=(u8)v/10==0?10:(u8)v/10;
  70   2                              seg[6]=(u8)v%10;
  71   2                              seg[7]=(u16)(v*10)%10;
  72   2                              pot[6]=1;
  73   2                              break;
  74   2                      case 1:
  75   2                              seg[0]=11;
  76   2                              seg[1]=2;
  77   2                              seg[5]=10;
  78   2                              seg[6]=tempv/10==0?10:tempv/10;
  79   2                              seg[7]=tempv%10;
  80   2                              pot[6]=0;
  81   2                              break;
  82   2              }
  83   1      }
  84          
  85          void Led_Pro()
  86          {
  87   1              led[0]=(mode==0);
  88   1              led[1]=(mode==1);
  89   1              if(v>tempv) 
  90   1                      flag=1;
  91   1              else
  92   1              {
  93   2                      flag=0;
  94   2                      delay=0;
  95   2                      led[7]=0;
  96   2              }
  97   1              if(delay==100)
  98   1              {
  99   2                      delay=0;
 100   2                      led[7]=~led[7];
 101   2              }
 102   1              
 103   1              
 104   1      }
 105          
 106          void Uart_Pro()
 107          {
 108   1              if(mode==0&&strcmp(recv,"Return")==0&&recvindex)
 109   1              {
 110   2                      sprintf(send,"Noises:%.1fdB",v);
 111   2                      SendString(send);
 112   2                      recvindex=0;
 113   2                      memset(recv,0,8*sizeof(u8));
 114   2              }
 115   1      }
 116          void Timer0_Init(void)          //1毫秒@12.000MHz
C51 COMPILER V9.60.7.0   MAIN                                                              04/08/2024 23:26:22 PAGE 3   

 117          {
 118   1              AUXR &= 0x7F;                   //定时器时钟12T模式
 119   1              TMOD &= 0xF0;                   //设置定时器模式
 120   1              TL0 = 0x18;                             //设置定时初始值
 121   1              TH0 = 0xFC;                             //设置定时初始值
 122   1              TF0 = 0;                                //清除TF0标志
 123   1              TR0 = 1;                                //定时器0开始计时
 124   1              ET0=1;
 125   1              EA=1;
 126   1      }
 127          
 128          void Timer0_Service() interrupt 1
 129          {
 130   1              if(++kslow==10) kslow=0;
 131   1              if(++segslow==500) segslow=0;
 132   1              if(++pos==8) pos=0;
 133   1              if(flag) ++delay;
 134   1              Seg_Display(pos,seg[pos],pot[pos]);
 135   1              Led_Display(pos,led[pos]);
 136   1      }
 137          void Uart_Server() interrupt 4
 138          {
 139   1              
 140   1                      if(RI==1)
 141   1                      {
 142   2                              if(mode==0)
 143   2                              {
 144   3                                      recv[recvindex]=SBUF;
 145   3                                      recvindex++;
 146   3                              }
 147   2                              RI=0;
 148   2                      }
 149   1              
 150   1      }
 151          void sysinit()
 152          {
 153   1              P0=0xff;
 154   1              P2=P2&0x1f|0x80;
 155   1              P2=P2&0x1f;
 156   1              P0=0x00;
 157   1              P2=P2&0x1f|0xa0;
 158   1              P2=P2&0x1f;
 159   1      }
 160          void main()
 161          {
 162   1              AD_Read(0x43);
 163   1              sysinit();
 164   1              
 165   1              Timer0_Init();
 166   1              UartInit();
 167   1              while(1)
 168   1              {
 169   2                      Key_Pro();
 170   2                      Seg_Pro();
 171   2                      Led_Pro();
 172   2                      Uart_Pro();
 173   2              }
 174   1      }


MODULE INFORMATION:   STATIC OVERLAYABLE
   CODE SIZE        =    677    ----
C51 COMPILER V9.60.7.0   MAIN                                                              04/08/2024 23:26:22 PAGE 4   

   CONSTANT SIZE    =     21    ----
   XDATA SIZE       =   ----    ----
   PDATA SIZE       =   ----    ----
   DATA SIZE        =     62    ----
   IDATA SIZE       =   ----    ----
   BIT SIZE         =      1    ----
END OF MODULE INFORMATION.


C51 COMPILATION COMPLETE.  0 WARNING(S),  0 ERROR(S)
