C51 COMPILER V9.60.7.0   LED                                                               03/07/2024 20:11:47 PAGE 1   


C51 COMPILER V9.60.7.0, COMPILATION OF MODULE LED
OBJECT MODULE PLACED IN .\Objects\led.obj
COMPILER INVOKED BY: D:\Keil5\C51\BIN\C51.EXE led.c OPTIMIZE(8,SPEED) BROWSE DEBUG OBJECTEXTEND PRINT(.\Listings\led.lst
                    -) OBJECT(.\Objects\led.obj)

line level    source

   1          #include <STC15F2K60S2.H>
   2          static unsigned char a=0x00;
   3          static unsigned char b=0xff;
   4          void Led_Display(unsigned i,ena)
   5          {
   6   1              static unsigned char j=0x00;
   7   1              static unsigned char k=0xff;
   8   1              if(ena)
   9   1                      j|=(0x01<<i);
  10   1              else
  11   1                      j&=~(0x01<<i);
  12   1              if(j!=k)
  13   1              {
  14   2                      P0=~j;
  15   2                      P2=P2&0x1f|0x80;
  16   2                      P2=P2&0x1f;
  17   2                      k=j;
  18   2              }
  19   1      }
  20          
  21          void Beep(unsigned char ena)
  22          {
  23   1              if(ena)
  24   1                      a|=0x40;
  25   1              else
  26   1                      a&=~0x40;
  27   1              if(a!=b)
  28   1              {
  29   2                      P0=a;
  30   2                      P2=P2&0x1f|0xa0;
  31   2                      P2=P2&0x1f;
  32   2                      b=a;
  33   2              }
  34   1      }
  35          
  36          void Realy(unsigned char ena)
  37          {
  38   1              if(ena)
  39   1                      a|=0x10;
  40   1              else
  41   1                      a&=~0x10;
  42   1              if(a!=b)
  43   1              {
  44   2                      P0=a;
  45   2                      P2=P2&0x1f|0xa0;
  46   2                      P2=P2&0x1f;
  47   2                      b=a;
  48   2              }
  49   1              
  50   1      }


MODULE INFORMATION:   STATIC OVERLAYABLE
   CODE SIZE        =    129    ----
C51 COMPILER V9.60.7.0   LED                                                               03/07/2024 20:11:47 PAGE 2   

   CONSTANT SIZE    =   ----    ----
   XDATA SIZE       =   ----    ----
   PDATA SIZE       =   ----    ----
   DATA SIZE        =      4    ----
   IDATA SIZE       =   ----    ----
   BIT SIZE         =   ----    ----
END OF MODULE INFORMATION.


C51 COMPILATION COMPLETE.  0 WARNING(S),  0 ERROR(S)
