C51 COMPILER V9.60.7.0   MAIN                                                              03/07/2024 20:11:46 PAGE 1   


C51 COMPILER V9.60.7.0, COMPILATION OF MODULE MAIN
OBJECT MODULE PLACED IN .\Objects\main.obj
COMPILER INVOKED BY: D:\Keil5\C51\BIN\C51.EXE main.c OPTIMIZE(8,SPEED) BROWSE DEBUG OBJECTEXTEND PRINT(.\Listings\main.l
                    -st) OBJECT(.\Objects\main.obj)

line level    source

   1          #include <STC15F2K60S2.H>
   2          #include "iic.h"
   3          #include "ultrasound.h"
   4          #include "led.h"
   5          #include "key.h"
   6          #include "seg.h"
   7          typedef unsigned char u8;
   8          typedef unsigned int u16;
   9          
  10          u8 kval,kdown,kold,kslow;
  11          u8 pos;
  12          u8 segslow;
  13          u8 seg[8]={10,10,10,10,10,10,10,10};
  14          u8 led[8]={0,0,0,0,0,0,0,0};
  15          u8 pot[8]={0,0,0,0,0,0,0,0};
  16          u8 dis,disc;
  17          u8 mode;
  18          u8 lowd=10,highd=60;
  19          u8 pmode=0;
  20          u8 cnt=0;
  21          u8 v;
  22          bit hflag=0,lflag=0,ledflag=0;
  23          u8 ledcnt;
  24          void Key_Pro()
  25          {
  26   1              if(kslow) return ;
  27   1              kslow=1;
  28   1              kval=Key_Read();
  29   1              kdown=kval&(kval^kold);
  30   1              kold=kval;
  31   1              if(pmode==0)
  32   1                      hflag=lflag=0;
  33   1              switch(kdown)
  34   1              {
  35   2                      case 4:
  36   2                              if(++mode==3) mode=0;
  37   2                              break;
  38   2                      case 5:
  39   2                              if(mode==1)
  40   2                                      if(++pmode==2) pmode=0;
  41   2                              if(mode==2)
  42   2                                      cnt=0;
  43   2                              break;
  44   2                      case 9:
  45   2                              if(mode==1&&pmode==0)
  46   2                              {
  47   3                                      highd+=10;
  48   3                                      if(highd==100) highd=50;
  49   3                              }
  50   2                              if(mode==1&&pmode==1) 
  51   2                              {
  52   3                                      hflag=1;
  53   3                                      lflag=0;
  54   3                              }
C51 COMPILER V9.60.7.0   MAIN                                                              03/07/2024 20:11:46 PAGE 2   

  55   2                              break;
  56   2                      case 8:
  57   2                              if(mode==1&&pmode==0)
  58   2                              {
  59   3                                      lowd+=10;
  60   3                                      if(lowd==50) lowd=0;
  61   3                              }
  62   2                              if(mode==1&&pmode==1) 
  63   2                              {
  64   3                                      lflag=1;
  65   3                                      hflag=0;
  66   3                              }
  67   2                              break;
  68   2              }
  69   1      }
  70          void Seg_Pro()
  71          {
  72   1              if(segslow) return;
  73   1              segslow=1;
  74   1              dis=Ut_Wave_Data();
  75   1              v=Ad_Read(0x03);
  76   1              if(dis>=lowd&&dis<=highd)
  77   1              {
  78   2                      ledflag=0;
  79   2                      ledcnt=0;
  80   2                      led[7]=1;
  81   2              }
  82   1              if((dis>highd||dis<lowd)&&ledflag==0)
  83   1              {       
  84   2                      led[7]=0;
  85   2                      cnt++;
  86   2                      ledflag=1;
  87   2              }
  88   1              if(hflag)
  89   1              {
  90   2                      if(v<51)
  91   2                              highd=50;
  92   2                      else if(v>=51&&v<102)
  93   2                              highd=60;
  94   2                      else if(v>=102&&v<153)
  95   2                              highd=70;
  96   2                      else if(v>=153&&v<204)
  97   2                              highd=80;
  98   2                      else
  99   2                              highd=90;
 100   2              }
 101   1              if(lflag)
 102   1              {
 103   2                      if(v<51)
 104   2                              lowd=0;
 105   2                      else if(v>=51&&v<102)
 106   2                              lowd=10;
 107   2                      else if(v>=102&&v<153)
 108   2                              lowd=20;
 109   2                      else if(v>=153&&v<204)
 110   2                              lowd=30;
 111   2                      else
 112   2                              lowd=40;
 113   2              }
 114   1              switch(mode)
 115   1              {
 116   2                      case 0:
C51 COMPILER V9.60.7.0   MAIN                                                              03/07/2024 20:11:46 PAGE 3   

 117   2                              seg[0]=12;
 118   2                              seg[1]=10;
 119   2                              seg[3]=10;
 120   2                              seg[4]=10;
 121   2                              seg[5]=dis/100==0?10:dis/100;
 122   2                              seg[6]=dis/10%10==0&&dis/100==0?10:dis/10%10;
 123   2                              seg[7]=dis%10;
 124   2                              break;
 125   2                      case 1:
 126   2                              seg[0]=13;
 127   2                              seg[1]=pmode+1;
 128   2                              seg[3]=lowd/10;
 129   2                              seg[4]=lowd%10;
 130   2                              seg[5]=11;
 131   2                              seg[6]=highd/10;
 132   2                              seg[7]=highd%10;
 133   2                              break;
 134   2                      case 2 :
 135   2                              seg[0]=14;
 136   2                              seg[1]=10;
 137   2                              seg[3]=10;
 138   2                              seg[4]=10;
 139   2                              seg[5]=10;
 140   2                              seg[6]=10;
 141   2                              if(cnt<=9)
 142   2                                      seg[7]=cnt;
 143   2                              else
 144   2                                      seg[7]=11;
 145   2                              break;
 146   2              }
 147   1              
 148   1      }
 149          void Led_Pro()
 150          {
 151   1              led[0]=(mode==0);
 152   1              led[1]=(mode==1);
 153   1              led[2]=(mode==2);
 154   1      }
 155          void Timer0_Init(void)          //1毫秒@12.000MHz
 156          {
 157   1              AUXR &= 0x7F;                   //定时器时钟12T模式
 158   1              TMOD &= 0xF0;                   //设置定时器模式
 159   1              TL0 = 0x18;                             //设置定时初始值
 160   1              TH0 = 0xFC;                             //设置定时初始值
 161   1              TF0 = 0;                                //清除TF0标志
 162   1              TR0 = 1;                                //定时器0开始计时
 163   1              ET0=1;
 164   1              EA=1;
 165   1      }
 166          void Timer0_Service() interrupt 1
 167          {
 168   1              if(++kslow==10) kslow=0;
 169   1              if(++segslow==500) segslow=0;
 170   1              if(++pos==8) pos=0;
 171   1              Seg_Display(pos,seg[pos],pot[pos]);
 172   1              Led_Display(pos,led[pos]);
 173   1              if(ledflag)
 174   1              {
 175   2                      if(++ledcnt==100)
 176   2                      {
 177   3                              led[7]=~led[7];
 178   3                              ledcnt=0;
C51 COMPILER V9.60.7.0   MAIN                                                              03/07/2024 20:11:46 PAGE 4   

 179   3                      }
 180   2              }
 181   1      }
 182          void sysinit()
 183          {
 184   1              P0=0xff;
 185   1              P2=P2&0x1f|0x80;
 186   1              P2=P2&0x1f;
 187   1              
 188   1              P0=0x00;
 189   1              P2=P2&0x1f|0xa0;
 190   1              P2=P2&0x1f;
 191   1      }
 192          void main()
 193          {
 194   1              sysinit();
 195   1              Timer0_Init();
 196   1          while(1)
 197   1          {
 198   2              Key_Pro();
 199   2                      Seg_Pro();
 200   2                      Led_Pro();
 201   2          }
 202   1      }


MODULE INFORMATION:   STATIC OVERLAYABLE
   CODE SIZE        =    778    ----
   CONSTANT SIZE    =   ----    ----
   XDATA SIZE       =   ----    ----
   PDATA SIZE       =   ----    ----
   DATA SIZE        =     39    ----
   IDATA SIZE       =   ----    ----
   BIT SIZE         =      3    ----
END OF MODULE INFORMATION.


C51 COMPILATION COMPLETE.  0 WARNING(S),  0 ERROR(S)
