C51 COMPILER V9.60.7.0   MAIN                                                              05/31/2024 23:46:11 PAGE 1   


C51 COMPILER V9.60.7.0, COMPILATION OF MODULE MAIN
OBJECT MODULE PLACED IN .\Objects\main.obj
COMPILER INVOKED BY: D:\Keil5\C51\BIN\C51.EXE main.c OPTIMIZE(8,SPEED) BROWSE DEBUG OBJECTEXTEND PRINT(.\Listings\main.l
                    -st) OBJECT(.\Objects\main.obj)

line level    source

   1          #include <STC15F2K60S2.H>
   2          #include "onewire.h"
   3          #include "iic.h"
   4          #include "seg.h"
   5          #include "led.h"
   6          #include "key.h"
   7          
   8          typedef unsigned char u8;
   9          typedef unsigned int u16;
  10          
  11          u8 kval,kdown,kslow,kold,kup;
  12          u8 pos,segslow;
  13          u8 seg[8]={10,10,10,10,10,10,10,10};
  14          u8 led[8]={0,0,0,0,0,0,0,0};
  15          u8 pot[8]={0,0,0,0,0,0,0,0};
  16          u16 fre=0,fredelay=0;
  17          void Key_Pro()
  18          {
  19   1              if(kslow) return ;
  20   1              kslow=1;
  21   1              kval=Key_Read();
  22   1              kdown=kval&(kval^kold);
  23   1              kup=~kval&(kval^kold);
  24   1              
  25   1      }
  26          
  27          void Seg_Pro()
  28          {
  29   1              u8 i;
  30   1              u16 j;
  31   1              if(segslow) return ;
  32   1              segslow=1;
  33   1              i=7,j=fre;
  34   1              while(j!=0)
  35   1              {
  36   2                      seg[i]=j%10;
  37   2                      j/=10;
  38   2                      i--;
  39   2              }
  40   1      }
  41          
  42          void Led_Pro()
  43          {
  44   1              
  45   1      }
  46          void Timer0_Init(void)          //1毫秒@12.000MHz
  47          {
  48   1              AUXR &= 0x7F;                   //定时器时钟12T模式
  49   1              TMOD |= 0x05;                   //设置定时器模式
  50   1              TL0 = 0;                                //设置定时初始值
  51   1              TH0 = 0;                                //设置定时初始值
  52   1              TF0 = 0;                                //清除TF0标志
  53   1              TR0 = 1;                                //定时器0开始计时
  54   1              ET0=1;
C51 COMPILER V9.60.7.0   MAIN                                                              05/31/2024 23:46:11 PAGE 2   

  55   1      }
  56          
  57          void Timer1_Init(void)          //1毫秒@12.000MHz
  58          {
  59   1              AUXR &= 0xBF;                   //定时器时钟12T模式
  60   1              TMOD &= 0x0F;                   //设置定时器模式
  61   1              TL1 = 0x18;                             //设置定时初始值
  62   1              TH1 = 0xFC;                             //设置定时初始值
  63   1              TF1 = 0;                                //清除TF1标志
  64   1              TR1 = 1;                                //定时器1开始计时
  65   1              ET1=1;
  66   1              EA=1;
  67   1      }
  68          // IE2|0x04
  69          void Timer1_Service() interrupt 3
  70          {
  71   1              if(++kslow==10) kslow=0;
  72   1              if(++segslow==200) segslow=0;
  73   1              if(++pos==8) pos=0;
  74   1              Seg_Display(pos,seg[pos],pot[pos]);
  75   1              Led_Display(pos,led[pos]);
  76   1              if(++fredelay==1000)
  77   1              {
  78   2                      TR0=0;
  79   2                      fre=TH0<<8|TL0;
  80   2                      fredelay=0;
  81   2                      TH0=TL0=0;
  82   2                      TR0=1;
  83   2              }
  84   1      }
  85          void sysinit()
  86          {
  87   1              P0=0xff;
  88   1              P2=P2&0x1f|0x80;
  89   1              P0=0x00;
  90   1              P2=P2&0x1f|0xa0;
  91   1              P2=P2&0x1f;
  92   1      }
  93          
  94          void main()
  95          {
  96   1              sysinit();
  97   1              Timer1_Init();
  98   1              Timer0_Init();
  99   1              while(1)
 100   1              {
 101   2                      Key_Pro();
 102   2                      Seg_Pro();
 103   2                      Led_Pro();
 104   2              }
 105   1      }


MODULE INFORMATION:   STATIC OVERLAYABLE
   CODE SIZE        =    337    ----
   CONSTANT SIZE    =   ----    ----
   XDATA SIZE       =   ----    ----
   PDATA SIZE       =   ----    ----
   DATA SIZE        =     35       2
   IDATA SIZE       =   ----    ----
   BIT SIZE         =   ----    ----
END OF MODULE INFORMATION.

C51 COMPILER V9.60.7.0   MAIN                                                              05/31/2024 23:46:11 PAGE 3   


C51 COMPILATION COMPLETE.  0 WARNING(S),  0 ERROR(S)
