C51 COMPILER V9.60.7.0   ULTRASOUND                                                        05/31/2024 23:46:11 PAGE 1   


C51 COMPILER V9.60.7.0, COMPILATION OF MODULE ULTRASOUND
OBJECT MODULE PLACED IN .\Objects\ultrasound.obj
COMPILER INVOKED BY: D:\Keil5\C51\BIN\C51.EXE ultrasound.c OPTIMIZE(8,SPEED) BROWSE DEBUG OBJECTEXTEND PRINT(.\Listings\
                    -ultrasound.lst) OBJECT(.\Objects\ultrasound.obj)

line level    source

   1          #include <STC15F2K60S2.H>
   2          #include <INTRINS.H>
   3          
   4          sbit tx=P1^0;
   5          sbit rx=P1^1;
   6          
   7          void Delay12us()                //@12.000MHz
   8          {
   9   1              unsigned char i;
  10   1      
  11   1              _nop_();
  12   1              _nop_();
  13   1              i = 38;
  14   1              while (--i);
  15   1      }
  16          
  17          void Wave_Init()
  18          {
  19   1              unsigned char i;
  20   1              for(i=0;i<8;i++)
  21   1              {
  22   2                      tx=1;
  23   2                      Delay12us();
  24   2                      tx=0;
  25   2                      Delay12us();
  26   2              }
  27   1      }


MODULE INFORMATION:   STATIC OVERLAYABLE
   CODE SIZE        =     24    ----
   CONSTANT SIZE    =   ----    ----
   XDATA SIZE       =   ----    ----
   PDATA SIZE       =   ----    ----
   DATA SIZE        =   ----    ----
   IDATA SIZE       =   ----    ----
   BIT SIZE         =   ----    ----
END OF MODULE INFORMATION.


C51 COMPILATION COMPLETE.  0 WARNING(S),  0 ERROR(S)
