C51 COMPILER V9.60.7.0   IIC                                                               04/12/2024 21:33:38 PAGE 1   


C51 COMPILER V9.60.7.0, COMPILATION OF MODULE IIC
OBJECT MODULE PLACED IN .\Objects\iic.obj
COMPILER INVOKED BY: D:\Keil5\C51\BIN\C51.EXE iic.c OPTIMIZE(8,SPEED) BROWSE DEBUG OBJECTEXTEND PRINT(.\Listings\iic.lst
                    -) OBJECT(.\Objects\iic.obj)

line level    source

   1          /*      #   I2C代码片段说明
   2                  1.      本文件夹中提供的驱动代码供参赛选手完成程序设计参考。
   3                  2.      参赛选手可以自行编写相关代码或以该代码为基础，根据所选单片机类型、
             -行速度和试题
   4                          中对单片机时钟频率的要求，进行代码调试和修改。
   5          */
   6          #include <STC15F2K60S2.H>
   7          #include <INTRINS.H>
   8          sbit sda=P2^1;
   9          sbit scl=P2^0;
  10          #define DELAY_TIME      5
  11          
  12          //
  13          static void I2C_Delay(unsigned char n)
  14          {
  15   1          do
  16   1          {
  17   2              _nop_();_nop_();_nop_();_nop_();_nop_();
  18   2              _nop_();_nop_();_nop_();_nop_();_nop_();
  19   2              _nop_();_nop_();_nop_();_nop_();_nop_();                
  20   2          }
  21   1          while(n--);         
  22   1      }
  23          
  24          //
  25          void I2CStart(void)
  26          {
  27   1          sda = 1;
  28   1          scl = 1;
  29   1              I2C_Delay(DELAY_TIME);
  30   1          sda = 0;
  31   1              I2C_Delay(DELAY_TIME);
  32   1          scl = 0;    
  33   1      }
  34          
  35          //
  36          void I2CStop(void)
  37          {
  38   1          sda = 0;
  39   1          scl = 1;
  40   1              I2C_Delay(DELAY_TIME);
  41   1          sda = 1;
  42   1              I2C_Delay(DELAY_TIME);
  43   1      }
  44          
  45          //
  46          void I2CSendByte(unsigned char byt)
  47          {
  48   1          unsigned char i;
  49   1              
  50   1          for(i=0; i<8; i++){
  51   2              scl = 0;
  52   2                      I2C_Delay(DELAY_TIME);
  53   2              if(byt & 0x80){
C51 COMPILER V9.60.7.0   IIC                                                               04/12/2024 21:33:38 PAGE 2   

  54   3                  sda = 1;
  55   3              }
  56   2              else{
  57   3                  sda = 0;
  58   3              }
  59   2                      I2C_Delay(DELAY_TIME);
  60   2              scl = 1;
  61   2              byt <<= 1;
  62   2                      I2C_Delay(DELAY_TIME);
  63   2          }
  64   1              
  65   1          scl = 0;  
  66   1      }
  67          
  68          //
  69          unsigned char I2CReceiveByte(void)
  70          {
  71   1              unsigned char da;
  72   1              unsigned char i;
  73   1              for(i=0;i<8;i++){   
  74   2                      scl = 1;
  75   2                      I2C_Delay(DELAY_TIME);
  76   2                      da <<= 1;
  77   2                      if(sda) 
  78   2                              da |= 0x01;
  79   2                      scl = 0;
  80   2                      I2C_Delay(DELAY_TIME);
  81   2              }
  82   1              return da;    
  83   1      }
  84          
  85          //
  86          unsigned char I2CWaitAck(void)
  87          {
  88   1              unsigned char ackbit;
  89   1              
  90   1          scl = 1;
  91   1              I2C_Delay(DELAY_TIME);
  92   1          ackbit = sda; 
  93   1          scl = 0;
  94   1              I2C_Delay(DELAY_TIME);
  95   1              
  96   1              return ackbit;
  97   1      }
  98          
  99          //
 100          void I2CSendAck(unsigned char ackbit)
 101          {
 102   1          scl = 0;
 103   1          sda = ackbit; 
 104   1              I2C_Delay(DELAY_TIME);
 105   1          scl = 1;
 106   1              I2C_Delay(DELAY_TIME);
 107   1          scl = 0; 
 108   1              sda = 1;
 109   1              I2C_Delay(DELAY_TIME);
 110   1      }
 111          
 112          unsigned char AD_Read(unsigned char addr)
 113          {
 114   1              unsigned char temp=0;
 115   1              I2CStart();
C51 COMPILER V9.60.7.0   IIC                                                               04/12/2024 21:33:38 PAGE 3   

 116   1              I2CSendByte(0x90);
 117   1              I2CWaitAck();
 118   1              I2CSendByte(addr);
 119   1              I2CWaitAck();
 120   1              
 121   1              I2CStart();
 122   1              I2CSendByte(0x91);
 123   1              I2CWaitAck();
 124   1              temp=I2CReceiveByte();
 125   1              I2CSendAck(1);
 126   1              I2CStop();
 127   1              return temp;
 128   1      }
 129          void DA_Write(unsigned char dat)
 130          {
 131   1              I2CStart();
 132   1              I2CSendByte(0x90);
 133   1              I2CWaitAck();
 134   1              I2CSendByte(0x40);
 135   1              I2CWaitAck();
 136   1              I2CSendByte(dat);
 137   1              I2CWaitAck();
 138   1              I2CStop();
 139   1      }
 140          
 141          void EEPROM_Write(unsigned char *str,unsigned char addr,unsigned char num)
 142          {
 143   1              I2CStart();
 144   1              I2CSendByte(0xa0);
 145   1              I2CWaitAck();
 146   1              I2CSendByte(addr);
 147   1              I2CWaitAck();
 148   1              while(num--)
 149   1              {
 150   2                      I2CSendByte(*str++);
 151   2                      I2CWaitAck();
 152   2                      I2C_Delay(20);
 153   2              }
 154   1              I2CStop();
 155   1      }
 156          
 157          void EEPROM_Read(unsigned char *str,unsigned char addr,unsigned char num)
 158          {
 159   1              I2CStart();
 160   1              I2CSendByte(0xa0);
 161   1              I2CWaitAck();
 162   1              I2CSendByte(addr);
 163   1              I2CWaitAck();
 164   1              I2CStart();
 165   1              I2CSendByte(0xa1);
 166   1              I2CWaitAck();
 167   1              while(num--)
 168   1              {
 169   2                      *str++=I2CReceiveByte();
 170   2                      if(num) I2CSendAck(0);
 171   2                      else I2CSendAck(1);
 172   2              }
 173   1              I2CStop();
 174   1      }


MODULE INFORMATION:   STATIC OVERLAYABLE
C51 COMPILER V9.60.7.0   IIC                                                               04/12/2024 21:33:38 PAGE 4   

   CODE SIZE        =    362    ----
   CONSTANT SIZE    =   ----    ----
   XDATA SIZE       =   ----    ----
   PDATA SIZE       =   ----    ----
   DATA SIZE        =   ----      10
   IDATA SIZE       =   ----    ----
   BIT SIZE         =   ----    ----
END OF MODULE INFORMATION.


C51 COMPILATION COMPLETE.  0 WARNING(S),  0 ERROR(S)
