C51 COMPILER V9.60.7.0   LED                                                               04/12/2024 21:33:38 PAGE 1   


C51 COMPILER V9.60.7.0, COMPILATION OF MODULE LED
OBJECT MODULE PLACED IN .\Objects\led.obj
COMPILER INVOKED BY: D:\Keil5\C51\BIN\C51.EXE led.c OPTIMIZE(8,SPEED) BROWSE DEBUG OBJECTEXTEND PRINT(.\Listings\led.lst
                    -) OBJECT(.\Objects\led.obj)

line level    source

   1          #include <STC15F2K60S2.H>
   2          
   3          void Led_Display(unsigned char i,ena)
   4          {
   5   1          static unsigned char j=0x00;
   6   1          static unsigned char k=0xff;
   7   1      
   8   1          if(ena)
   9   1              j|=(0x01<<i);
  10   1          else
  11   1              j&=~(0x01<<i);
  12   1          if(j!=k)
  13   1          {
  14   2              P0=~j;
  15   2              P2=P2&0x1f|0x80;
  16   2              P2=P2&0x1f;
  17   2              k=j;
  18   2          }
  19   1      }
  20          
  21          void Beep(unsigned char ena)
  22          {
  23   1          static unsigned char a=0x00;
  24   1          static unsigned char b=0xff;
  25   1          if(ena)
  26   1              a|=0x40;
  27   1          else
  28   1              a&=~0x40;
  29   1          if(a!=b)
  30   1          {
  31   2              P0=a;
  32   2              P2=P2&0x1f|0xa0;
  33   2              P2=P2&0x1f;
  34   2              b=a;
  35   2          }
  36   1      }
  37          
  38          void Relay(unsigned char ena)
  39          {
  40   1          static unsigned char a=0x00;
  41   1          static unsigned char b=0xff;
  42   1          if(ena)
  43   1              a|=0x10;
  44   1          else
  45   1              a&=~0x10;
  46   1          if(a!=b)
  47   1          {
  48   2              P0=a;
  49   2              P2=P2&0x1f|0xa0;
  50   2              P2=P2&0x1f;
  51   2              b=a;
  52   2          }
  53   1      }

C51 COMPILER V9.60.7.0   LED                                                               04/12/2024 21:33:38 PAGE 2   


MODULE INFORMATION:   STATIC OVERLAYABLE
   CODE SIZE        =    129    ----
   CONSTANT SIZE    =   ----    ----
   XDATA SIZE       =   ----    ----
   PDATA SIZE       =   ----    ----
   DATA SIZE        =      6    ----
   IDATA SIZE       =   ----    ----
   BIT SIZE         =   ----    ----
END OF MODULE INFORMATION.


C51 COMPILATION COMPLETE.  0 WARNING(S),  0 ERROR(S)
