C51 COMPILER V9.60.7.0   MAIN                                                              04/12/2024 21:33:38 PAGE 1   


C51 COMPILER V9.60.7.0, COMPILATION OF MODULE MAIN
OBJECT MODULE PLACED IN .\Objects\main.obj
COMPILER INVOKED BY: D:\Keil5\C51\BIN\C51.EXE main.c OPTIMIZE(8,SPEED) BROWSE DEBUG OBJECTEXTEND PRINT(.\Listings\main.l
                    -st) OBJECT(.\Objects\main.obj)

line level    source

   1          #include <STC15F2K60S2.H>
   2          #include "iic.h"
   3          #include "ultrasound.h"
   4          #include "key.h"
   5          #include "seg.h"
   6          #include "led.h"
   7          
   8          typedef unsigned char u8;
   9          typedef unsigned int u16;
  10          
  11          u16 fredelay,fre;
  12          u8 kslow,kval,kdown,kold;
  13          u8 segslow,pos;
  14          u8 seg[8]={10,10,10,10,10,10,10,10};
  15          u8 pot[8]={0,0,0,0,0,0,0,0};
  16          u8 led[8]={0,0,0,0,0,0,0,0};
  17          u8 mode,tmode;
  18          u16 dis;
  19          u8  rh;
  20          float tempf=9.0;
  21          u8 temprh=40;
  22          float tempdis=0.6;
  23          bit khz=0;
  24          bit meter=0;
  25          u8 ledflag=0;
  26          u8 leddelay;
  27          float rb2;
  28          u8 cnt;
  29          u16 delay;
  30          bit cntflag;
  31          bit flag=0;
  32          void Key_Pro()
  33          {
  34   1              if(kslow) return ;
  35   1              kslow=1;
  36   1              kval=Key_Read();
  37   1              kdown=kval&(kval^kold);
  38   1              kold=kval;
  39   1              switch(kdown)
  40   1              {
  41   2                      case 4:
  42   2                              if(++mode==4) mode=0;
  43   2                              break;
  44   2                      case 5:
  45   2                              if(mode==3)
  46   2                              {
  47   3                                      if(++tmode==3) tmode=0;
  48   3                              }
  49   2                              break;
  50   2                      case 6:
  51   2                              if(mode==2) meter^=1;
  52   2                              if(mode==3)
  53   2                              {
  54   3                                      if(tmode==0)
C51 COMPILER V9.60.7.0   MAIN                                                              04/12/2024 21:33:38 PAGE 2   

  55   3                                      {
  56   4                                              tempf+=0.5;
  57   4                                              if(tempf>12.0) tempf=1.0;
  58   4                                      }
  59   3                                      else if(tmode==1)
  60   3                                      {
  61   4                                              temprh+=10;
  62   4                                              if(temprh>60) temprh=10;
  63   4                                      }
  64   3                                      else if(tmode==2)
  65   3                                      {
  66   4                                              tempdis+=0.1;
  67   4                                              if(tempdis>1.2) tempdis=0.1;
  68   4                                      }
  69   3                              }
  70   2                              break;
  71   2                      case 7:
  72   2                              if(mode==0) khz^=1;
  73   2                              if(mode==1)
  74   2                              {
  75   3                                      cntflag=1;
  76   3                                      delay=0;
  77   3                              }
  78   2                              if(mode==3)
  79   2                              {
  80   3                                      if(tmode==0)
  81   3                                      {
  82   4                                              tempf-=0.5;
  83   4                                              if(tempf<1.0) tempf=12.0;
  84   4                                      }
  85   3                                      else if(tmode==1)
  86   3                                      {
  87   4                                              temprh-=10;
  88   4                                              if(temprh<10) temprh=60;
  89   4                                      }
  90   3                                      else if(tmode==2)
  91   3                                      {
  92   4                                              tempdis-=0.1;
  93   4                                              if(tempdis<0.1) tempdis=1.2;
  94   4                                      }
  95   3                              }
  96   2                              break;
  97   2              }
  98   1      
  99   1      }
 100          
 101          void Seg_Pro()
 102          {
 103   1              u8 i;
 104   1              u16 temp1;
 105   1              float temp2;
 106   1              if(segslow) return ;
 107   1              segslow=1;
 108   1              dis=Wave_Data();
 109   1              rb2=AD_Read(0x43)/51.0;
 110   1              switch(mode)
 111   1              {
 112   2                      case 0:
 113   2                              seg[0]=11;
 114   2                              seg[1]=10;
 115   2                              pot[5]=0;
 116   2                              pot[6]=0;
C51 COMPILER V9.60.7.0   MAIN                                                              04/12/2024 21:33:38 PAGE 3   

 117   2                              if(!khz)
 118   2                              {
 119   3                                      temp1=fre;
 120   3                                      for(i=7;i>=3;i--)
 121   3                                      {
 122   4                                              if(temp1)
 123   4                                                      seg[i]=temp1%10;
 124   4                                              else
 125   4                                                      seg[i]=10;
 126   4                                              temp1/=10;
 127   4                                      }
 128   3                              }
 129   2                              else
 130   2                              {
 131   3                                      temp1=fre;
 132   3                                      temp2=temp1/1000.0;
 133   3                                      seg[3]=10;
 134   3                                      seg[4]=10;
 135   3                                      seg[5]=(u8)temp2/10==0?10:(u8)temp2/10;
 136   3                                      seg[6]=(u8)temp2%10;
 137   3                                      pot[6]=1;
 138   3                                      seg[7]=(u16)(temp2*10)%10;
 139   3                              }
 140   2                              break;
 141   2                      case 1:
 142   2                              rh=rb2*20.0;
 143   2                              if(rh>99) rh=99;
 144   2                              seg[0]=12;
 145   2                              seg[1]=10;
 146   2                              seg[3]=10;
 147   2                              seg[4]=10;
 148   2                              seg[5]=10;
 149   2                              seg[6]=rh/10;
 150   2                              seg[7]=rh%10;
 151   2                              pot[5]=0;
 152   2                              pot[6]=0;
 153   2                              break;
 154   2                      case 2:
 155   2                              seg[0]=13;
 156   2                              seg[1]=10;
 157   2                              seg[3]=10;
 158   2                              seg[4]=10;
 159   2                              pot[5]=0;
 160   2                              pot[6]=0;
 161   2                              if(!meter)
 162   2                              {
 163   3                                      temp1=dis;
 164   3                                      for(i=7;i>=5;i--)
 165   3                                      {
 166   4                                              if(temp1)
 167   4                                                      seg[i]=temp1%10;
 168   4                                              else
 169   4                                                      seg[i]=10;
 170   4                                              temp1/=10;
 171   4                                      }
 172   3                              }
 173   2                              else
 174   2                              {
 175   3                                      temp1=dis;
 176   3                                      temp2=temp1/100.0;
 177   3                                      seg[5]=(u8)temp2;
 178   3                                      pot[5]=1;
C51 COMPILER V9.60.7.0   MAIN                                                              04/12/2024 21:33:38 PAGE 4   

 179   3                                      seg[6]=(u8)(temp2*10)%10;
 180   3                                      seg[7]=(u16)(temp2*100)%10;
 181   3                              }
 182   2                              break;
 183   2                      case 3:
 184   2                              seg[0]=14;
 185   2                              pot[5]=0;
 186   2                              pot[6]=0;
 187   2                              switch(tmode)
 188   2                              {
 189   3                                      case 0:
 190   3                                              seg[1]=1;
 191   3                                              seg[5]=(u8)tempf/10==0?10:(u8)tempf/10;
 192   3                                              seg[6]=(u8)tempf%10;
 193   3                                              pot[6]=1;
 194   3                                              seg[7]=(u8)(tempf*10)%10;
 195   3                                              break;
 196   3                                      case 1:
 197   3                                              seg[1]=2;
 198   3                                              seg[5]=10;
 199   3                                              seg[6]=temprh/10;
 200   3                                              seg[7]=temprh%10;
 201   3                                              break;
 202   3                                      case 2:
 203   3                                              seg[1]=3;
 204   3                                              seg[6]=(u8)tempdis;
 205   3                                              pot[6]=1;
 206   3                                              seg[7]=(u8)(tempdis*10)%10;
 207   3                                              break;
 208   3                              }
 209   2                              break;
 210   2                      /*case 4:
 211   2                              seg[0]=10;
 212   2                              seg[1]=10;
 213   2                              pot[6]=0;
 214   2                              seg[6]=cnt/10;
 215   2                              seg[7]=cnt%10;
 216   2                              break;*/
 217   2              }
 218   1      }
 219          void Led_Pro()
 220          {
 221   1              led[0]=mode==0?ledflag:0;
 222   1              led[1]=mode==1?ledflag:0;
 223   1              led[2]=mode==2?ledflag:0;
 224   1              led[3]=fre>(tempf*1000);
 225   1              led[4]=rh>temprh;
 226   1              led[5]=dis>(tempdis*100);
 227   1              if(dis>(tempdis*100))
 228   1              {
 229   2                      if(!flag)
 230   2                      {
 231   3                              flag=1;
 232   3                              cnt++;
 233   3                              EEPROM_Write(&cnt,0,1);
 234   3                      }
 235   2                      Relay(1);
 236   2                      
 237   2              }
 238   1              else
 239   1              {
 240   2                      Relay(0);
C51 COMPILER V9.60.7.0   MAIN                                                              04/12/2024 21:33:38 PAGE 5   

 241   2                      flag=0;
 242   2              }
 243   1      }
 244          // NE555的TL、TH要初始化为0
 245          void Timer0_Init(void)          //1毫秒@12.000MHz
 246          {
 247   1              AUXR &= 0x7F;                   //定时器时钟12T模式
 248   1              TMOD |= 0x05;                   //设置定时器模式
 249   1              TL0 = 0;                                //设置定时初始值
 250   1              TH0 = 0;                                //设置定时初始值
 251   1              TF0 = 0;                                //清除TF0标志
 252   1              TR0 = 1;                                //定时器0开始计时
 253   1              ET0 = 1;                                //使能定时器0中断
 254   1      }
 255          
 256          
 257          void Timer2_Init(void)          //1毫秒@12.000MHz
 258          {
 259   1              AUXR &= 0xFB;                   //定时器时钟12T模式
 260   1              T2L = 0x18;                             //设置定时初始值
 261   1              T2H = 0xFC;                             //设置定时初始值
 262   1              AUXR |= 0x10;                   //定时器2开始计时
 263   1              IE2 |= 0x04;                    //使能定时器2中断
 264   1              EA=1;
 265   1      }
 266          void Timer2_Isr(void) interrupt 12
 267          {
 268   1              if(++kslow==10) kslow=0;
 269   1              if(++segslow==500) segslow=0;
 270   1              if(++pos==8) pos=0;
 271   1              
 272   1              Seg_Display(pos,seg[pos],pot[pos]);
 273   1              Led_Display(pos,led[pos]);
 274   1              if(++fredelay==1000)
 275   1              {
 276   2                      TR0=0;
 277   2                      fre=TH0<<8|TL0;
 278   2                      fredelay=0;
 279   2                      TL0=TH0=0;
 280   2                      TR0=1;
 281   2              }
 282   1              if(++leddelay==100) 
 283   1              {
 284   2                      leddelay=0;
 285   2                      ledflag^=1;
 286   2              }
 287   1              if(cntflag)
 288   1              {
 289   2                      if(++delay==1000)
 290   2                      {
 291   3                              cntflag=0;
 292   3                              cnt=0;
 293   3                              EEPROM_Write(&cnt,0,1);
 294   3                      }
 295   2              }
 296   1      }
 297          
 298          void sysinit()
 299          {
 300   1              P0=0xff;
 301   1              P2=P2&0x1f|0x80;
 302   1              P2=P2&0x1f;
C51 COMPILER V9.60.7.0   MAIN                                                              04/12/2024 21:33:38 PAGE 6   

 303   1              P0=0x00;
 304   1              P2=P2&0x1f|0xa0;
 305   1              P2=P2&0x1f;
 306   1      }
 307          void main()
 308          {
 309   1              sysinit();
 310   1              //EEPROM_Read(&cnt,0,1);
 311   1              AD_Read(0x43);
 312   1              Timer2_Init();
 313   1              Timer0_Init();
 314   1              while(1)
 315   1              {
 316   2                      Key_Pro();
 317   2                      Seg_Pro();
 318   2                      Led_Pro();
 319   2              }
 320   1      }


MODULE INFORMATION:   STATIC OVERLAYABLE
   CODE SIZE        =   1680    ----
   CONSTANT SIZE    =   ----    ----
   XDATA SIZE       =   ----    ----
   PDATA SIZE       =   ----    ----
   DATA SIZE        =     57       7
   IDATA SIZE       =   ----    ----
   BIT SIZE         =      4    ----
END OF MODULE INFORMATION.


C51 COMPILATION COMPLETE.  0 WARNING(S),  0 ERROR(S)
