C51 COMPILER V9.60.7.0   MAIN                                                              02/18/2024 13:26:55 PAGE 1   


C51 COMPILER V9.60.7.0, COMPILATION OF MODULE MAIN
OBJECT MODULE PLACED IN .\Objects\main.obj
COMPILER INVOKED BY: D:\Keil5\C51\BIN\C51.EXE main.c OPTIMIZE(8,SPEED) BROWSE DEBUG OBJECTEXTEND PRINT(.\Listings\main.l
                    -st) OBJECT(.\Objects\main.obj)

line level    source

   1          #include <STC15F2K60S2.H>
   2          #include <INTRINS.H>
   3          
   4          typedef unsigned char u8;
   5          typedef unsigned int u16;
   6          sbit S7 = P3^0;
   7          sbit S6 = P3^1;
   8          sbit S5 = P3^2;
   9          sbit S4 = P3^3;
  10          sbit L1 = P0^0;
  11          sbit L2 = P0^1;
  12          sbit L3 = P0^2;
  13          sbit L4 = P0^3 ;
  14          sbit L5 = P0^4 ;
  15          sbit L6 = P0^5 ;
  16          
  17          
  18          void InitHC138(u8 n)
  19          {
  20   1              switch(n)
  21   1              {
  22   2                      case 4: P2 = (P2&0x1F)|0x80; break;
  23   2                      case 5: P2 = (P2&0x1F)|0xA0; break;
  24   2                      case 6: P2 = (P2&0x1F)|0xC0; break;
  25   2                      case 7: P2 = (P2&0x1F)|0xE0; break;
  26   2              }
  27   1      }
  28          void Delay(u16 xms)             //@12.000MHz
  29          {
  30   1              while(xms--)
  31   1              {
  32   2                      unsigned char i, j;
  33   2      
  34   2                      i = 2;
  35   2                      j = 239;
  36   2                      do
  37   2                      {
  38   3                              while (--j);
  39   3                      } while (--i);
  40   2              }
  41   1      }
  42          u8 stat_k=0;
  43          void ScanKeys_Alone() //按键扫描
  44          {
  45   1              
  46   1              if(S7==0)
  47   1              {
  48   2                      //Delay(5); //消抖
  49   2                      if(S7==0)
  50   2                      {
  51   3                              if(stat_k==0)
  52   3                              {
  53   4                                      L1=0;
  54   4                                      stat_k=1;
C51 COMPILER V9.60.7.0   MAIN                                                              02/18/2024 13:26:55 PAGE 2   

  55   4                              }
  56   3                              else if(stat_k==1)
  57   3                              {
  58   4                                      L1=1;
  59   4                                      stat_k=0;
  60   4                              }
  61   3                      }
  62   2                      while(S7==0);
  63   2              }
  64   1              if(S6==0)
  65   1              {
  66   2                      Delay(5); //消抖
  67   2                      if(S6==0)
  68   2                      {
  69   3                              if(stat_k==0)
  70   3                              {
  71   4                                      L2=0;
  72   4                                      stat_k=2;
  73   4                              }
  74   3                              else if(stat_k==2)
  75   3                              {
  76   4                                      L2=1;
  77   4                                      stat_k=0;
  78   4                              }
  79   3                      }
  80   2                      while(S6==0);
  81   2              }
  82   1              if(S5==0)
  83   1              {
  84   2                      Delay(5); //消抖
  85   2                      if(S5==0)
  86   2                      {
  87   3                              if(stat_k==1)
  88   3                              {
  89   4                                      while(S5==0)
  90   4                                              L3=0;
  91   4                                      L3=1;
  92   4                              }
  93   3                              else if(stat_k==2)
  94   3                              {
  95   4                                      while(S5==0)
  96   4                                              L5=0;
  97   4                                      L5=1;
  98   4                              }
  99   3                      }
 100   2              }
 101   1              if(S4==0)
 102   1              {
 103   2                      Delay(5); //消抖
 104   2                      if(S4==0)
 105   2                      {
 106   3                              if(stat_k==1)
 107   3                              {
 108   4                                      while(S4==0)
 109   4                                              L4=0;
 110   4                                      L4=1;
 111   4                              }
 112   3                              else if(stat_k==2)
 113   3                              {
 114   4                                      while(S4==0)
 115   4                                              L6=0;
 116   4                                      L6=1;
C51 COMPILER V9.60.7.0   MAIN                                                              02/18/2024 13:26:55 PAGE 3   

 117   4                              }
 118   3                      }
 119   2              }
 120   1              
 121   1      }
 122          void main()
 123          {
 124   1              InitHC138(4);
 125   1              P0=0xff;
 126   1              while(1)
 127   1              {
 128   2                      
 129   2                      ScanKeys_Alone();
 130   2              }
 131   1      }


MODULE INFORMATION:   STATIC OVERLAYABLE
   CODE SIZE        =    234    ----
   CONSTANT SIZE    =   ----    ----
   XDATA SIZE       =   ----    ----
   PDATA SIZE       =   ----    ----
   DATA SIZE        =      1       2
   IDATA SIZE       =   ----    ----
   BIT SIZE         =   ----    ----
END OF MODULE INFORMATION.


C51 COMPILATION COMPLETE.  0 WARNING(S),  0 ERROR(S)
