C51 COMPILER V9.60.7.0   MAIN                                                              02/18/2024 17:15:35 PAGE 1   


C51 COMPILER V9.60.7.0, COMPILATION OF MODULE MAIN
OBJECT MODULE PLACED IN .\Objects\main.obj
COMPILER INVOKED BY: D:\Keil5\C51\BIN\C51.EXE main.c OPTIMIZE(8,SPEED) BROWSE DEBUG OBJECTEXTEND PRINT(.\Listings\main.l
                    -st) OBJECT(.\Objects\main.obj)

line level    source

   1          #include <STC15F2K60S2.H>
   2          #include <INTRINS.H>
   3          
   4          typedef unsigned char u8;
   5          typedef unsigned int u16;
   6          sbit L1 =P0^0;
   7          sbit L8 =P0^7;
   8          void InitHC138(u8 n)
   9          {
  10   1              switch(n)
  11   1              {
  12   2                      case 4 : P2=(P2&0x1F)|0x80; break;
  13   2                      case 5 : P2=(P2&0x1F)|0xA0; break;
  14   2                      case 6 : P2=(P2&0x1F)|0xC0; break;
  15   2                      case 7 : P2=(P2&0x1F)|0xE0; break;
  16   2              }
  17   1      }
  18          void InitTimer0()
  19          {
  20   1              TMOD &= 0x0F;
  21   1              TMOD |= 0x01;
  22   1              TH0 = (65535-50000) / 256;
  23   1              TL0 = (65535-50000) % 256;
  24   1              ET0 =1; //T0定时器中断打开
  25   1              EA =1 ; //总中断打开
  26   1              TR0 = 1;//T0定时器开始计时
  27   1              
  28   1      }
  29          u8 count =0;
  30          u8 count1 =0;
  31          void ServiceTimer0() interrupt 1
  32          {
  33   1              TH0 = (65535-50000) / 256;
  34   1              TL0 = (65535-50000) % 256;
  35   1              count++;
  36   1              count1++;
  37   1              if(count==10)
  38   1              {
  39   2                      L1=~L1;//每0.5s取反一次，而不是直接复制0 1
  40   2                      count=0;
  41   2              }
  42   1              if(count1==100)
  43   1              {
  44   2                      L8=~L8;
  45   2                      count1=0;
  46   2              }
  47   1                      
  48   1      }
  49          void main()
  50          {
  51   1              InitHC138(4);
  52   1              InitTimer0();
  53   1              while(1)
  54   1              {
C51 COMPILER V9.60.7.0   MAIN                                                              02/18/2024 17:15:35 PAGE 2   

  55   2                      
  56   2              }
  57   1      }


MODULE INFORMATION:   STATIC OVERLAYABLE
   CODE SIZE        =    119    ----
   CONSTANT SIZE    =   ----    ----
   XDATA SIZE       =   ----    ----
   PDATA SIZE       =   ----    ----
   DATA SIZE        =      2    ----
   IDATA SIZE       =   ----    ----
   BIT SIZE         =   ----    ----
END OF MODULE INFORMATION.


C51 COMPILATION COMPLETE.  0 WARNING(S),  0 ERROR(S)
