C51 COMPILER V9.60.7.0   SEG                                                               02/26/2024 19:27:06 PAGE 1   


C51 COMPILER V9.60.7.0, COMPILATION OF MODULE SEG
OBJECT MODULE PLACED IN .\Objects\Seg.obj
COMPILER INVOKED BY: D:\Keil5\C51\BIN\C51.EXE Seg.c OPTIMIZE(8,SPEED) BROWSE DEBUG OBJECTEXTEND PRINT(.\Listings\Seg.lst
                    -) OBJECT(.\Objects\Seg.obj)

line level    source

   1          #include <STC15F2K60S2.H>
   2          unsigned char code SMG[]={0xc0,0xf9,0xa4,0xb0,0x99,0x92,0x82,0xf8,0x80,0x90,0xff,0xbf,0x8e,0xc8,0xc1};
   3          unsigned char code wei[]={0x01,0x02,0x04,0x08,0x10,0x20,0x40,0x80};
   4          
   5          void Seg_Display(unsigned char i,j,k)
   6          {
   7   1              P0=0xFF;
   8   1              P2=(P2&0x1F)|0xE0;
   9   1              P2=P2&0x1F;
  10   1              
  11   1              P0=wei[i];
  12   1              P2=(P2&0x1F)|0xC0;
  13   1              P2=P2&0x1F;
  14   1              
  15   1              P0=SMG[j];
  16   1              if(k)
  17   1                      P0&=0x7F;
  18   1              P2=P2&0x1F|0xE0;
  19   1              P2=P2&0x1F;
  20   1      }


MODULE INFORMATION:   STATIC OVERLAYABLE
   CODE SIZE        =     65    ----
   CONSTANT SIZE    =     23    ----
   XDATA SIZE       =   ----    ----
   PDATA SIZE       =   ----    ----
   DATA SIZE        =   ----    ----
   IDATA SIZE       =   ----    ----
   BIT SIZE         =   ----    ----
END OF MODULE INFORMATION.


C51 COMPILATION COMPLETE.  0 WARNING(S),  0 ERROR(S)
