C51 COMPILER V9.60.7.0   MAIN                                                              02/18/2024 14:31:04 PAGE 1   


C51 COMPILER V9.60.7.0, COMPILATION OF MODULE MAIN
OBJECT MODULE PLACED IN .\Objects\main.obj
COMPILER INVOKED BY: D:\Keil5\C51\BIN\C51.EXE main.c OPTIMIZE(8,SPEED) BROWSE DEBUG OBJECTEXTEND PRINT(.\Listings\main.l
                    -st) OBJECT(.\Objects\main.obj)

line level    source

   1          #include <STC15F2K60S2.H>
   2          #include <INTRINS.H>
   3          
   4          typedef unsigned char u8;
   5          typedef unsigned int u16;
   6          
   7          sbit R1 = P3^0;
   8          sbit R2 = P3^1;
   9          sbit R3 = P3^2;
  10          sbit R4 = P3^3;
  11          
  12          sbit C1 = P4^4;
  13          sbit C2 = P4^2;
  14          sbit C3 = P3^5;
  15          sbit C4 = P3^4;
  16          
  17          u8 code SMG[]={0xc0, 0xf9, 0xa4, 0xb0, 0x99, 0x92, 0x82, 0xf8, 0x80, 0x90, 0x88, 0x80, 0xc6, 0xc0, 0x86, 0
             -x8e,0xc2};
  18          
  19          void Delay(u16 xms)             //@11.0592MHz
  20          {
  21   1              while(xms--)
  22   1              {
  23   2                      unsigned char i, j;
  24   2      
  25   2                      _nop_();
  26   2                      i = 2;
  27   2                      j = 199;
  28   2                      do
  29   2                      {
  30   3                              while (--j);
  31   3                      } while (--i);
  32   2              }
  33   1      }
  34          void InitHC138(u8 n)
  35          {
  36   1              switch(n)
  37   1              {
  38   2                      case 4 : P2=(P2&0x1F)|0x80; break;
  39   2                      case 5 : P2=(P2&0x1F)|0xA0; break;
  40   2                      case 6 : P2=(P2&0x1F)|0xC0; break;
  41   2                      case 7 : P2=(P2&0x1F)|0xE0; break;
  42   2              }
  43   1      }
  44          void DispalySMG(u8 value,u8 loc)
  45          {
  46   1              P0=0xFF;
  47   1              InitHC138(6); // 位选
  48   1              P0=(0x01)<<loc;
  49   1              InitHC138(7); // 段选
  50   1              P0=SMG[value];
  51   1              Delay(1); //消影
  52   1              P0=0xFF;
  53   1      }
C51 COMPILER V9.60.7.0   MAIN                                                              02/18/2024 14:31:04 PAGE 2   

  54          u8 KeyNum = 0;
  55          void ScanKeysMulti()
  56          {
  57   1              C1 = C2 = C3 =C4=1;
  58   1              
  59   1              P3=0xFF;
  60   1              R1=0;
  61   1              if(C1==0){Delay(10);while(C1==0);Delay(10);KeyNum=1;}
  62   1              if(C2==0){Delay(10);while(C2==0);Delay(10);KeyNum=2;}
  63   1              if(C3==0){Delay(10);while(C3==0);Delay(10);KeyNum=3;}
  64   1              if(C4==0){Delay(10);while(C4==0);Delay(10);KeyNum=4;}
  65   1              
  66   1              P3=0xFF;
  67   1              R2=0;
  68   1              if(C1==0){Delay(10);while(C1==0);Delay(10);KeyNum=5;}
  69   1              if(C2==0){Delay(10);while(C2==0);Delay(10);KeyNum=6;}
  70   1              if(C3==0){Delay(10);while(C3==0);Delay(10);KeyNum=7;}
  71   1              if(C4==0){Delay(10);while(C4==0);Delay(10);KeyNum=8;}
  72   1              
  73   1              P3=0xFF;
  74   1              R3=0;
  75   1              if(C1==0){Delay(10);while(C1==0);Delay(10);KeyNum=9;}
  76   1              if(C2==0){Delay(10);while(C2==0);Delay(10);KeyNum=10;}
  77   1              if(C3==0){Delay(10);while(C3==0);Delay(10);KeyNum=11;}
  78   1              if(C4==0){Delay(10);while(C4==0);Delay(10);KeyNum=12;}
  79   1              
  80   1              P3=0xFF;
  81   1              R4=0;
  82   1              if(C1==0){Delay(10);while(C1==0);Delay(10);KeyNum=13;}
  83   1              if(C2==0){Delay(10);while(C2==0);Delay(10);KeyNum=14;}
  84   1              if(C3==0){Delay(10);while(C3==0);Delay(10);KeyNum=15;}
  85   1              if(C4==0){Delay(10);while(C4==0);Delay(10);KeyNum=16;}
  86   1              
  87   1      }
  88          void main()
  89          {
  90   1              InitHC138(4);
  91   1              P0=0xFF;
  92   1               while(1)
  93   1               {
  94   2                       ScanKeysMulti();
  95   2                       DispalySMG(KeyNum,0);
  96   2               }
  97   1      }


MODULE INFORMATION:   STATIC OVERLAYABLE
   CODE SIZE        =    418    ----
   CONSTANT SIZE    =     17    ----
   XDATA SIZE       =   ----    ----
   PDATA SIZE       =   ----    ----
   DATA SIZE        =      1       2
   IDATA SIZE       =   ----    ----
   BIT SIZE         =   ----    ----
END OF MODULE INFORMATION.


C51 COMPILATION COMPLETE.  0 WARNING(S),  0 ERROR(S)
